{"/Users/nedyalkov/Projects/Personal/react-simple-maps/examples/basic-map/src/App.tsx": {"path":"/Users/nedyalkov/Projects/Personal/react-simple-maps/examples/basic-map/src/App.tsx","all":true,"statementMap":{"1":{"start":{"line":2,"column":0},"end":{"line":2,"column":73}},"5":{"start":{"line":6,"column":0},"end":{"line":6,"column":99}},"7":{"start":{"line":8,"column":0},"end":{"line":8,"column":29}},"8":{"start":{"line":9,"column":0},"end":{"line":9,"column":76}},"9":{"start":{"line":10,"column":0},"end":{"line":10,"column":71}},"10":{"start":{"line":11,"column":0},"end":{"line":11,"column":3}},"12":{"start":{"line":13,"column":0},"end":{"line":13,"column":10}},"13":{"start":{"line":14,"column":0},"end":{"line":14,"column":31}},"14":{"start":{"line":15,"column":0},"end":{"line":15,"column":30}},"15":{"start":{"line":16,"column":0},"end":{"line":16,"column":32}},"16":{"start":{"line":17,"column":0},"end":{"line":17,"column":71}},"17":{"start":{"line":18,"column":0},"end":{"line":18,"column":12}},"19":{"start":{"line":20,"column":0},"end":{"line":20,"column":37}},"20":{"start":{"line":21,"column":0},"end":{"line":21,"column":22}},"21":{"start":{"line":22,"column":0},"end":{"line":22,"column":36}},"22":{"start":{"line":23,"column":0},"end":{"line":23,"column":29}},"23":{"start":{"line":24,"column":0},"end":{"line":24,"column":23}},"24":{"start":{"line":25,"column":0},"end":{"line":25,"column":27}},"25":{"start":{"line":26,"column":0},"end":{"line":26,"column":12}},"26":{"start":{"line":27,"column":0},"end":{"line":27,"column":21}},"27":{"start":{"line":28,"column":0},"end":{"line":28,"column":22}},"29":{"start":{"line":30,"column":0},"end":{"line":30,"column":42}},"30":{"start":{"line":31,"column":0},"end":{"line":31,"column":33}},"31":{"start":{"line":32,"column":0},"end":{"line":32,"column":40}},"32":{"start":{"line":33,"column":0},"end":{"line":33,"column":26}},"33":{"start":{"line":34,"column":0},"end":{"line":34,"column":34}},"34":{"start":{"line":35,"column":0},"end":{"line":35,"column":33}},"35":{"start":{"line":36,"column":0},"end":{"line":36,"column":59}},"36":{"start":{"line":37,"column":0},"end":{"line":37,"column":26}},"37":{"start":{"line":38,"column":0},"end":{"line":38,"column":30}},"38":{"start":{"line":39,"column":0},"end":{"line":39,"column":38}},"39":{"start":{"line":40,"column":0},"end":{"line":40,"column":38}},"40":{"start":{"line":41,"column":0},"end":{"line":41,"column":22}},"41":{"start":{"line":42,"column":0},"end":{"line":42,"column":28}},"42":{"start":{"line":43,"column":0},"end":{"line":43,"column":35}},"43":{"start":{"line":44,"column":0},"end":{"line":44,"column":38}},"44":{"start":{"line":45,"column":0},"end":{"line":45,"column":40}},"45":{"start":{"line":46,"column":0},"end":{"line":46,"column":22}},"46":{"start":{"line":47,"column":0},"end":{"line":47,"column":30}},"47":{"start":{"line":48,"column":0},"end":{"line":48,"column":35}},"48":{"start":{"line":49,"column":0},"end":{"line":49,"column":38}},"49":{"start":{"line":50,"column":0},"end":{"line":50,"column":22}},"50":{"start":{"line":51,"column":0},"end":{"line":51,"column":20}},"51":{"start":{"line":52,"column":0},"end":{"line":52,"column":18}},"52":{"start":{"line":53,"column":0},"end":{"line":53,"column":16}},"54":{"start":{"line":55,"column":0},"end":{"line":55,"column":24}},"55":{"start":{"line":56,"column":0},"end":{"line":56,"column":24}},"56":{"start":{"line":57,"column":0},"end":{"line":57,"column":12}},"58":{"start":{"line":59,"column":0},"end":{"line":59,"column":28}},"59":{"start":{"line":60,"column":0},"end":{"line":60,"column":36}},"60":{"start":{"line":61,"column":0},"end":{"line":61,"column":11}},"64":{"start":{"line":65,"column":0},"end":{"line":65,"column":12}},"65":{"start":{"line":66,"column":0},"end":{"line":66,"column":12}},"66":{"start":{"line":67,"column":0},"end":{"line":67,"column":10}},"68":{"start":{"line":69,"column":0},"end":{"line":69,"column":1}},"70":{"start":{"line":71,"column":0},"end":{"line":71,"column":18}}},"s":{"1":0,"5":0,"7":0,"8":0,"9":0,"10":0,"12":0,"13":0,"14":0,"15":0,"16":0,"17":0,"19":0,"20":0,"21":0,"22":0,"23":0,"24":0,"25":0,"26":0,"27":0,"29":0,"30":0,"31":0,"32":0,"33":0,"34":0,"35":0,"36":0,"37":0,"38":0,"39":0,"40":0,"41":0,"42":0,"43":0,"44":0,"45":0,"46":0,"47":0,"48":0,"49":0,"50":0,"51":0,"52":0,"54":0,"55":0,"56":0,"58":0,"59":0,"60":0,"64":0,"65":0,"66":0,"68":0,"70":0},"branchMap":{"0":{"type":"branch","line":1,"loc":{"start":{"line":1,"column":2178},"end":{"line":71,"column":18}},"locations":[{"start":{"line":1,"column":2178},"end":{"line":71,"column":18}}]}},"b":{"0":[1]},"fnMap":{"0":{"name":"(empty-report)","decl":{"start":{"line":1,"column":2178},"end":{"line":71,"column":18}},"loc":{"start":{"line":1,"column":2178},"end":{"line":71,"column":18}},"line":1}},"f":{"0":1}}
,"/Users/nedyalkov/Projects/Personal/react-simple-maps/examples/basic-map/src/main.tsx": {"path":"/Users/nedyalkov/Projects/Personal/react-simple-maps/examples/basic-map/src/main.tsx","all":true,"statementMap":{"0":{"start":{"line":1,"column":0},"end":{"line":1,"column":25}},"1":{"start":{"line":2,"column":0},"end":{"line":2,"column":39}},"2":{"start":{"line":3,"column":0},"end":{"line":3,"column":23}},"3":{"start":{"line":4,"column":0},"end":{"line":4,"column":20}},"5":{"start":{"line":6,"column":0},"end":{"line":6,"column":66}},"7":{"start":{"line":8,"column":0},"end":{"line":8,"column":12}},"8":{"start":{"line":9,"column":0},"end":{"line":9,"column":20}},"9":{"start":{"line":10,"column":0},"end":{"line":10,"column":11}},"10":{"start":{"line":11,"column":0},"end":{"line":11,"column":21}},"11":{"start":{"line":12,"column":0},"end":{"line":12,"column":1}}},"s":{"0":0,"1":0,"2":0,"3":0,"5":0,"7":0,"8":0,"9":0,"10":0,"11":0},"branchMap":{"0":{"type":"branch","line":1,"loc":{"start":{"line":1,"column":218},"end":{"line":12,"column":-183}},"locations":[{"start":{"line":1,"column":218},"end":{"line":12,"column":-183}}]}},"b":{"0":[0]},"fnMap":{"0":{"name":"(empty-report)","decl":{"start":{"line":1,"column":218},"end":{"line":12,"column":-183}},"loc":{"start":{"line":1,"column":218},"end":{"line":12,"column":-183}},"line":1}},"f":{"0":0}}
,"/Users/nedyalkov/Projects/Personal/react-simple-maps/examples/interactive-map/src/App.tsx": {"path":"/Users/nedyalkov/Projects/Personal/react-simple-maps/examples/interactive-map/src/App.tsx","all":true,"statementMap":{"0":{"start":{"line":1,"column":0},"end":{"line":1,"column":39}},"1":{"start":{"line":2,"column":0},"end":{"line":2,"column":8}},"2":{"start":{"line":3,"column":0},"end":{"line":3,"column":16}},"3":{"start":{"line":4,"column":0},"end":{"line":4,"column":14}},"4":{"start":{"line":5,"column":0},"end":{"line":5,"column":12}},"5":{"start":{"line":6,"column":0},"end":{"line":6,"column":16}},"6":{"start":{"line":7,"column":0},"end":{"line":7,"column":9}},"7":{"start":{"line":8,"column":0},"end":{"line":8,"column":13}},"8":{"start":{"line":9,"column":0},"end":{"line":9,"column":26}},"9":{"start":{"line":10,"column":0},"end":{"line":10,"column":65}},"10":{"start":{"line":11,"column":0},"end":{"line":11,"column":0}},"11":{"start":{"line":12,"column":0},"end":{"line":12,"column":99}},"12":{"start":{"line":13,"column":0},"end":{"line":13,"column":0}},"13":{"start":{"line":14,"column":0},"end":{"line":14,"column":32}},"14":{"start":{"line":15,"column":0},"end":{"line":15,"column":16}},"15":{"start":{"line":16,"column":0},"end":{"line":16,"column":76}},"16":{"start":{"line":17,"column":0},"end":{"line":17,"column":74}},"17":{"start":{"line":18,"column":0},"end":{"line":18,"column":74}},"18":{"start":{"line":19,"column":0},"end":{"line":19,"column":76}},"19":{"start":{"line":20,"column":0},"end":{"line":20,"column":79}},"20":{"start":{"line":21,"column":0},"end":{"line":21,"column":1}},"21":{"start":{"line":22,"column":0},"end":{"line":22,"column":0}},"22":{"start":{"line":23,"column":0},"end":{"line":23,"column":29}},"23":{"start":{"line":24,"column":0},"end":{"line":24,"column":86}},"24":{"start":{"line":25,"column":0},"end":{"line":25,"column":77}},"25":{"start":{"line":26,"column":0},"end":{"line":26,"column":0}},"26":{"start":{"line":27,"column":0},"end":{"line":27,"column":49}},"27":{"start":{"line":28,"column":0},"end":{"line":28,"column":25}},"28":{"start":{"line":29,"column":0},"end":{"line":29,"column":3}},"29":{"start":{"line":30,"column":0},"end":{"line":30,"column":0}},"30":{"start":{"line":31,"column":0},"end":{"line":31,"column":76}},"31":{"start":{"line":32,"column":0},"end":{"line":32,"column":63}},"32":{"start":{"line":33,"column":0},"end":{"line":33,"column":35}},"33":{"start":{"line":34,"column":0},"end":{"line":34,"column":49}},"34":{"start":{"line":35,"column":0},"end":{"line":35,"column":3}},"35":{"start":{"line":36,"column":0},"end":{"line":36,"column":0}},"36":{"start":{"line":37,"column":0},"end":{"line":37,"column":29}},"37":{"start":{"line":38,"column":0},"end":{"line":38,"column":49}},"38":{"start":{"line":39,"column":0},"end":{"line":39,"column":28}},"39":{"start":{"line":40,"column":0},"end":{"line":40,"column":3}},"40":{"start":{"line":41,"column":0},"end":{"line":41,"column":0}},"41":{"start":{"line":42,"column":0},"end":{"line":42,"column":10}},"42":{"start":{"line":43,"column":0},"end":{"line":43,"column":31}},"43":{"start":{"line":44,"column":0},"end":{"line":44,"column":30}},"44":{"start":{"line":45,"column":0},"end":{"line":45,"column":38}},"45":{"start":{"line":46,"column":0},"end":{"line":46,"column":83}},"46":{"start":{"line":47,"column":0},"end":{"line":47,"column":12}},"47":{"start":{"line":48,"column":0},"end":{"line":48,"column":0}},"48":{"start":{"line":49,"column":0},"end":{"line":49,"column":32}},"49":{"start":{"line":50,"column":0},"end":{"line":50,"column":36}},"50":{"start":{"line":51,"column":0},"end":{"line":51,"column":31}},"51":{"start":{"line":52,"column":0},"end":{"line":52,"column":101}},"52":{"start":{"line":53,"column":0},"end":{"line":53,"column":50}},"53":{"start":{"line":54,"column":0},"end":{"line":54,"column":82}},"54":{"start":{"line":55,"column":0},"end":{"line":55,"column":14}},"55":{"start":{"line":56,"column":0},"end":{"line":56,"column":63}},"56":{"start":{"line":57,"column":0},"end":{"line":57,"column":20}},"57":{"start":{"line":58,"column":0},"end":{"line":58,"column":17}},"58":{"start":{"line":59,"column":0},"end":{"line":59,"column":12}},"59":{"start":{"line":60,"column":0},"end":{"line":60,"column":0}},"60":{"start":{"line":61,"column":0},"end":{"line":61,"column":37}},"61":{"start":{"line":62,"column":0},"end":{"line":62,"column":22}},"62":{"start":{"line":63,"column":0},"end":{"line":63,"column":36}},"63":{"start":{"line":64,"column":0},"end":{"line":64,"column":29}},"64":{"start":{"line":65,"column":0},"end":{"line":65,"column":23}},"65":{"start":{"line":66,"column":0},"end":{"line":66,"column":27}},"66":{"start":{"line":67,"column":0},"end":{"line":67,"column":12}},"67":{"start":{"line":68,"column":0},"end":{"line":68,"column":21}},"68":{"start":{"line":69,"column":0},"end":{"line":69,"column":22}},"69":{"start":{"line":70,"column":0},"end":{"line":70,"column":9}},"70":{"start":{"line":71,"column":0},"end":{"line":71,"column":24}},"71":{"start":{"line":72,"column":0},"end":{"line":72,"column":32}},"72":{"start":{"line":73,"column":0},"end":{"line":73,"column":41}},"73":{"start":{"line":74,"column":0},"end":{"line":74,"column":37}},"74":{"start":{"line":75,"column":0},"end":{"line":75,"column":25}},"75":{"start":{"line":76,"column":0},"end":{"line":76,"column":23}},"76":{"start":{"line":77,"column":0},"end":{"line":77,"column":11}},"77":{"start":{"line":78,"column":0},"end":{"line":78,"column":44}},"78":{"start":{"line":79,"column":0},"end":{"line":79,"column":35}},"79":{"start":{"line":80,"column":0},"end":{"line":80,"column":42}},"80":{"start":{"line":81,"column":0},"end":{"line":81,"column":28}},"81":{"start":{"line":82,"column":0},"end":{"line":82,"column":36}},"82":{"start":{"line":83,"column":0},"end":{"line":83,"column":35}},"83":{"start":{"line":84,"column":0},"end":{"line":84,"column":61}},"84":{"start":{"line":85,"column":0},"end":{"line":85,"column":28}},"85":{"start":{"line":86,"column":0},"end":{"line":86,"column":32}},"86":{"start":{"line":87,"column":0},"end":{"line":87,"column":95}},"87":{"start":{"line":88,"column":0},"end":{"line":88,"column":40}},"88":{"start":{"line":89,"column":0},"end":{"line":89,"column":60}},"89":{"start":{"line":90,"column":0},"end":{"line":90,"column":24}},"90":{"start":{"line":91,"column":0},"end":{"line":91,"column":30}},"91":{"start":{"line":92,"column":0},"end":{"line":92,"column":37}},"92":{"start":{"line":93,"column":0},"end":{"line":93,"column":40}},"93":{"start":{"line":94,"column":0},"end":{"line":94,"column":42}},"94":{"start":{"line":95,"column":0},"end":{"line":95,"column":24}},"95":{"start":{"line":96,"column":0},"end":{"line":96,"column":32}},"96":{"start":{"line":97,"column":0},"end":{"line":97,"column":37}},"97":{"start":{"line":98,"column":0},"end":{"line":98,"column":40}},"98":{"start":{"line":99,"column":0},"end":{"line":99,"column":24}},"99":{"start":{"line":100,"column":0},"end":{"line":100,"column":22}},"100":{"start":{"line":101,"column":0},"end":{"line":101,"column":20}},"101":{"start":{"line":102,"column":0},"end":{"line":102,"column":18}},"102":{"start":{"line":103,"column":0},"end":{"line":103,"column":15}},"103":{"start":{"line":104,"column":0},"end":{"line":104,"column":26}},"104":{"start":{"line":105,"column":0},"end":{"line":105,"column":0}},"105":{"start":{"line":106,"column":0},"end":{"line":106,"column":32}},"106":{"start":{"line":107,"column":0},"end":{"line":107,"column":52}},"107":{"start":{"line":108,"column":0},"end":{"line":108,"column":59}},"108":{"start":{"line":109,"column":0},"end":{"line":109,"column":77}},"109":{"start":{"line":110,"column":0},"end":{"line":110,"column":23}},"110":{"start":{"line":111,"column":0},"end":{"line":111,"column":15}},"111":{"start":{"line":112,"column":0},"end":{"line":112,"column":0}},"112":{"start":{"line":113,"column":0},"end":{"line":113,"column":36}},"113":{"start":{"line":114,"column":0},"end":{"line":114,"column":73}},"114":{"start":{"line":115,"column":0},"end":{"line":115,"column":25}},"115":{"start":{"line":116,"column":0},"end":{"line":116,"column":42}},"116":{"start":{"line":117,"column":0},"end":{"line":117,"column":37}},"117":{"start":{"line":118,"column":0},"end":{"line":118,"column":24}},"118":{"start":{"line":119,"column":0},"end":{"line":119,"column":24}},"119":{"start":{"line":120,"column":0},"end":{"line":120,"column":33}},"120":{"start":{"line":121,"column":0},"end":{"line":121,"column":36}},"121":{"start":{"line":122,"column":0},"end":{"line":122,"column":33}},"122":{"start":{"line":123,"column":0},"end":{"line":123,"column":41}},"123":{"start":{"line":124,"column":0},"end":{"line":124,"column":18}},"124":{"start":{"line":125,"column":0},"end":{"line":125,"column":15}},"125":{"start":{"line":126,"column":0},"end":{"line":126,"column":21}},"126":{"start":{"line":127,"column":0},"end":{"line":127,"column":34}},"127":{"start":{"line":128,"column":0},"end":{"line":128,"column":44}},"128":{"start":{"line":129,"column":0},"end":{"line":129,"column":32}},"129":{"start":{"line":130,"column":0},"end":{"line":130,"column":31}},"130":{"start":{"line":131,"column":0},"end":{"line":131,"column":35}},"131":{"start":{"line":132,"column":0},"end":{"line":132,"column":17}},"132":{"start":{"line":133,"column":0},"end":{"line":133,"column":24}},"133":{"start":{"line":134,"column":0},"end":{"line":134,"column":23}},"134":{"start":{"line":135,"column":0},"end":{"line":135,"column":27}},"135":{"start":{"line":136,"column":0},"end":{"line":136,"column":15}},"136":{"start":{"line":137,"column":0},"end":{"line":137,"column":26}},"137":{"start":{"line":138,"column":0},"end":{"line":138,"column":24}},"138":{"start":{"line":139,"column":0},"end":{"line":139,"column":12}},"139":{"start":{"line":140,"column":0},"end":{"line":140,"column":0}},"140":{"start":{"line":141,"column":0},"end":{"line":141,"column":32}},"141":{"start":{"line":142,"column":0},"end":{"line":142,"column":37}},"142":{"start":{"line":143,"column":0},"end":{"line":143,"column":12}},"143":{"start":{"line":144,"column":0},"end":{"line":144,"column":84}},"144":{"start":{"line":145,"column":0},"end":{"line":145,"column":83}},"145":{"start":{"line":146,"column":0},"end":{"line":146,"column":86}},"146":{"start":{"line":147,"column":0},"end":{"line":147,"column":84}},"147":{"start":{"line":148,"column":0},"end":{"line":148,"column":75}},"148":{"start":{"line":149,"column":0},"end":{"line":149,"column":13}},"149":{"start":{"line":150,"column":0},"end":{"line":150,"column":12}},"150":{"start":{"line":151,"column":0},"end":{"line":151,"column":10}},"151":{"start":{"line":152,"column":0},"end":{"line":152,"column":3}},"152":{"start":{"line":153,"column":0},"end":{"line":153,"column":1}},"153":{"start":{"line":154,"column":0},"end":{"line":154,"column":0}},"154":{"start":{"line":155,"column":0},"end":{"line":155,"column":18}}},"s":{"0":0,"1":0,"2":0,"3":0,"4":0,"5":0,"6":0,"7":0,"8":0,"9":0,"10":0,"11":0,"12":0,"13":0,"14":0,"15":0,"16":0,"17":0,"18":0,"19":0,"20":0,"21":0,"22":0,"23":0,"24":0,"25":0,"26":0,"27":0,"28":0,"29":0,"30":0,"31":0,"32":0,"33":0,"34":0,"35":0,"36":0,"37":0,"38":0,"39":0,"40":0,"41":0,"42":0,"43":0,"44":0,"45":0,"46":0,"47":0,"48":0,"49":0,"50":0,"51":0,"52":0,"53":0,"54":0,"55":0,"56":0,"57":0,"58":0,"59":0,"60":0,"61":0,"62":0,"63":0,"64":0,"65":0,"66":0,"67":0,"68":0,"69":0,"70":0,"71":0,"72":0,"73":0,"74":0,"75":0,"76":0,"77":0,"78":0,"79":0,"80":0,"81":0,"82":0,"83":0,"84":0,"85":0,"86":0,"87":0,"88":0,"89":0,"90":0,"91":0,"92":0,"93":0,"94":0,"95":0,"96":0,"97":0,"98":0,"99":0,"100":0,"101":0,"102":0,"103":0,"104":0,"105":0,"106":0,"107":0,"108":0,"109":0,"110":0,"111":0,"112":0,"113":0,"114":0,"115":0,"116":0,"117":0,"118":0,"119":0,"120":0,"121":0,"122":0,"123":0,"124":0,"125":0,"126":0,"127":0,"128":0,"129":0,"130":0,"131":0,"132":0,"133":0,"134":0,"135":0,"136":0,"137":0,"138":0,"139":0,"140":0,"141":0,"142":0,"143":0,"144":0,"145":0,"146":0,"147":0,"148":0,"149":0,"150":0,"151":0,"152":0,"153":0,"154":0},"branchMap":{"0":{"type":"branch","line":1,"loc":{"start":{"line":1,"column":0},"end":{"line":155,"column":18}},"locations":[{"start":{"line":1,"column":0},"end":{"line":155,"column":18}}]}},"b":{"0":[0]},"fnMap":{"0":{"name":"(empty-report)","decl":{"start":{"line":1,"column":0},"end":{"line":155,"column":18}},"loc":{"start":{"line":1,"column":0},"end":{"line":155,"column":18}},"line":1}},"f":{"0":0}}
,"/Users/nedyalkov/Projects/Personal/react-simple-maps/examples/interactive-map/src/main.tsx": {"path":"/Users/nedyalkov/Projects/Personal/react-simple-maps/examples/interactive-map/src/main.tsx","all":true,"statementMap":{"0":{"start":{"line":1,"column":0},"end":{"line":1,"column":25}},"1":{"start":{"line":2,"column":0},"end":{"line":2,"column":39}},"2":{"start":{"line":3,"column":0},"end":{"line":3,"column":23}},"3":{"start":{"line":4,"column":0},"end":{"line":4,"column":20}},"4":{"start":{"line":5,"column":0},"end":{"line":5,"column":0}},"5":{"start":{"line":6,"column":0},"end":{"line":6,"column":66}},"6":{"start":{"line":7,"column":0},"end":{"line":7,"column":0}},"7":{"start":{"line":8,"column":0},"end":{"line":8,"column":12}},"8":{"start":{"line":9,"column":0},"end":{"line":9,"column":20}},"9":{"start":{"line":10,"column":0},"end":{"line":10,"column":11}},"10":{"start":{"line":11,"column":0},"end":{"line":11,"column":21}},"11":{"start":{"line":12,"column":0},"end":{"line":12,"column":1}}},"s":{"0":0,"1":0,"2":0,"3":0,"4":0,"5":0,"6":0,"7":0,"8":0,"9":0,"10":0,"11":0},"branchMap":{"0":{"type":"branch","line":1,"loc":{"start":{"line":1,"column":0},"end":{"line":12,"column":1}},"locations":[{"start":{"line":1,"column":0},"end":{"line":12,"column":1}}]}},"b":{"0":[0]},"fnMap":{"0":{"name":"(empty-report)","decl":{"start":{"line":1,"column":0},"end":{"line":12,"column":1}},"loc":{"start":{"line":1,"column":0},"end":{"line":12,"column":1}},"line":1}},"f":{"0":0}}
,"/Users/nedyalkov/Projects/Personal/react-simple-maps/src/index.ts": {"path":"/Users/nedyalkov/Projects/Personal/react-simple-maps/src/index.ts","all":false,"statementMap":{"0":{"start":{"line":1,"column":0},"end":{"line":1,"column":69}},"1":{"start":{"line":2,"column":0},"end":{"line":2,"column":65}},"2":{"start":{"line":3,"column":0},"end":{"line":3,"column":61}},"3":{"start":{"line":4,"column":0},"end":{"line":4,"column":61}},"4":{"start":{"line":5,"column":0},"end":{"line":5,"column":69}},"5":{"start":{"line":6,"column":0},"end":{"line":6,"column":55}},"6":{"start":{"line":7,"column":0},"end":{"line":7,"column":55}},"7":{"start":{"line":8,"column":0},"end":{"line":8,"column":51}},"8":{"start":{"line":9,"column":0},"end":{"line":9,"column":63}},"9":{"start":{"line":10,"column":0},"end":{"line":10,"column":81}},"10":{"start":{"line":11,"column":0},"end":{"line":11,"column":97}},"11":{"start":{"line":12,"column":0},"end":{"line":12,"column":71}},"12":{"start":{"line":13,"column":0},"end":{"line":13,"column":63}}},"s":{"0":1,"1":1,"2":1,"3":1,"4":1,"5":1,"6":1,"7":1,"8":1,"9":1,"10":1,"11":1,"12":1},"branchMap":{},"b":{},"fnMap":{},"f":{}}
,"/Users/nedyalkov/Projects/Personal/react-simple-maps/src/types.ts": {"path":"/Users/nedyalkov/Projects/Personal/react-simple-maps/src/types.ts","all":true,"statementMap":{},"s":{},"branchMap":{"0":{"type":"branch","line":1,"loc":{"start":{"line":1,"column":4527},"end":{"line":162,"column":1}},"locations":[{"start":{"line":1,"column":4527},"end":{"line":162,"column":1}}]}},"b":{"0":[1]},"fnMap":{"0":{"name":"(empty-report)","decl":{"start":{"line":1,"column":4527},"end":{"line":162,"column":1}},"loc":{"start":{"line":1,"column":4527},"end":{"line":162,"column":1}},"line":1}},"f":{"0":1}}
,"/Users/nedyalkov/Projects/Personal/react-simple-maps/src/utils.ts": {"path":"/Users/nedyalkov/Projects/Personal/react-simple-maps/src/utils.ts","all":false,"statementMap":{"0":{"start":{"line":1,"column":0},"end":{"line":1,"column":47}},"9":{"start":{"line":10,"column":0},"end":{"line":10,"column":85}},"10":{"start":{"line":11,"column":0},"end":{"line":11,"column":35}},"11":{"start":{"line":12,"column":0},"end":{"line":12,"column":35}},"12":{"start":{"line":13,"column":0},"end":{"line":13,"column":71}},"13":{"start":{"line":14,"column":0},"end":{"line":14,"column":1}},"15":{"start":{"line":16,"column":0},"end":{"line":16,"column":98}},"16":{"start":{"line":17,"column":0},"end":{"line":17,"column":19}},"17":{"start":{"line":18,"column":0},"end":{"line":18,"column":20}},"18":{"start":{"line":19,"column":0},"end":{"line":19,"column":20}},"19":{"start":{"line":20,"column":0},"end":{"line":20,"column":35}},"20":{"start":{"line":21,"column":0},"end":{"line":21,"column":7}},"21":{"start":{"line":22,"column":0},"end":{"line":22,"column":23}},"22":{"start":{"line":23,"column":0},"end":{"line":23,"column":6}},"23":{"start":{"line":24,"column":0},"end":{"line":24,"column":18}},"24":{"start":{"line":25,"column":0},"end":{"line":25,"column":22}},"25":{"start":{"line":26,"column":0},"end":{"line":26,"column":6}},"26":{"start":{"line":27,"column":0},"end":{"line":27,"column":1}},"28":{"start":{"line":29,"column":0},"end":{"line":29,"column":28}},"29":{"start":{"line":30,"column":0},"end":{"line":30,"column":66}},"30":{"start":{"line":31,"column":0},"end":{"line":31,"column":78}},"31":{"start":{"line":32,"column":0},"end":{"line":32,"column":24}},"32":{"start":{"line":33,"column":0},"end":{"line":33,"column":66}},"34":{"start":{"line":35,"column":0},"end":{"line":35,"column":20}},"35":{"start":{"line":36,"column":0},"end":{"line":36,"column":80}},"36":{"start":{"line":37,"column":0},"end":{"line":37,"column":49}},"37":{"start":{"line":38,"column":0},"end":{"line":38,"column":21}},"38":{"start":{"line":39,"column":0},"end":{"line":39,"column":59}},"40":{"start":{"line":41,"column":0},"end":{"line":41,"column":67}},"41":{"start":{"line":42,"column":0},"end":{"line":42,"column":3}},"43":{"start":{"line":44,"column":0},"end":{"line":44,"column":42}},"44":{"start":{"line":45,"column":0},"end":{"line":45,"column":50}},"45":{"start":{"line":46,"column":0},"end":{"line":46,"column":32}},"46":{"start":{"line":47,"column":0},"end":{"line":47,"column":13}},"47":{"start":{"line":48,"column":0},"end":{"line":48,"column":3}},"49":{"start":{"line":50,"column":0},"end":{"line":50,"column":48}},"50":{"start":{"line":51,"column":0},"end":{"line":51,"column":57}},"51":{"start":{"line":52,"column":0},"end":{"line":52,"column":24}},"52":{"start":{"line":53,"column":0},"end":{"line":53,"column":13}},"53":{"start":{"line":54,"column":0},"end":{"line":54,"column":3}},"55":{"start":{"line":56,"column":0},"end":{"line":56,"column":61}},"56":{"start":{"line":57,"column":0},"end":{"line":57,"column":48}},"57":{"start":{"line":58,"column":0},"end":{"line":58,"column":23}},"58":{"start":{"line":59,"column":0},"end":{"line":59,"column":78}},"59":{"start":{"line":60,"column":0},"end":{"line":60,"column":59}},"60":{"start":{"line":61,"column":0},"end":{"line":61,"column":1}},"62":{"start":{"line":63,"column":0},"end":{"line":63,"column":90}},"63":{"start":{"line":64,"column":0},"end":{"line":64,"column":66}},"64":{"start":{"line":65,"column":0},"end":{"line":65,"column":30}},"66":{"start":{"line":67,"column":0},"end":{"line":67,"column":42}},"67":{"start":{"line":68,"column":0},"end":{"line":68,"column":50}},"68":{"start":{"line":69,"column":0},"end":{"line":69,"column":32}},"69":{"start":{"line":70,"column":0},"end":{"line":70,"column":15}},"70":{"start":{"line":71,"column":0},"end":{"line":71,"column":3}},"72":{"start":{"line":73,"column":0},"end":{"line":73,"column":48}},"73":{"start":{"line":74,"column":0},"end":{"line":74,"column":57}},"74":{"start":{"line":75,"column":0},"end":{"line":75,"column":24}},"75":{"start":{"line":76,"column":0},"end":{"line":76,"column":15}},"76":{"start":{"line":77,"column":0},"end":{"line":77,"column":3}},"78":{"start":{"line":79,"column":0},"end":{"line":79,"column":85}},"79":{"start":{"line":80,"column":0},"end":{"line":80,"column":85}},"81":{"start":{"line":82,"column":0},"end":{"line":82,"column":63}},"82":{"start":{"line":83,"column":0},"end":{"line":83,"column":1}},"84":{"start":{"line":85,"column":0},"end":{"line":85,"column":28}},"85":{"start":{"line":86,"column":0},"end":{"line":86,"column":31}},"86":{"start":{"line":87,"column":0},"end":{"line":87,"column":31}},"87":{"start":{"line":88,"column":0},"end":{"line":88,"column":15}},"88":{"start":{"line":89,"column":0},"end":{"line":89,"column":43}},"89":{"start":{"line":90,"column":0},"end":{"line":90,"column":27}},"90":{"start":{"line":91,"column":0},"end":{"line":91,"column":7}},"91":{"start":{"line":92,"column":0},"end":{"line":92,"column":37}},"92":{"start":{"line":93,"column":0},"end":{"line":93,"column":37}},"93":{"start":{"line":94,"column":0},"end":{"line":94,"column":7}},"94":{"start":{"line":95,"column":0},"end":{"line":95,"column":8}},"95":{"start":{"line":96,"column":0},"end":{"line":96,"column":1}},"97":{"start":{"line":98,"column":0},"end":{"line":98,"column":32}},"98":{"start":{"line":99,"column":0},"end":{"line":99,"column":47}},"99":{"start":{"line":100,"column":0},"end":{"line":100,"column":15}},"100":{"start":{"line":101,"column":0},"end":{"line":101,"column":22}},"101":{"start":{"line":102,"column":0},"end":{"line":102,"column":20}},"102":{"start":{"line":103,"column":0},"end":{"line":103,"column":34}},"103":{"start":{"line":104,"column":0},"end":{"line":104,"column":13}},"104":{"start":{"line":105,"column":0},"end":{"line":105,"column":27}},"105":{"start":{"line":106,"column":0},"end":{"line":106,"column":31}},"106":{"start":{"line":107,"column":0},"end":{"line":107,"column":9}},"107":{"start":{"line":108,"column":0},"end":{"line":108,"column":8}},"108":{"start":{"line":109,"column":0},"end":{"line":109,"column":1}},"110":{"start":{"line":111,"column":0},"end":{"line":111,"column":36}},"111":{"start":{"line":112,"column":0},"end":{"line":112,"column":18}},"112":{"start":{"line":113,"column":0},"end":{"line":113,"column":18}},"113":{"start":{"line":114,"column":0},"end":{"line":114,"column":40}},"114":{"start":{"line":115,"column":0},"end":{"line":115,"column":11}},"115":{"start":{"line":116,"column":0},"end":{"line":116,"column":65}},"116":{"start":{"line":117,"column":0},"end":{"line":117,"column":49}},"117":{"start":{"line":118,"column":0},"end":{"line":118,"column":49}},"118":{"start":{"line":119,"column":0},"end":{"line":119,"column":76}},"119":{"start":{"line":120,"column":0},"end":{"line":120,"column":1}},"121":{"start":{"line":122,"column":0},"end":{"line":122,"column":25}},"122":{"start":{"line":123,"column":0},"end":{"line":123,"column":66}},"123":{"start":{"line":124,"column":0},"end":{"line":124,"column":18}},"124":{"start":{"line":125,"column":0},"end":{"line":125,"column":32}},"125":{"start":{"line":126,"column":0},"end":{"line":126,"column":1}}},"s":{"0":1,"9":1,"10":2,"11":2,"12":2,"13":2,"15":1,"16":9,"17":9,"18":8,"19":1,"20":1,"21":7,"22":9,"23":9,"24":2,"25":9,"26":9,"28":1,"29":14,"30":14,"31":14,"32":14,"34":14,"35":4,"36":4,"37":2,"38":2,"40":4,"41":4,"43":10,"44":10,"45":14,"46":1,"47":1,"49":9,"50":9,"51":9,"52":1,"53":1,"55":8,"56":8,"57":0,"58":8,"59":14,"60":14,"62":1,"63":11,"64":11,"66":10,"67":10,"68":11,"69":1,"70":1,"72":9,"73":9,"74":9,"75":1,"76":1,"78":8,"79":8,"81":11,"82":11,"84":1,"85":12,"86":12,"87":12,"88":12,"89":12,"90":2,"91":2,"92":2,"93":2,"94":10,"95":12,"97":1,"98":12,"99":12,"100":12,"101":12,"102":3,"103":3,"104":3,"105":3,"106":3,"107":9,"108":12,"110":1,"111":12,"112":12,"113":12,"114":12,"115":12,"116":12,"117":12,"118":12,"119":12,"121":1,"122":15,"123":15,"124":15,"125":15},"branchMap":{"0":{"type":"branch","line":10,"loc":{"start":{"line":10,"column":7},"end":{"line":14,"column":1}},"locations":[{"start":{"line":10,"column":7},"end":{"line":14,"column":1}}]},"1":{"type":"branch","line":16,"loc":{"start":{"line":16,"column":7},"end":{"line":27,"column":1}},"locations":[{"start":{"line":16,"column":7},"end":{"line":27,"column":1}}]},"2":{"type":"branch","line":18,"loc":{"start":{"line":18,"column":10},"end":{"line":23,"column":5}},"locations":[{"start":{"line":18,"column":10},"end":{"line":23,"column":5}}]},"3":{"type":"branch","line":19,"loc":{"start":{"line":19,"column":19},"end":{"line":22,"column":23}},"locations":[{"start":{"line":19,"column":19},"end":{"line":22,"column":23}}]},"4":{"type":"branch","line":19,"loc":{"start":{"line":19,"column":19},"end":{"line":21,"column":7}},"locations":[{"start":{"line":19,"column":19},"end":{"line":21,"column":7}}]},"5":{"type":"branch","line":24,"loc":{"start":{"line":24,"column":11},"end":{"line":26,"column":5}},"locations":[{"start":{"line":24,"column":11},"end":{"line":26,"column":5}}]},"6":{"type":"branch","line":29,"loc":{"start":{"line":29,"column":7},"end":{"line":61,"column":1}},"locations":[{"start":{"line":29,"column":7},"end":{"line":61,"column":1}}]},"7":{"type":"branch","line":35,"loc":{"start":{"line":35,"column":19},"end":{"line":46,"column":31}},"locations":[{"start":{"line":35,"column":19},"end":{"line":46,"column":31}}]},"8":{"type":"branch","line":35,"loc":{"start":{"line":35,"column":19},"end":{"line":42,"column":3}},"locations":[{"start":{"line":35,"column":19},"end":{"line":42,"column":3}}]},"9":{"type":"branch","line":37,"loc":{"start":{"line":37,"column":48},"end":{"line":38,"column":21}},"locations":[{"start":{"line":37,"column":48},"end":{"line":38,"column":21}}]},"10":{"type":"branch","line":38,"loc":{"start":{"line":38,"column":8},"end":{"line":39,"column":59}},"locations":[{"start":{"line":38,"column":8},"end":{"line":39,"column":59}}]},"11":{"type":"branch","line":39,"loc":{"start":{"line":39,"column":45},"end":{"line":39,"column":59}},"locations":[{"start":{"line":39,"column":45},"end":{"line":39,"column":59}}]},"12":{"type":"branch","line":41,"loc":{"start":{"line":41,"column":11},"end":{"line":41,"column":59}},"locations":[{"start":{"line":41,"column":11},"end":{"line":41,"column":59}}]},"13":{"type":"branch","line":41,"loc":{"start":{"line":41,"column":55},"end":{"line":41,"column":67}},"locations":[{"start":{"line":41,"column":55},"end":{"line":41,"column":67}}]},"14":{"type":"branch","line":42,"loc":{"start":{"line":42,"column":2},"end":{"line":46,"column":31}},"locations":[{"start":{"line":42,"column":2},"end":{"line":46,"column":31}}]},"15":{"type":"branch","line":46,"loc":{"start":{"line":46,"column":31},"end":{"line":48,"column":3}},"locations":[{"start":{"line":46,"column":31},"end":{"line":48,"column":3}}]},"16":{"type":"branch","line":48,"loc":{"start":{"line":48,"column":2},"end":{"line":57,"column":48}},"locations":[{"start":{"line":48,"column":2},"end":{"line":57,"column":48}}]},"17":{"type":"branch","line":52,"loc":{"start":{"line":52,"column":23},"end":{"line":54,"column":3}},"locations":[{"start":{"line":52,"column":23},"end":{"line":54,"column":3}}]},"18":{"type":"branch","line":54,"loc":{"start":{"line":54,"column":2},"end":{"line":57,"column":48}},"locations":[{"start":{"line":54,"column":2},"end":{"line":57,"column":48}}]},"19":{"type":"branch","line":57,"loc":{"start":{"line":57,"column":47},"end":{"line":58,"column":23}},"locations":[{"start":{"line":57,"column":47},"end":{"line":58,"column":23}}]},"20":{"type":"branch","line":58,"loc":{"start":{"line":58,"column":6},"end":{"line":59,"column":78}},"locations":[{"start":{"line":58,"column":6},"end":{"line":59,"column":78}}]},"21":{"type":"branch","line":59,"loc":{"start":{"line":59,"column":47},"end":{"line":59,"column":78}},"locations":[{"start":{"line":59,"column":47},"end":{"line":59,"column":78}}]},"22":{"type":"branch","line":60,"loc":{"start":{"line":60,"column":9},"end":{"line":60,"column":54}},"locations":[{"start":{"line":60,"column":9},"end":{"line":60,"column":54}}]},"23":{"type":"branch","line":60,"loc":{"start":{"line":60,"column":50},"end":{"line":60,"column":59}},"locations":[{"start":{"line":60,"column":50},"end":{"line":60,"column":59}}]},"24":{"type":"branch","line":63,"loc":{"start":{"line":63,"column":7},"end":{"line":83,"column":1}},"locations":[{"start":{"line":63,"column":7},"end":{"line":83,"column":1}}]},"25":{"type":"branch","line":65,"loc":{"start":{"line":65,"column":19},"end":{"line":65,"column":30}},"locations":[{"start":{"line":65,"column":19},"end":{"line":65,"column":30}}]},"26":{"type":"branch","line":65,"loc":{"start":{"line":65,"column":26},"end":{"line":69,"column":31}},"locations":[{"start":{"line":65,"column":26},"end":{"line":69,"column":31}}]},"27":{"type":"branch","line":69,"loc":{"start":{"line":69,"column":31},"end":{"line":71,"column":3}},"locations":[{"start":{"line":69,"column":31},"end":{"line":71,"column":3}}]},"28":{"type":"branch","line":71,"loc":{"start":{"line":71,"column":2},"end":{"line":82,"column":31}},"locations":[{"start":{"line":71,"column":2},"end":{"line":82,"column":31}}]},"29":{"type":"branch","line":75,"loc":{"start":{"line":75,"column":23},"end":{"line":77,"column":3}},"locations":[{"start":{"line":75,"column":23},"end":{"line":77,"column":3}}]},"30":{"type":"branch","line":77,"loc":{"start":{"line":77,"column":2},"end":{"line":82,"column":31}},"locations":[{"start":{"line":77,"column":2},"end":{"line":82,"column":31}}]},"31":{"type":"branch","line":82,"loc":{"start":{"line":82,"column":20},"end":{"line":82,"column":37}},"locations":[{"start":{"line":82,"column":20},"end":{"line":82,"column":37}}]},"32":{"type":"branch","line":82,"loc":{"start":{"line":82,"column":46},"end":{"line":82,"column":62}},"locations":[{"start":{"line":82,"column":46},"end":{"line":82,"column":62}}]},"33":{"type":"branch","line":85,"loc":{"start":{"line":85,"column":7},"end":{"line":96,"column":1}},"locations":[{"start":{"line":85,"column":7},"end":{"line":96,"column":1}}]},"34":{"type":"branch","line":90,"loc":{"start":{"line":90,"column":9},"end":{"line":90,"column":27}},"locations":[{"start":{"line":90,"column":9},"end":{"line":90,"column":27}}]},"35":{"type":"branch","line":90,"loc":{"start":{"line":90,"column":20},"end":{"line":94,"column":7}},"locations":[{"start":{"line":90,"column":20},"end":{"line":94,"column":7}}]},"36":{"type":"branch","line":92,"loc":{"start":{"line":92,"column":29},"end":{"line":92,"column":37}},"locations":[{"start":{"line":92,"column":29},"end":{"line":92,"column":37}}]},"37":{"type":"branch","line":93,"loc":{"start":{"line":93,"column":29},"end":{"line":93,"column":37}},"locations":[{"start":{"line":93,"column":29},"end":{"line":93,"column":37}}]},"38":{"type":"branch","line":94,"loc":{"start":{"line":94,"column":6},"end":{"line":95,"column":8}},"locations":[{"start":{"line":94,"column":6},"end":{"line":95,"column":8}}]},"39":{"type":"branch","line":98,"loc":{"start":{"line":98,"column":7},"end":{"line":109,"column":1}},"locations":[{"start":{"line":98,"column":7},"end":{"line":109,"column":1}}]},"40":{"type":"branch","line":102,"loc":{"start":{"line":102,"column":9},"end":{"line":107,"column":9}},"locations":[{"start":{"line":102,"column":9},"end":{"line":107,"column":9}}]},"41":{"type":"branch","line":107,"loc":{"start":{"line":107,"column":8},"end":{"line":108,"column":8}},"locations":[{"start":{"line":107,"column":8},"end":{"line":108,"column":8}}]},"42":{"type":"branch","line":103,"loc":{"start":{"line":103,"column":22},"end":{"line":107,"column":8}},"locations":[{"start":{"line":103,"column":22},"end":{"line":107,"column":8}}]},"43":{"type":"branch","line":106,"loc":{"start":{"line":106,"column":23},"end":{"line":106,"column":31}},"locations":[{"start":{"line":106,"column":23},"end":{"line":106,"column":31}}]},"44":{"type":"branch","line":111,"loc":{"start":{"line":111,"column":7},"end":{"line":120,"column":1}},"locations":[{"start":{"line":111,"column":7},"end":{"line":120,"column":1}}]},"45":{"type":"branch","line":116,"loc":{"start":{"line":116,"column":39},"end":{"line":116,"column":51}},"locations":[{"start":{"line":116,"column":39},"end":{"line":116,"column":51}}]},"46":{"type":"branch","line":116,"loc":{"start":{"line":116,"column":43},"end":{"line":116,"column":65}},"locations":[{"start":{"line":116,"column":43},"end":{"line":116,"column":65}}]},"47":{"type":"branch","line":117,"loc":{"start":{"line":117,"column":40},"end":{"line":117,"column":49}},"locations":[{"start":{"line":117,"column":40},"end":{"line":117,"column":49}}]},"48":{"type":"branch","line":118,"loc":{"start":{"line":118,"column":40},"end":{"line":118,"column":49}},"locations":[{"start":{"line":118,"column":40},"end":{"line":118,"column":49}}]},"49":{"type":"branch","line":122,"loc":{"start":{"line":122,"column":7},"end":{"line":126,"column":1}},"locations":[{"start":{"line":122,"column":7},"end":{"line":126,"column":1}}]}},"b":{"0":[2],"1":[9],"2":[8],"3":[7],"4":[1],"5":[2],"6":[14],"7":[11],"8":[4],"9":[2],"10":[2],"11":[0],"12":[1],"13":[3],"14":[10],"15":[1],"16":[9],"17":[1],"18":[8],"19":[0],"20":[8],"21":[0],"22":[1],"23":[7],"24":[11],"25":[1],"26":[10],"27":[1],"28":[9],"29":[1],"30":[8],"31":[0],"32":[0],"33":[12],"34":[2],"35":[2],"36":[0],"37":[0],"38":[10],"39":[12],"40":[3],"41":[9],"42":[3],"43":[0],"44":[12],"45":[1],"46":[11],"47":[0],"48":[0],"49":[15]},"fnMap":{"0":{"name":"getCoords","decl":{"start":{"line":10,"column":7},"end":{"line":14,"column":1}},"loc":{"start":{"line":10,"column":7},"end":{"line":14,"column":1}},"line":10},"1":{"name":"fetchGeographies","decl":{"start":{"line":16,"column":7},"end":{"line":27,"column":1}},"loc":{"start":{"line":16,"column":7},"end":{"line":27,"column":1}},"line":16},"2":{"name":"getFeatures","decl":{"start":{"line":29,"column":7},"end":{"line":61,"column":1}},"loc":{"start":{"line":29,"column":7},"end":{"line":61,"column":1}},"line":29},"3":{"name":"getMesh","decl":{"start":{"line":63,"column":7},"end":{"line":83,"column":1}},"loc":{"start":{"line":63,"column":7},"end":{"line":83,"column":1}},"line":63},"4":{"name":"prepareMesh","decl":{"start":{"line":85,"column":7},"end":{"line":96,"column":1}},"loc":{"start":{"line":85,"column":7},"end":{"line":96,"column":1}},"line":85},"5":{"name":"prepareFeatures","decl":{"start":{"line":98,"column":7},"end":{"line":109,"column":1}},"loc":{"start":{"line":98,"column":7},"end":{"line":109,"column":1}},"line":98},"6":{"name":"createConnectorPath","decl":{"start":{"line":111,"column":7},"end":{"line":120,"column":1}},"loc":{"start":{"line":111,"column":7},"end":{"line":120,"column":1}},"line":111},"7":{"name":"isString","decl":{"start":{"line":122,"column":7},"end":{"line":126,"column":1}},"loc":{"start":{"line":122,"column":7},"end":{"line":126,"column":1}},"line":122}},"f":{"0":2,"1":9,"2":14,"3":11,"4":12,"5":12,"6":12,"7":15}}
,"/Users/nedyalkov/Projects/Personal/react-simple-maps/src/components/Annotation.tsx": {"path":"/Users/nedyalkov/Projects/Personal/react-simple-maps/src/components/Annotation.tsx","all":false,"statementMap":{"0":{"start":{"line":1,"column":0},"end":{"line":1,"column":44}},"2":{"start":{"line":3,"column":0},"end":{"line":3,"column":45}},"3":{"start":{"line":4,"column":0},"end":{"line":4,"column":46}},"5":{"start":{"line":6,"column":0},"end":{"line":6,"column":60}},"6":{"start":{"line":7,"column":0},"end":{"line":7,"column":3}},"7":{"start":{"line":8,"column":0},"end":{"line":8,"column":5}},"8":{"start":{"line":9,"column":0},"end":{"line":9,"column":14}},"9":{"start":{"line":10,"column":0},"end":{"line":10,"column":15}},"10":{"start":{"line":11,"column":0},"end":{"line":11,"column":21}},"11":{"start":{"line":12,"column":0},"end":{"line":12,"column":14}},"12":{"start":{"line":13,"column":0},"end":{"line":13,"column":14}},"13":{"start":{"line":14,"column":0},"end":{"line":14,"column":16}},"14":{"start":{"line":15,"column":0},"end":{"line":15,"column":21}},"15":{"start":{"line":16,"column":0},"end":{"line":16,"column":18}},"16":{"start":{"line":17,"column":0},"end":{"line":17,"column":6}},"17":{"start":{"line":18,"column":0},"end":{"line":18,"column":7}},"18":{"start":{"line":19,"column":0},"end":{"line":19,"column":8}},"19":{"start":{"line":20,"column":0},"end":{"line":20,"column":42}},"20":{"start":{"line":21,"column":0},"end":{"line":21,"column":47}},"22":{"start":{"line":23,"column":0},"end":{"line":23,"column":27}},"23":{"start":{"line":24,"column":0},"end":{"line":24,"column":17}},"24":{"start":{"line":25,"column":0},"end":{"line":25,"column":5}},"26":{"start":{"line":27,"column":0},"end":{"line":27,"column":34}},"27":{"start":{"line":28,"column":0},"end":{"line":28,"column":60}},"29":{"start":{"line":30,"column":0},"end":{"line":30,"column":12}},"30":{"start":{"line":31,"column":0},"end":{"line":31,"column":8}},"31":{"start":{"line":32,"column":0},"end":{"line":32,"column":17}},"32":{"start":{"line":33,"column":0},"end":{"line":33,"column":53}},"33":{"start":{"line":34,"column":0},"end":{"line":34,"column":49}},"34":{"start":{"line":35,"column":0},"end":{"line":35,"column":22}},"36":{"start":{"line":37,"column":0},"end":{"line":37,"column":13}},"37":{"start":{"line":38,"column":0},"end":{"line":38,"column":27}},"38":{"start":{"line":39,"column":0},"end":{"line":39,"column":28}},"39":{"start":{"line":40,"column":0},"end":{"line":40,"column":23}},"40":{"start":{"line":41,"column":0},"end":{"line":41,"column":59}},"41":{"start":{"line":42,"column":0},"end":{"line":42,"column":10}},"42":{"start":{"line":43,"column":0},"end":{"line":43,"column":18}},"43":{"start":{"line":44,"column":0},"end":{"line":44,"column":10}},"45":{"start":{"line":46,"column":0},"end":{"line":46,"column":3}},"46":{"start":{"line":47,"column":0},"end":{"line":47,"column":1}},"48":{"start":{"line":49,"column":0},"end":{"line":49,"column":37}},"50":{"start":{"line":51,"column":0},"end":{"line":51,"column":25}}},"s":{"0":1,"2":1,"3":1,"5":1,"6":1,"7":9,"8":9,"9":9,"10":9,"11":9,"12":9,"13":9,"14":9,"15":9,"16":9,"17":9,"18":9,"19":9,"20":9,"22":9,"23":1,"24":1,"26":8,"27":8,"29":8,"30":8,"31":8,"32":8,"33":8,"34":8,"36":8,"37":8,"38":8,"39":8,"40":8,"41":8,"42":8,"43":8,"45":9,"46":1,"48":1,"50":1},"branchMap":{"0":{"type":"branch","line":7,"loc":{"start":{"line":7,"column":2},"end":{"line":46,"column":3}},"locations":[{"start":{"line":7,"column":2},"end":{"line":46,"column":3}}]},"1":{"type":"branch","line":23,"loc":{"start":{"line":23,"column":26},"end":{"line":25,"column":5}},"locations":[{"start":{"line":23,"column":26},"end":{"line":25,"column":5}}]},"2":{"type":"branch","line":25,"loc":{"start":{"line":25,"column":4},"end":{"line":44,"column":10}},"locations":[{"start":{"line":25,"column":4},"end":{"line":44,"column":10}}]}},"b":{"0":[9],"1":[1],"2":[8]},"fnMap":{},"f":{}}
,"/Users/nedyalkov/Projects/Personal/react-simple-maps/src/components/ComposableMap.tsx": {"path":"/Users/nedyalkov/Projects/Personal/react-simple-maps/src/components/ComposableMap.tsx","all":false,"statementMap":{"0":{"start":{"line":1,"column":0},"end":{"line":1,"column":34}},"2":{"start":{"line":3,"column":0},"end":{"line":3,"column":43}},"4":{"start":{"line":5,"column":0},"end":{"line":5,"column":68}},"5":{"start":{"line":6,"column":0},"end":{"line":6,"column":3}},"6":{"start":{"line":7,"column":0},"end":{"line":7,"column":5}},"7":{"start":{"line":8,"column":0},"end":{"line":8,"column":18}},"8":{"start":{"line":9,"column":0},"end":{"line":9,"column":19}},"9":{"start":{"line":10,"column":0},"end":{"line":10,"column":35}},"10":{"start":{"line":11,"column":0},"end":{"line":11,"column":28}},"11":{"start":{"line":12,"column":0},"end":{"line":12,"column":21}},"12":{"start":{"line":13,"column":0},"end":{"line":13,"column":15}},"13":{"start":{"line":14,"column":0},"end":{"line":14,"column":18}},"14":{"start":{"line":15,"column":0},"end":{"line":15,"column":6}},"15":{"start":{"line":16,"column":0},"end":{"line":16,"column":7}},"16":{"start":{"line":17,"column":0},"end":{"line":17,"column":8}},"17":{"start":{"line":18,"column":0},"end":{"line":18,"column":12}},"18":{"start":{"line":19,"column":0},"end":{"line":19,"column":18}},"19":{"start":{"line":20,"column":0},"end":{"line":20,"column":21}},"20":{"start":{"line":21,"column":0},"end":{"line":21,"column":23}},"21":{"start":{"line":22,"column":0},"end":{"line":22,"column":31}},"22":{"start":{"line":23,"column":0},"end":{"line":23,"column":43}},"24":{"start":{"line":25,"column":0},"end":{"line":25,"column":12}},"25":{"start":{"line":26,"column":0},"end":{"line":26,"column":19}},"26":{"start":{"line":27,"column":0},"end":{"line":27,"column":44}},"27":{"start":{"line":28,"column":0},"end":{"line":28,"column":44}},"28":{"start":{"line":29,"column":0},"end":{"line":29,"column":24}},"30":{"start":{"line":31,"column":0},"end":{"line":31,"column":20}},"31":{"start":{"line":32,"column":0},"end":{"line":32,"column":14}},"32":{"start":{"line":33,"column":0},"end":{"line":33,"column":20}},"34":{"start":{"line":35,"column":0},"end":{"line":35,"column":3}},"35":{"start":{"line":36,"column":0},"end":{"line":36,"column":1}},"37":{"start":{"line":38,"column":0},"end":{"line":38,"column":43}},"39":{"start":{"line":40,"column":0},"end":{"line":40,"column":28}}},"s":{"0":1,"2":1,"4":1,"5":1,"6":13,"7":13,"8":13,"9":13,"10":13,"11":13,"12":13,"13":13,"14":13,"15":13,"16":13,"17":13,"18":13,"19":13,"20":13,"21":13,"22":13,"24":13,"25":13,"26":13,"27":13,"28":13,"30":13,"31":13,"32":13,"34":13,"35":1,"37":1,"39":1},"branchMap":{"0":{"type":"branch","line":6,"loc":{"start":{"line":6,"column":2},"end":{"line":35,"column":3}},"locations":[{"start":{"line":6,"column":2},"end":{"line":35,"column":3}}]}},"b":{"0":[13]},"fnMap":{},"f":{}}
,"/Users/nedyalkov/Projects/Personal/react-simple-maps/src/components/Geographies.tsx": {"path":"/Users/nedyalkov/Projects/Personal/react-simple-maps/src/components/Geographies.tsx","all":false,"statementMap":{"0":{"start":{"line":1,"column":0},"end":{"line":1,"column":34}},"2":{"start":{"line":3,"column":0},"end":{"line":3,"column":45}},"3":{"start":{"line":4,"column":0},"end":{"line":4,"column":45}},"5":{"start":{"line":6,"column":0},"end":{"line":6,"column":62}},"6":{"start":{"line":7,"column":0},"end":{"line":7,"column":85}},"7":{"start":{"line":8,"column":0},"end":{"line":8,"column":48}},"8":{"start":{"line":9,"column":0},"end":{"line":9,"column":62}},"9":{"start":{"line":10,"column":0},"end":{"line":10,"column":16}},"10":{"start":{"line":11,"column":0},"end":{"line":11,"column":52}},"11":{"start":{"line":12,"column":0},"end":{"line":12,"column":6}},"13":{"start":{"line":14,"column":0},"end":{"line":14,"column":12}},"14":{"start":{"line":15,"column":0},"end":{"line":15,"column":77}},"15":{"start":{"line":16,"column":0},"end":{"line":16,"column":23}},"16":{"start":{"line":17,"column":0},"end":{"line":17,"column":35}},"17":{"start":{"line":18,"column":0},"end":{"line":18,"column":72}},"18":{"start":{"line":19,"column":0},"end":{"line":19,"column":10}},"20":{"start":{"line":21,"column":0},"end":{"line":21,"column":3}},"21":{"start":{"line":22,"column":0},"end":{"line":22,"column":1}},"23":{"start":{"line":24,"column":0},"end":{"line":24,"column":39}},"25":{"start":{"line":26,"column":0},"end":{"line":26,"column":26}}},"s":{"0":1,"2":1,"3":1,"5":1,"6":1,"7":10,"8":10,"9":10,"10":10,"11":10,"13":10,"14":10,"15":10,"16":10,"17":2,"18":10,"20":10,"21":1,"23":1,"25":1},"branchMap":{"0":{"type":"branch","line":7,"loc":{"start":{"line":7,"column":2},"end":{"line":21,"column":3}},"locations":[{"start":{"line":7,"column":2},"end":{"line":21,"column":3}}]},"1":{"type":"branch","line":11,"loc":{"start":{"line":11,"column":10},"end":{"line":11,"column":52}},"locations":[{"start":{"line":11,"column":10},"end":{"line":11,"column":52}}]},"2":{"type":"branch","line":17,"loc":{"start":{"line":17,"column":31},"end":{"line":18,"column":72}},"locations":[{"start":{"line":17,"column":31},"end":{"line":18,"column":72}}]}},"b":{"0":[10],"1":[1],"2":[2]},"fnMap":{},"f":{}}
,"/Users/nedyalkov/Projects/Personal/react-simple-maps/src/components/Geography.tsx": {"path":"/Users/nedyalkov/Projects/Personal/react-simple-maps/src/components/Geography.tsx","all":false,"statementMap":{"0":{"start":{"line":1,"column":0},"end":{"line":1,"column":50}},"3":{"start":{"line":4,"column":0},"end":{"line":4,"column":61}},"4":{"start":{"line":5,"column":0},"end":{"line":5,"column":3}},"5":{"start":{"line":6,"column":0},"end":{"line":6,"column":5}},"6":{"start":{"line":7,"column":0},"end":{"line":7,"column":16}},"7":{"start":{"line":8,"column":0},"end":{"line":8,"column":19}},"8":{"start":{"line":9,"column":0},"end":{"line":9,"column":19}},"9":{"start":{"line":10,"column":0},"end":{"line":10,"column":18}},"10":{"start":{"line":11,"column":0},"end":{"line":11,"column":16}},"11":{"start":{"line":12,"column":0},"end":{"line":12,"column":14}},"12":{"start":{"line":13,"column":0},"end":{"line":13,"column":13}},"13":{"start":{"line":14,"column":0},"end":{"line":14,"column":17}},"14":{"start":{"line":15,"column":0},"end":{"line":15,"column":21}},"15":{"start":{"line":16,"column":0},"end":{"line":16,"column":18}},"16":{"start":{"line":17,"column":0},"end":{"line":17,"column":6}},"17":{"start":{"line":18,"column":0},"end":{"line":18,"column":7}},"18":{"start":{"line":19,"column":0},"end":{"line":19,"column":8}},"19":{"start":{"line":20,"column":0},"end":{"line":20,"column":51}},"20":{"start":{"line":21,"column":0},"end":{"line":21,"column":49}},"22":{"start":{"line":23,"column":0},"end":{"line":23,"column":70}},"23":{"start":{"line":24,"column":0},"end":{"line":24,"column":20}},"24":{"start":{"line":25,"column":0},"end":{"line":25,"column":41}},"25":{"start":{"line":26,"column":0},"end":{"line":26,"column":5}},"27":{"start":{"line":28,"column":0},"end":{"line":28,"column":70}},"28":{"start":{"line":29,"column":0},"end":{"line":29,"column":21}},"29":{"start":{"line":30,"column":0},"end":{"line":30,"column":38}},"30":{"start":{"line":31,"column":0},"end":{"line":31,"column":41}},"31":{"start":{"line":32,"column":0},"end":{"line":32,"column":5}},"33":{"start":{"line":34,"column":0},"end":{"line":34,"column":65}},"34":{"start":{"line":35,"column":0},"end":{"line":35,"column":20}},"35":{"start":{"line":36,"column":0},"end":{"line":36,"column":31}},"36":{"start":{"line":37,"column":0},"end":{"line":37,"column":5}},"38":{"start":{"line":39,"column":0},"end":{"line":39,"column":64}},"39":{"start":{"line":40,"column":0},"end":{"line":40,"column":21}},"40":{"start":{"line":41,"column":0},"end":{"line":41,"column":38}},"41":{"start":{"line":42,"column":0},"end":{"line":42,"column":29}},"42":{"start":{"line":43,"column":0},"end":{"line":43,"column":5}},"44":{"start":{"line":45,"column":0},"end":{"line":45,"column":69}},"45":{"start":{"line":46,"column":0},"end":{"line":46,"column":22}},"46":{"start":{"line":47,"column":0},"end":{"line":47,"column":39}},"47":{"start":{"line":48,"column":0},"end":{"line":48,"column":5}},"49":{"start":{"line":50,"column":0},"end":{"line":50,"column":67}},"50":{"start":{"line":51,"column":0},"end":{"line":51,"column":23}},"51":{"start":{"line":52,"column":0},"end":{"line":52,"column":35}},"52":{"start":{"line":53,"column":0},"end":{"line":53,"column":5}},"54":{"start":{"line":55,"column":0},"end":{"line":55,"column":95}},"56":{"start":{"line":57,"column":0},"end":{"line":57,"column":12}},"57":{"start":{"line":58,"column":0},"end":{"line":58,"column":11}},"58":{"start":{"line":59,"column":0},"end":{"line":59,"column":17}},"59":{"start":{"line":60,"column":0},"end":{"line":60,"column":20}},"60":{"start":{"line":61,"column":0},"end":{"line":61,"column":48}},"61":{"start":{"line":62,"column":0},"end":{"line":62,"column":50}},"62":{"start":{"line":63,"column":0},"end":{"line":63,"column":39}},"63":{"start":{"line":64,"column":0},"end":{"line":64,"column":39}},"64":{"start":{"line":65,"column":0},"end":{"line":65,"column":29}},"65":{"start":{"line":66,"column":0},"end":{"line":66,"column":27}},"66":{"start":{"line":67,"column":0},"end":{"line":67,"column":37}},"67":{"start":{"line":68,"column":0},"end":{"line":68,"column":33}},"68":{"start":{"line":69,"column":0},"end":{"line":69,"column":35}},"69":{"start":{"line":70,"column":0},"end":{"line":70,"column":22}},"70":{"start":{"line":71,"column":0},"end":{"line":71,"column":8}},"72":{"start":{"line":73,"column":0},"end":{"line":73,"column":3}},"73":{"start":{"line":74,"column":0},"end":{"line":74,"column":1}},"75":{"start":{"line":76,"column":0},"end":{"line":76,"column":35}},"77":{"start":{"line":78,"column":0},"end":{"line":78,"column":30}}},"s":{"0":1,"3":1,"4":1,"5":21,"6":21,"7":21,"8":21,"9":21,"10":21,"11":21,"12":21,"13":21,"14":21,"15":21,"16":21,"17":21,"18":21,"19":21,"20":21,"22":21,"23":2,"24":2,"25":2,"27":21,"28":2,"29":2,"30":2,"31":2,"33":21,"34":1,"35":1,"36":1,"38":21,"39":2,"40":2,"41":2,"42":2,"44":21,"45":4,"46":4,"47":4,"49":21,"50":1,"51":1,"52":1,"54":21,"56":21,"57":21,"58":21,"59":21,"60":21,"61":21,"62":21,"63":21,"64":21,"65":21,"66":21,"67":21,"68":21,"69":21,"70":21,"72":21,"73":1,"75":1,"77":1},"branchMap":{"0":{"type":"branch","line":5,"loc":{"start":{"line":5,"column":2},"end":{"line":73,"column":3}},"locations":[{"start":{"line":5,"column":2},"end":{"line":73,"column":3}}]},"1":{"type":"branch","line":55,"loc":{"start":{"line":55,"column":25},"end":{"line":55,"column":51}},"locations":[{"start":{"line":55,"column":25},"end":{"line":55,"column":51}}]},"2":{"type":"branch","line":55,"loc":{"start":{"line":55,"column":38},"end":{"line":55,"column":86}},"locations":[{"start":{"line":55,"column":38},"end":{"line":55,"column":86}}]},"3":{"type":"branch","line":55,"loc":{"start":{"line":55,"column":51},"end":{"line":55,"column":75}},"locations":[{"start":{"line":55,"column":51},"end":{"line":55,"column":75}}]},"4":{"type":"branch","line":55,"loc":{"start":{"line":55,"column":63},"end":{"line":55,"column":86}},"locations":[{"start":{"line":55,"column":63},"end":{"line":55,"column":86}}]},"5":{"type":"branch","line":55,"loc":{"start":{"line":55,"column":75},"end":{"line":55,"column":95}},"locations":[{"start":{"line":55,"column":75},"end":{"line":55,"column":95}}]},"6":{"type":"branch","line":23,"loc":{"start":{"line":23,"column":4},"end":{"line":26,"column":5}},"locations":[{"start":{"line":23,"column":4},"end":{"line":26,"column":5}}]},"7":{"type":"branch","line":25,"loc":{"start":{"line":25,"column":24},"end":{"line":25,"column":41}},"locations":[{"start":{"line":25,"column":24},"end":{"line":25,"column":41}}]},"8":{"type":"branch","line":28,"loc":{"start":{"line":28,"column":4},"end":{"line":32,"column":5}},"locations":[{"start":{"line":28,"column":4},"end":{"line":32,"column":5}}]},"9":{"type":"branch","line":30,"loc":{"start":{"line":30,"column":21},"end":{"line":30,"column":38}},"locations":[{"start":{"line":30,"column":21},"end":{"line":30,"column":38}}]},"10":{"type":"branch","line":34,"loc":{"start":{"line":34,"column":4},"end":{"line":37,"column":5}},"locations":[{"start":{"line":34,"column":4},"end":{"line":37,"column":5}}]},"11":{"type":"branch","line":39,"loc":{"start":{"line":39,"column":4},"end":{"line":43,"column":5}},"locations":[{"start":{"line":39,"column":4},"end":{"line":43,"column":5}}]},"12":{"type":"branch","line":41,"loc":{"start":{"line":41,"column":21},"end":{"line":41,"column":38}},"locations":[{"start":{"line":41,"column":21},"end":{"line":41,"column":38}}]},"13":{"type":"branch","line":45,"loc":{"start":{"line":45,"column":4},"end":{"line":48,"column":5}},"locations":[{"start":{"line":45,"column":4},"end":{"line":48,"column":5}}]},"14":{"type":"branch","line":47,"loc":{"start":{"line":47,"column":23},"end":{"line":47,"column":39}},"locations":[{"start":{"line":47,"column":23},"end":{"line":47,"column":39}}]},"15":{"type":"branch","line":50,"loc":{"start":{"line":50,"column":4},"end":{"line":53,"column":5}},"locations":[{"start":{"line":50,"column":4},"end":{"line":53,"column":5}}]}},"b":{"0":[21],"1":[17],"2":[8],"3":[4],"4":[4],"5":[13],"6":[2],"7":[1],"8":[2],"9":[1],"10":[1],"11":[2],"12":[1],"13":[4],"14":[1],"15":[1]},"fnMap":{"0":{"name":"handleMouseEnter","decl":{"start":{"line":23,"column":4},"end":{"line":26,"column":5}},"loc":{"start":{"line":23,"column":4},"end":{"line":26,"column":5}},"line":23},"1":{"name":"handleMouseLeave","decl":{"start":{"line":28,"column":4},"end":{"line":32,"column":5}},"loc":{"start":{"line":28,"column":4},"end":{"line":32,"column":5}},"line":28},"2":{"name":"handleFocus","decl":{"start":{"line":34,"column":4},"end":{"line":37,"column":5}},"loc":{"start":{"line":34,"column":4},"end":{"line":37,"column":5}},"line":34},"3":{"name":"handleBlur","decl":{"start":{"line":39,"column":4},"end":{"line":43,"column":5}},"loc":{"start":{"line":39,"column":4},"end":{"line":43,"column":5}},"line":39},"4":{"name":"handleMouseDown","decl":{"start":{"line":45,"column":4},"end":{"line":48,"column":5}},"loc":{"start":{"line":45,"column":4},"end":{"line":48,"column":5}},"line":45},"5":{"name":"handleMouseUp","decl":{"start":{"line":50,"column":4},"end":{"line":53,"column":5}},"loc":{"start":{"line":50,"column":4},"end":{"line":53,"column":5}},"line":50}},"f":{"0":2,"1":2,"2":1,"3":2,"4":4,"5":1}}
,"/Users/nedyalkov/Projects/Personal/react-simple-maps/src/components/Graticule.tsx": {"path":"/Users/nedyalkov/Projects/Personal/react-simple-maps/src/components/Graticule.tsx","all":false,"statementMap":{"0":{"start":{"line":1,"column":0},"end":{"line":1,"column":40}},"1":{"start":{"line":2,"column":0},"end":{"line":2,"column":37}},"3":{"start":{"line":4,"column":0},"end":{"line":4,"column":45}},"5":{"start":{"line":6,"column":0},"end":{"line":6,"column":61}},"6":{"start":{"line":7,"column":0},"end":{"line":7,"column":3}},"7":{"start":{"line":8,"column":0},"end":{"line":8,"column":5}},"8":{"start":{"line":9,"column":0},"end":{"line":9,"column":27}},"9":{"start":{"line":10,"column":0},"end":{"line":10,"column":30}},"10":{"start":{"line":11,"column":0},"end":{"line":11,"column":22}},"11":{"start":{"line":12,"column":0},"end":{"line":12,"column":21}},"12":{"start":{"line":13,"column":0},"end":{"line":13,"column":18}},"13":{"start":{"line":14,"column":0},"end":{"line":14,"column":6}},"14":{"start":{"line":15,"column":0},"end":{"line":15,"column":7}},"15":{"start":{"line":16,"column":0},"end":{"line":16,"column":8}},"16":{"start":{"line":17,"column":0},"end":{"line":17,"column":36}},"17":{"start":{"line":18,"column":0},"end":{"line":18,"column":49}},"19":{"start":{"line":20,"column":0},"end":{"line":20,"column":12}},"20":{"start":{"line":21,"column":0},"end":{"line":21,"column":11}},"21":{"start":{"line":22,"column":0},"end":{"line":22,"column":17}},"22":{"start":{"line":23,"column":0},"end":{"line":23,"column":33}},"23":{"start":{"line":24,"column":0},"end":{"line":24,"column":19}},"24":{"start":{"line":25,"column":0},"end":{"line":25,"column":23}},"25":{"start":{"line":26,"column":0},"end":{"line":26,"column":48}},"26":{"start":{"line":27,"column":0},"end":{"line":27,"column":22}},"27":{"start":{"line":28,"column":0},"end":{"line":28,"column":8}},"29":{"start":{"line":30,"column":0},"end":{"line":30,"column":3}},"30":{"start":{"line":31,"column":0},"end":{"line":31,"column":1}},"32":{"start":{"line":33,"column":0},"end":{"line":33,"column":35}},"34":{"start":{"line":35,"column":0},"end":{"line":35,"column":30}}},"s":{"0":1,"1":1,"3":1,"5":1,"6":1,"7":10,"8":10,"9":10,"10":10,"11":10,"12":10,"13":10,"14":10,"15":10,"16":10,"17":10,"19":10,"20":10,"21":10,"22":10,"23":10,"24":10,"25":10,"26":10,"27":10,"29":10,"30":1,"32":1,"34":1},"branchMap":{"0":{"type":"branch","line":7,"loc":{"start":{"line":7,"column":2},"end":{"line":30,"column":3}},"locations":[{"start":{"line":7,"column":2},"end":{"line":30,"column":3}}]},"1":{"type":"branch","line":23,"loc":{"start":{"line":23,"column":25},"end":{"line":23,"column":33}},"locations":[{"start":{"line":23,"column":25},"end":{"line":23,"column":33}}]}},"b":{"0":[10],"1":[0]},"fnMap":{},"f":{}}
,"/Users/nedyalkov/Projects/Personal/react-simple-maps/src/components/Line.tsx": {"path":"/Users/nedyalkov/Projects/Personal/react-simple-maps/src/components/Line.tsx","all":false,"statementMap":{"0":{"start":{"line":1,"column":0},"end":{"line":1,"column":34}},"2":{"start":{"line":3,"column":0},"end":{"line":3,"column":45}},"4":{"start":{"line":5,"column":0},"end":{"line":5,"column":51}},"5":{"start":{"line":6,"column":0},"end":{"line":6,"column":3}},"6":{"start":{"line":7,"column":0},"end":{"line":7,"column":5}},"7":{"start":{"line":8,"column":0},"end":{"line":8,"column":20}},"8":{"start":{"line":9,"column":0},"end":{"line":9,"column":18}},"9":{"start":{"line":10,"column":0},"end":{"line":10,"column":18}},"10":{"start":{"line":11,"column":0},"end":{"line":11,"column":30}},"11":{"start":{"line":12,"column":0},"end":{"line":12,"column":22}},"12":{"start":{"line":13,"column":0},"end":{"line":13,"column":27}},"13":{"start":{"line":14,"column":0},"end":{"line":14,"column":21}},"14":{"start":{"line":15,"column":0},"end":{"line":15,"column":18}},"15":{"start":{"line":16,"column":0},"end":{"line":16,"column":6}},"16":{"start":{"line":17,"column":0},"end":{"line":17,"column":7}},"17":{"start":{"line":18,"column":0},"end":{"line":18,"column":8}},"18":{"start":{"line":19,"column":0},"end":{"line":19,"column":36}},"20":{"start":{"line":21,"column":0},"end":{"line":21,"column":22}},"21":{"start":{"line":22,"column":0},"end":{"line":22,"column":34}},"22":{"start":{"line":23,"column":0},"end":{"line":23,"column":45}},"23":{"start":{"line":24,"column":0},"end":{"line":24,"column":5}},"25":{"start":{"line":26,"column":0},"end":{"line":26,"column":12}},"26":{"start":{"line":27,"column":0},"end":{"line":27,"column":11}},"27":{"start":{"line":28,"column":0},"end":{"line":28,"column":17}},"28":{"start":{"line":29,"column":0},"end":{"line":29,"column":32}},"29":{"start":{"line":30,"column":0},"end":{"line":30,"column":43}},"30":{"start":{"line":31,"column":0},"end":{"line":31,"column":23}},"31":{"start":{"line":32,"column":0},"end":{"line":32,"column":33}},"32":{"start":{"line":33,"column":0},"end":{"line":33,"column":19}},"33":{"start":{"line":34,"column":0},"end":{"line":34,"column":22}},"34":{"start":{"line":35,"column":0},"end":{"line":35,"column":8}},"36":{"start":{"line":37,"column":0},"end":{"line":37,"column":3}},"37":{"start":{"line":38,"column":0},"end":{"line":38,"column":1}},"39":{"start":{"line":40,"column":0},"end":{"line":40,"column":25}},"41":{"start":{"line":42,"column":0},"end":{"line":42,"column":19}}},"s":{"0":1,"2":1,"4":1,"5":1,"6":10,"7":10,"8":10,"9":10,"10":10,"11":10,"12":10,"13":10,"14":10,"15":10,"16":10,"17":10,"18":10,"20":10,"21":10,"22":10,"23":10,"25":10,"26":10,"27":10,"28":10,"29":10,"30":10,"31":10,"32":10,"33":10,"34":10,"36":10,"37":1,"39":1,"41":1},"branchMap":{"0":{"type":"branch","line":6,"loc":{"start":{"line":6,"column":2},"end":{"line":37,"column":3}},"locations":[{"start":{"line":6,"column":2},"end":{"line":37,"column":3}}]},"1":{"type":"branch","line":23,"loc":{"start":{"line":23,"column":19},"end":{"line":23,"column":45}},"locations":[{"start":{"line":23,"column":19},"end":{"line":23,"column":45}}]},"2":{"type":"branch","line":29,"loc":{"start":{"line":29,"column":24},"end":{"line":29,"column":32}},"locations":[{"start":{"line":29,"column":24},"end":{"line":29,"column":32}}]}},"b":{"0":[10],"1":[9],"2":[0]},"fnMap":{},"f":{}}
,"/Users/nedyalkov/Projects/Personal/react-simple-maps/src/components/MapProvider.tsx": {"path":"/Users/nedyalkov/Projects/Personal/react-simple-maps/src/components/MapProvider.tsx","all":false,"statementMap":{"0":{"start":{"line":1,"column":0},"end":{"line":1,"column":89}},"1":{"start":{"line":2,"column":0},"end":{"line":2,"column":31}},"5":{"start":{"line":6,"column":0},"end":{"line":6,"column":41}},"7":{"start":{"line":8,"column":0},"end":{"line":8,"column":71}},"16":{"start":{"line":17,"column":0},"end":{"line":17,"column":25}},"17":{"start":{"line":18,"column":0},"end":{"line":18,"column":24}},"18":{"start":{"line":19,"column":0},"end":{"line":19,"column":31}},"19":{"start":{"line":20,"column":0},"end":{"line":20,"column":14}},"20":{"start":{"line":21,"column":0},"end":{"line":21,"column":15}},"21":{"start":{"line":22,"column":0},"end":{"line":22,"column":44}},"22":{"start":{"line":23,"column":0},"end":{"line":23,"column":49}},"24":{"start":{"line":25,"column":0},"end":{"line":25,"column":48}},"26":{"start":{"line":27,"column":0},"end":{"line":27,"column":63}},"27":{"start":{"line":28,"column":0},"end":{"line":28,"column":41}},"28":{"start":{"line":29,"column":0},"end":{"line":29,"column":56}},"29":{"start":{"line":30,"column":0},"end":{"line":30,"column":3}},"31":{"start":{"line":32,"column":0},"end":{"line":32,"column":79}},"32":{"start":{"line":33,"column":0},"end":{"line":33,"column":14}},"33":{"start":{"line":34,"column":0},"end":{"line":34,"column":15}},"34":{"start":{"line":35,"column":0},"end":{"line":35,"column":4}},"37":{"start":{"line":38,"column":0},"end":{"line":38,"column":47}},"38":{"start":{"line":39,"column":0},"end":{"line":39,"column":47}},"39":{"start":{"line":40,"column":0},"end":{"line":40,"column":3}},"40":{"start":{"line":41,"column":0},"end":{"line":41,"column":47}},"41":{"start":{"line":42,"column":0},"end":{"line":42,"column":47}},"42":{"start":{"line":43,"column":0},"end":{"line":43,"column":3}},"43":{"start":{"line":44,"column":0},"end":{"line":44,"column":45}},"44":{"start":{"line":45,"column":0},"end":{"line":45,"column":45}},"45":{"start":{"line":46,"column":0},"end":{"line":46,"column":3}},"47":{"start":{"line":48,"column":0},"end":{"line":48,"column":13}},"48":{"start":{"line":49,"column":0},"end":{"line":49,"column":1}},"58":{"start":{"line":59,"column":0},"end":{"line":59,"column":50}},"59":{"start":{"line":60,"column":0},"end":{"line":60,"column":8}},"60":{"start":{"line":61,"column":0},"end":{"line":61,"column":9}},"61":{"start":{"line":62,"column":0},"end":{"line":62,"column":13}},"62":{"start":{"line":63,"column":0},"end":{"line":63,"column":24}},"63":{"start":{"line":64,"column":0},"end":{"line":64,"column":11}},"64":{"start":{"line":65,"column":0},"end":{"line":65,"column":7}},"65":{"start":{"line":66,"column":0},"end":{"line":66,"column":68}},"66":{"start":{"line":67,"column":0},"end":{"line":67,"column":83}},"67":{"start":{"line":68,"column":0},"end":{"line":68,"column":71}},"68":{"start":{"line":69,"column":0},"end":{"line":69,"column":34}},"70":{"start":{"line":71,"column":0},"end":{"line":71,"column":34}},"71":{"start":{"line":72,"column":0},"end":{"line":72,"column":39}},"73":{"start":{"line":74,"column":0},"end":{"line":74,"column":47}},"74":{"start":{"line":75,"column":0},"end":{"line":75,"column":30}},"75":{"start":{"line":76,"column":0},"end":{"line":76,"column":5}},"76":{"start":{"line":77,"column":0},"end":{"line":77,"column":47}},"77":{"start":{"line":78,"column":0},"end":{"line":78,"column":49}},"78":{"start":{"line":79,"column":0},"end":{"line":79,"column":5}},"79":{"start":{"line":80,"column":0},"end":{"line":80,"column":47}},"80":{"start":{"line":81,"column":0},"end":{"line":81,"column":43}},"81":{"start":{"line":82,"column":0},"end":{"line":82,"column":5}},"82":{"start":{"line":83,"column":0},"end":{"line":83,"column":26}},"83":{"start":{"line":84,"column":0},"end":{"line":84,"column":22}},"84":{"start":{"line":85,"column":0},"end":{"line":85,"column":5}},"86":{"start":{"line":87,"column":0},"end":{"line":87,"column":27}},"87":{"start":{"line":88,"column":0},"end":{"line":88,"column":31}},"88":{"start":{"line":89,"column":0},"end":{"line":89,"column":48}},"89":{"start":{"line":90,"column":0},"end":{"line":90,"column":12}},"90":{"start":{"line":91,"column":0},"end":{"line":91,"column":13}},"91":{"start":{"line":92,"column":0},"end":{"line":92,"column":6}},"92":{"start":{"line":93,"column":0},"end":{"line":93,"column":64}},"94":{"start":{"line":95,"column":0},"end":{"line":95,"column":54}},"96":{"start":{"line":97,"column":0},"end":{"line":97,"column":47}},"97":{"start":{"line":98,"column":0},"end":{"line":98,"column":12}},"98":{"start":{"line":99,"column":0},"end":{"line":99,"column":12}},"99":{"start":{"line":100,"column":0},"end":{"line":100,"column":13}},"100":{"start":{"line":101,"column":0},"end":{"line":101,"column":25}},"101":{"start":{"line":102,"column":0},"end":{"line":102,"column":41}},"102":{"start":{"line":103,"column":0},"end":{"line":103,"column":5}},"103":{"start":{"line":104,"column":0},"end":{"line":104,"column":27}},"105":{"start":{"line":106,"column":0},"end":{"line":106,"column":76}},"106":{"start":{"line":107,"column":0},"end":{"line":107,"column":1}},"108":{"start":{"line":109,"column":0},"end":{"line":109,"column":45}},"109":{"start":{"line":110,"column":0},"end":{"line":110,"column":40}},"110":{"start":{"line":111,"column":0},"end":{"line":111,"column":30}},"111":{"start":{"line":112,"column":0},"end":{"line":112,"column":70}},"112":{"start":{"line":113,"column":0},"end":{"line":113,"column":3}},"113":{"start":{"line":114,"column":0},"end":{"line":114,"column":16}},"114":{"start":{"line":115,"column":0},"end":{"line":115,"column":1}}},"s":{"0":1,"1":1,"5":1,"7":1,"16":1,"17":82,"18":82,"19":82,"20":82,"21":82,"22":82,"24":82,"26":12,"27":13,"28":2,"29":2,"31":10,"32":10,"33":10,"34":10,"37":82,"38":2,"39":2,"40":82,"41":2,"42":2,"43":82,"44":2,"45":2,"47":10,"48":10,"58":1,"59":83,"60":83,"61":83,"62":83,"63":83,"64":83,"65":83,"66":83,"67":83,"68":83,"70":83,"71":82,"73":82,"74":2,"75":2,"76":82,"77":2,"78":2,"79":82,"80":2,"81":2,"82":82,"83":2,"84":2,"86":82,"87":82,"88":82,"89":82,"90":82,"91":82,"92":83,"94":83,"96":83,"97":80,"98":80,"99":80,"100":80,"101":80,"102":80,"103":83,"105":83,"106":83,"108":1,"109":111,"110":111,"111":2,"112":2,"113":109,"114":109},"branchMap":{"0":{"type":"branch","line":17,"loc":{"start":{"line":17,"column":23},"end":{"line":49,"column":1}},"locations":[{"start":{"line":17,"column":23},"end":{"line":49,"column":1}}]},"1":{"type":"branch","line":25,"loc":{"start":{"line":25,"column":14},"end":{"line":25,"column":48}},"locations":[{"start":{"line":25,"column":14},"end":{"line":25,"column":48}}]},"2":{"type":"branch","line":25,"loc":{"start":{"line":25,"column":21},"end":{"line":38,"column":46}},"locations":[{"start":{"line":25,"column":21},"end":{"line":38,"column":46}}]},"3":{"type":"branch","line":25,"loc":{"start":{"line":25,"column":21},"end":{"line":28,"column":40}},"locations":[{"start":{"line":25,"column":21},"end":{"line":28,"column":40}}]},"4":{"type":"branch","line":28,"loc":{"start":{"line":28,"column":40},"end":{"line":30,"column":3}},"locations":[{"start":{"line":28,"column":40},"end":{"line":30,"column":3}}]},"5":{"type":"branch","line":30,"loc":{"start":{"line":30,"column":2},"end":{"line":38,"column":33}},"locations":[{"start":{"line":30,"column":2},"end":{"line":38,"column":33}}]},"6":{"type":"branch","line":38,"loc":{"start":{"line":38,"column":23},"end":{"line":38,"column":46}},"locations":[{"start":{"line":38,"column":23},"end":{"line":38,"column":46}}]},"7":{"type":"branch","line":38,"loc":{"start":{"line":38,"column":46},"end":{"line":41,"column":46}},"locations":[{"start":{"line":38,"column":46},"end":{"line":41,"column":46}}]},"8":{"type":"branch","line":38,"loc":{"start":{"line":38,"column":46},"end":{"line":40,"column":3}},"locations":[{"start":{"line":38,"column":46},"end":{"line":40,"column":3}}]},"9":{"type":"branch","line":40,"loc":{"start":{"line":40,"column":2},"end":{"line":41,"column":33}},"locations":[{"start":{"line":40,"column":2},"end":{"line":41,"column":33}}]},"10":{"type":"branch","line":41,"loc":{"start":{"line":41,"column":23},"end":{"line":41,"column":46}},"locations":[{"start":{"line":41,"column":23},"end":{"line":41,"column":46}}]},"11":{"type":"branch","line":41,"loc":{"start":{"line":41,"column":46},"end":{"line":44,"column":44}},"locations":[{"start":{"line":41,"column":46},"end":{"line":44,"column":44}}]},"12":{"type":"branch","line":41,"loc":{"start":{"line":41,"column":46},"end":{"line":43,"column":3}},"locations":[{"start":{"line":41,"column":46},"end":{"line":43,"column":3}}]},"13":{"type":"branch","line":43,"loc":{"start":{"line":43,"column":2},"end":{"line":44,"column":32}},"locations":[{"start":{"line":43,"column":2},"end":{"line":44,"column":32}}]},"14":{"type":"branch","line":44,"loc":{"start":{"line":44,"column":23},"end":{"line":44,"column":44}},"locations":[{"start":{"line":44,"column":23},"end":{"line":44,"column":44}}]},"15":{"type":"branch","line":44,"loc":{"start":{"line":44,"column":44},"end":{"line":49,"column":1}},"locations":[{"start":{"line":44,"column":44},"end":{"line":49,"column":1}}]},"16":{"type":"branch","line":44,"loc":{"start":{"line":44,"column":44},"end":{"line":46,"column":3}},"locations":[{"start":{"line":44,"column":44},"end":{"line":46,"column":3}}]},"17":{"type":"branch","line":46,"loc":{"start":{"line":46,"column":2},"end":{"line":49,"column":1}},"locations":[{"start":{"line":46,"column":2},"end":{"line":49,"column":1}}]},"18":{"type":"branch","line":59,"loc":{"start":{"line":59,"column":48},"end":{"line":107,"column":1}},"locations":[{"start":{"line":59,"column":48},"end":{"line":107,"column":1}}]},"19":{"type":"branch","line":66,"loc":{"start":{"line":66,"column":36},"end":{"line":66,"column":68}},"locations":[{"start":{"line":66,"column":36},"end":{"line":66,"column":68}}]},"20":{"type":"branch","line":67,"loc":{"start":{"line":67,"column":40},"end":{"line":67,"column":83}},"locations":[{"start":{"line":67,"column":40},"end":{"line":67,"column":83}}]},"21":{"type":"branch","line":68,"loc":{"start":{"line":68,"column":36},"end":{"line":68,"column":71}},"locations":[{"start":{"line":68,"column":36},"end":{"line":68,"column":71}}]},"22":{"type":"branch","line":71,"loc":{"start":{"line":71,"column":27},"end":{"line":93,"column":5}},"locations":[{"start":{"line":71,"column":27},"end":{"line":93,"column":5}}]},"23":{"type":"branch","line":74,"loc":{"start":{"line":74,"column":15},"end":{"line":74,"column":46}},"locations":[{"start":{"line":74,"column":15},"end":{"line":74,"column":46}}]},"24":{"type":"branch","line":74,"loc":{"start":{"line":74,"column":46},"end":{"line":76,"column":5}},"locations":[{"start":{"line":74,"column":46},"end":{"line":76,"column":5}}]},"25":{"type":"branch","line":77,"loc":{"start":{"line":77,"column":15},"end":{"line":77,"column":46}},"locations":[{"start":{"line":77,"column":15},"end":{"line":77,"column":46}}]},"26":{"type":"branch","line":77,"loc":{"start":{"line":77,"column":46},"end":{"line":79,"column":5}},"locations":[{"start":{"line":77,"column":46},"end":{"line":79,"column":5}}]},"27":{"type":"branch","line":78,"loc":{"start":{"line":78,"column":23},"end":{"line":78,"column":32}},"locations":[{"start":{"line":78,"column":23},"end":{"line":78,"column":32}}]},"28":{"type":"branch","line":78,"loc":{"start":{"line":78,"column":32},"end":{"line":78,"column":41}},"locations":[{"start":{"line":78,"column":32},"end":{"line":78,"column":41}}]},"29":{"type":"branch","line":80,"loc":{"start":{"line":80,"column":15},"end":{"line":80,"column":46}},"locations":[{"start":{"line":80,"column":15},"end":{"line":80,"column":46}}]},"30":{"type":"branch","line":80,"loc":{"start":{"line":80,"column":46},"end":{"line":82,"column":5}},"locations":[{"start":{"line":80,"column":46},"end":{"line":82,"column":5}}]},"31":{"type":"branch","line":81,"loc":{"start":{"line":81,"column":26},"end":{"line":81,"column":35}},"locations":[{"start":{"line":81,"column":26},"end":{"line":81,"column":35}}]},"32":{"type":"branch","line":81,"loc":{"start":{"line":81,"column":35},"end":{"line":81,"column":42}},"locations":[{"start":{"line":81,"column":35},"end":{"line":81,"column":42}}]},"33":{"type":"branch","line":83,"loc":{"start":{"line":83,"column":25},"end":{"line":85,"column":5}},"locations":[{"start":{"line":83,"column":25},"end":{"line":85,"column":5}}]},"34":{"type":"branch","line":89,"loc":{"start":{"line":89,"column":18},"end":{"line":89,"column":48}},"locations":[{"start":{"line":89,"column":18},"end":{"line":89,"column":48}}]},"35":{"type":"branch","line":95,"loc":{"start":{"line":95,"column":27},"end":{"line":95,"column":43}},"locations":[{"start":{"line":95,"column":27},"end":{"line":95,"column":43}}]},"36":{"type":"branch","line":97,"loc":{"start":{"line":97,"column":24},"end":{"line":104,"column":5}},"locations":[{"start":{"line":97,"column":24},"end":{"line":104,"column":5}}]},"37":{"type":"branch","line":109,"loc":{"start":{"line":109,"column":22},"end":{"line":115,"column":1}},"locations":[{"start":{"line":109,"column":22},"end":{"line":115,"column":1}}]},"38":{"type":"branch","line":111,"loc":{"start":{"line":111,"column":29},"end":{"line":113,"column":3}},"locations":[{"start":{"line":111,"column":29},"end":{"line":113,"column":3}}]},"39":{"type":"branch","line":113,"loc":{"start":{"line":113,"column":2},"end":{"line":115,"column":1}},"locations":[{"start":{"line":113,"column":2},"end":{"line":115,"column":1}}]}},"b":{"0":[82],"1":[70],"2":[13],"3":[12],"4":[2],"5":[10],"6":[2],"7":[13],"8":[2],"9":[10],"10":[2],"11":[13],"12":[2],"13":[10],"14":[2],"15":[13],"16":[2],"17":[10],"18":[83],"19":[80],"20":[80],"21":[80],"22":[82],"23":[2],"24":[2],"25":[80],"26":[2],"27":[1],"28":[1],"29":[80],"30":[2],"31":[0],"32":[0],"33":[2],"34":[0],"35":[160],"36":[80],"37":[111],"38":[2],"39":[109]},"fnMap":{"0":{"name":"makeProjection","decl":{"start":{"line":17,"column":23},"end":{"line":49,"column":1}},"loc":{"start":{"line":17,"column":23},"end":{"line":49,"column":1}},"line":17},"1":{"name":"MapProvider","decl":{"start":{"line":59,"column":48},"end":{"line":107,"column":1}},"loc":{"start":{"line":59,"column":48},"end":{"line":107,"column":1}},"line":59},"2":{"name":"useMapContext","decl":{"start":{"line":109,"column":22},"end":{"line":115,"column":1}},"loc":{"start":{"line":109,"column":22},"end":{"line":115,"column":1}},"line":109}},"f":{"0":82,"1":83,"2":111}}
[...]
ntMap":{"0":{"start":{"line":1,"column":0},"end":{"line":1,"column":52}},"2":{"start":{"line":3,"column":0},"end":{"line":3,"column":45}},"7":{"start":{"line":8,"column":0},"end":{"line":8,"column":8}},"24":{"start":{"line":25,"column":0},"end":{"line":25,"column":40}},"25":{"start":{"line":26,"column":0},"end":{"line":26,"column":12}},"26":{"start":{"line":27,"column":0},"end":{"line":27,"column":19}},"27":{"start":{"line":28,"column":0},"end":{"line":28,"column":40}},"28":{"start":{"line":29,"column":0},"end":{"line":29,"column":34}},"29":{"start":{"line":30,"column":0},"end":{"line":30,"column":59}},"31":{"start":{"line":32,"column":0},"end":{"line":32,"column":19}},"32":{"start":{"line":33,"column":0},"end":{"line":33,"column":45}},"34":{"start":{"line":35,"column":0},"end":{"line":35,"column":26}},"36":{"start":{"line":37,"column":0},"end":{"line":37,"column":25}},"38":{"start":{"line":39,"column":0},"end":{"line":39,"column":30}},"39":{"start":{"line":40,"column":0},"end":{"line":40,"column":50}},"40":{"start":{"line":41,"column":0},"end":{"line":41,"column":33}},"41":{"start":{"line":42,"column":0},"end":{"line":42,"column":21}},"42":{"start":{"line":43,"column":0},"end":{"line":43,"column":61}},"43":{"start":{"line":44,"column":0},"end":{"line":44,"column":32}},"44":{"start":{"line":45,"column":0},"end":{"line":45,"column":12}},"45":{"start":{"line":46,"column":0},"end":{"line":46,"column":9}},"46":{"start":{"line":47,"column":0},"end":{"line":47,"column":8}},"47":{"start":{"line":48,"column":0},"end":{"line":48,"column":12}},"48":{"start":{"line":49,"column":0},"end":{"line":49,"column":17}},"49":{"start":{"line":50,"column":0},"end":{"line":50,"column":62}},"50":{"start":{"line":51,"column":0},"end":{"line":51,"column":33}},"51":{"start":{"line":52,"column":0},"end":{"line":52,"column":8}},"52":{"start":{"line":53,"column":0},"end":{"line":53,"column":5}},"54":{"start":{"line":55,"column":0},"end":{"line":55,"column":18}},"55":{"start":{"line":56,"column":0},"end":{"line":56,"column":22}},"56":{"start":{"line":57,"column":0},"end":{"line":57,"column":5}},"57":{"start":{"line":58,"column":0},"end":{"line":58,"column":35}},"59":{"start":{"line":60,"column":0},"end":{"line":60,"column":59}},"60":{"start":{"line":61,"column":0},"end":{"line":61,"column":64}},"61":{"start":{"line":62,"column":0},"end":{"line":62,"column":70}},"62":{"start":{"line":63,"column":0},"end":{"line":63,"column":12}},"63":{"start":{"line":64,"column":0},"end":{"line":64,"column":61}},"64":{"start":{"line":65,"column":0},"end":{"line":65,"column":42}},"65":{"start":{"line":66,"column":0},"end":{"line":66,"column":42}},"66":{"start":{"line":67,"column":0},"end":{"line":67,"column":5}},"67":{"start":{"line":68,"column":0},"end":{"line":68,"column":20}},"69":{"start":{"line":70,"column":0},"end":{"line":70,"column":42}},"70":{"start":{"line":71,"column":0},"end":{"line":71,"column":1}}},"s":{"0":1,"2":1,"7":1,"24":10,"25":10,"26":10,"27":10,"28":10,"29":10,"31":10,"32":8,"34":8,"36":8,"38":8,"39":6,"40":6,"41":6,"42":6,"43":6,"44":6,"45":6,"46":6,"47":8,"48":2,"49":2,"50":2,"51":2,"52":2,"54":8,"55":8,"56":8,"57":10,"59":10,"60":10,"61":10,"62":10,"63":10,"64":10,"65":10,"66":10,"67":10,"69":10,"70":10},"branchMap":{"0":{"type":"branch","line":25,"loc":{"start":{"line":25,"column":0},"end":{"line":71,"column":1}},"locations":[{"start":{"line":25,"column":0},"end":{"line":71,"column":1}}]},"1":{"type":"branch","line":32,"loc":{"start":{"line":32,"column":12},"end":{"line":58,"column":5}},"locations":[{"start":{"line":32,"column":12},"end":{"line":58,"column":5}}]},"2":{"type":"branch","line":33,"loc":{"start":{"line":33,"column":39},"end":{"line":33,"column":45}},"locations":[{"start":{"line":33,"column":39},"end":{"line":33,"column":45}}]},"3":{"type":"branch","line":35,"loc":{"start":{"line":35,"column":20},"end":{"line":35,"column":26}},"locations":[{"start":{"line":35,"column":20},"end":{"line":35,"column":26}}]},"4":{"type":"branch","line":39,"loc":{"start":{"line":39,"column":29},"end":{"line":48,"column":11}},"locations":[{"start":{"line":39,"column":29},"end":{"line":48,"column":11}}]},"5":{"type":"branch","line":48,"loc":{"start":{"line":48,"column":4},"end":{"line":53,"column":5}},"locations":[{"start":{"line":48,"column":4},"end":{"line":53,"column":5}}]},"6":{"type":"branch","line":40,"loc":{"start":{"line":40,"column":39},"end":{"line":47,"column":7}},"locations":[{"start":{"line":40,"column":39},"end":{"line":47,"column":7}}]},"7":{"type":"branch","line":55,"loc":{"start":{"line":55,"column":11},"end":{"line":57,"column":5}},"locations":[{"start":{"line":55,"column":11},"end":{"line":57,"column":5}}]},"8":{"type":"branch","line":60,"loc":{"start":{"line":60,"column":52},"end":{"line":68,"column":5}},"locations":[{"start":{"line":60,"column":52},"end":{"line":68,"column":5}}]},"9":{"type":"branch","line":61,"loc":{"start":{"line":61,"column":24},"end":{"line":61,"column":64}},"locations":[{"start":{"line":61,"column":24},"end":{"line":61,"column":64}}]},"10":{"type":"branch","line":65,"loc":{"start":{"line":65,"column":28},"end":{"line":65,"column":42}},"locations":[{"start":{"line":65,"column":28},"end":{"line":65,"column":42}}]},"11":{"type":"branch","line":66,"loc":{"start":{"line":66,"column":28},"end":{"line":66,"column":42}},"locations":[{"start":{"line":66,"column":28},"end":{"line":66,"column":42}}]}},"b":{"0":[10],"1":[8],"2":[0],"3":[0],"4":[6],"5":[2],"6":[6],"7":[8],"8":[10],"9":[9],"10":[9],"11":[9]},"fnMap":{"0":{"name":"useGeographies","decl":{"start":{"line":25,"column":0},"end":{"line":71,"column":1}},"loc":{"start":{"line":25,"column":0},"end":{"line":71,"column":1}},"line":25}},"f":{"0":10}}
,"/Users/nedyalkov/Projects/Personal/react-simple-maps/src/components/useZoomPan.tsx": {"path":"/Users/nedyalkov/Projects/Personal/react-simple-maps/src/components/useZoomPan.tsx","all":false,"statementMap":{"0":{"start":{"line":1,"column":0},"end":{"line":1,"column":51}},"1":{"start":{"line":2,"column":0},"end":{"line":2,"column":99}},"2":{"start":{"line":3,"column":0},"end":{"line":3,"column":49}},"3":{"start":{"line":4,"column":0},"end":{"line":4,"column":45}},"4":{"start":{"line":5,"column":0},"end":{"line":5,"column":36}},"22":{"start":{"line":23,"column":0},"end":{"line":23,"column":36}},"23":{"start":{"line":24,"column":0},"end":{"line":24,"column":9}},"24":{"start":{"line":25,"column":0},"end":{"line":25,"column":18}},"25":{"start":{"line":26,"column":0},"end":{"line":26,"column":14}},"26":{"start":{"line":27,"column":0},"end":{"line":27,"column":12}},"27":{"start":{"line":28,"column":0},"end":{"line":28,"column":9}},"28":{"start":{"line":29,"column":0},"end":{"line":29,"column":21}},"29":{"start":{"line":30,"column":0},"end":{"line":30,"column":27}},"30":{"start":{"line":31,"column":0},"end":{"line":31,"column":25}},"31":{"start":{"line":32,"column":0},"end":{"line":32,"column":4}},"32":{"start":{"line":33,"column":0},"end":{"line":33,"column":23}},"33":{"start":{"line":34,"column":0},"end":{"line":34,"column":11}},"34":{"start":{"line":35,"column":0},"end":{"line":35,"column":25}},"35":{"start":{"line":36,"column":0},"end":{"line":36,"column":55}},"37":{"start":{"line":38,"column":0},"end":{"line":38,"column":27}},"38":{"start":{"line":39,"column":0},"end":{"line":39,"column":81}},"39":{"start":{"line":40,"column":0},"end":{"line":40,"column":65}},"40":{"start":{"line":41,"column":0},"end":{"line":41,"column":42}},"41":{"start":{"line":42,"column":0},"end":{"line":42,"column":83}},"42":{"start":{"line":43,"column":0},"end":{"line":43,"column":36}},"44":{"start":{"line":45,"column":0},"end":{"line":45,"column":32}},"45":{"start":{"line":46,"column":0},"end":{"line":46,"column":20}},"46":{"start":{"line":47,"column":0},"end":{"line":47,"column":20}},"47":{"start":{"line":48,"column":0},"end":{"line":48,"column":40}},"49":{"start":{"line":50,"column":0},"end":{"line":50,"column":19}},"50":{"start":{"line":51,"column":0},"end":{"line":51,"column":31}},"52":{"start":{"line":53,"column":0},"end":{"line":53,"column":40}},"54":{"start":{"line":55,"column":0},"end":{"line":55,"column":74}},"55":{"start":{"line":56,"column":0},"end":{"line":56,"column":54}},"56":{"start":{"line":57,"column":0},"end":{"line":57,"column":64}},"57":{"start":{"line":58,"column":0},"end":{"line":58,"column":50}},"58":{"start":{"line":59,"column":0},"end":{"line":59,"column":21}},"59":{"start":{"line":60,"column":0},"end":{"line":60,"column":20}},"60":{"start":{"line":61,"column":0},"end":{"line":61,"column":11}},"61":{"start":{"line":62,"column":0},"end":{"line":62,"column":54}},"62":{"start":{"line":63,"column":0},"end":{"line":63,"column":38}},"63":{"start":{"line":64,"column":0},"end":{"line":64,"column":12}},"64":{"start":{"line":65,"column":0},"end":{"line":65,"column":40}},"65":{"start":{"line":66,"column":0},"end":{"line":66,"column":9}},"66":{"start":{"line":67,"column":0},"end":{"line":67,"column":7}},"67":{"start":{"line":68,"column":0},"end":{"line":68,"column":5}},"69":{"start":{"line":70,"column":0},"end":{"line":70,"column":69}},"70":{"start":{"line":71,"column":0},"end":{"line":71,"column":38}},"71":{"start":{"line":72,"column":0},"end":{"line":72,"column":48}},"72":{"start":{"line":73,"column":0},"end":{"line":73,"column":19}},"73":{"start":{"line":74,"column":0},"end":{"line":74,"column":23}},"74":{"start":{"line":75,"column":0},"end":{"line":75,"column":23}},"75":{"start":{"line":76,"column":0},"end":{"line":76,"column":23}},"76":{"start":{"line":77,"column":0},"end":{"line":77,"column":30}},"77":{"start":{"line":78,"column":0},"end":{"line":78,"column":8}},"78":{"start":{"line":79,"column":0},"end":{"line":79,"column":25}},"79":{"start":{"line":80,"column":0},"end":{"line":80,"column":56}},"80":{"start":{"line":81,"column":0},"end":{"line":81,"column":50}},"81":{"start":{"line":82,"column":0},"end":{"line":82,"column":21}},"82":{"start":{"line":83,"column":0},"end":{"line":83,"column":15}},"83":{"start":{"line":84,"column":0},"end":{"line":84,"column":11}},"84":{"start":{"line":85,"column":0},"end":{"line":85,"column":54}},"85":{"start":{"line":86,"column":0},"end":{"line":86,"column":30}},"86":{"start":{"line":87,"column":0},"end":{"line":87,"column":12}},"87":{"start":{"line":88,"column":0},"end":{"line":88,"column":40}},"88":{"start":{"line":89,"column":0},"end":{"line":89,"column":9}},"89":{"start":{"line":90,"column":0},"end":{"line":90,"column":7}},"90":{"start":{"line":91,"column":0},"end":{"line":91,"column":5}},"92":{"start":{"line":93,"column":0},"end":{"line":93,"column":72}},"93":{"start":{"line":94,"column":0},"end":{"line":94,"column":33}},"94":{"start":{"line":95,"column":0},"end":{"line":95,"column":36}},"95":{"start":{"line":96,"column":0},"end":{"line":96,"column":14}},"96":{"start":{"line":97,"column":0},"end":{"line":97,"column":7}},"97":{"start":{"line":98,"column":0},"end":{"line":98,"column":64}},"98":{"start":{"line":99,"column":0},"end":{"line":99,"column":50}},"99":{"start":{"line":100,"column":0},"end":{"line":100,"column":21}},"100":{"start":{"line":101,"column":0},"end":{"line":101,"column":31}},"101":{"start":{"line":102,"column":0},"end":{"line":102,"column":63}},"102":{"start":{"line":103,"column":0},"end":{"line":103,"column":30}},"103":{"start":{"line":104,"column":0},"end":{"line":104,"column":18}},"104":{"start":{"line":105,"column":0},"end":{"line":105,"column":61}},"105":{"start":{"line":106,"column":0},"end":{"line":106,"column":40}},"106":{"start":{"line":107,"column":0},"end":{"line":107,"column":9}},"107":{"start":{"line":108,"column":0},"end":{"line":108,"column":7}},"108":{"start":{"line":109,"column":0},"end":{"line":109,"column":5}},"110":{"start":{"line":111,"column":0},"end":{"line":111,"column":76}},"111":{"start":{"line":112,"column":0},"end":{"line":112,"column":39}},"112":{"start":{"line":113,"column":0},"end":{"line":113,"column":62}},"113":{"start":{"line":114,"column":0},"end":{"line":114,"column":7}},"114":{"start":{"line":115,"column":0},"end":{"line":115,"column":92}},"115":{"start":{"line":116,"column":0},"end":{"line":116,"column":5}},"117":{"start":{"line":118,"column":0},"end":{"line":118,"column":55}},"118":{"start":{"line":119,"column":0},"end":{"line":119,"column":25}},"119":{"start":{"line":120,"column":0},"end":{"line":120,"column":38}},"120":{"start":{"line":121,"column":0},"end":{"line":121,"column":24}},"121":{"start":{"line":122,"column":0},"end":{"line":122,"column":17}},"122":{"start":{"line":123,"column":0},"end":{"line":123,"column":17}},"123":{"start":{"line":124,"column":0},"end":{"line":124,"column":8}},"124":{"start":{"line":125,"column":0},"end":{"line":125,"column":35}},"125":{"start":{"line":126,"column":0},"end":{"line":126,"column":29}},"126":{"start":{"line":127,"column":0},"end":{"line":127,"column":31}},"128":{"start":{"line":129,"column":0},"end":{"line":129,"column":34}},"129":{"start":{"line":130,"column":0},"end":{"line":130,"column":26}},"130":{"start":{"line":131,"column":0},"end":{"line":131,"column":6}},"131":{"start":{"line":132,"column":0},"end":{"line":132,"column":10}},"132":{"start":{"line":133,"column":0},"end":{"line":133,"column":11}},"133":{"start":{"line":134,"column":0},"end":{"line":134,"column":7}},"134":{"start":{"line":135,"column":0},"end":{"line":135,"column":7}},"135":{"start":{"line":136,"column":0},"end":{"line":136,"column":7}},"136":{"start":{"line":137,"column":0},"end":{"line":137,"column":7}},"137":{"start":{"line":138,"column":0},"end":{"line":138,"column":12}},"138":{"start":{"line":139,"column":0},"end":{"line":139,"column":12}},"139":{"start":{"line":140,"column":0},"end":{"line":140,"column":15}},"140":{"start":{"line":141,"column":0},"end":{"line":141,"column":16}},"141":{"start":{"line":142,"column":0},"end":{"line":142,"column":11}},"142":{"start":{"line":143,"column":0},"end":{"line":143,"column":14}},"143":{"start":{"line":144,"column":0},"end":{"line":144,"column":20}},"144":{"start":{"line":145,"column":0},"end":{"line":145,"column":4}},"146":{"start":{"line":147,"column":0},"end":{"line":147,"column":19}},"147":{"start":{"line":148,"column":0},"end":{"line":148,"column":8}},"148":{"start":{"line":149,"column":0},"end":{"line":149,"column":39}},"149":{"start":{"line":150,"column":0},"end":{"line":150,"column":39}},"150":{"start":{"line":151,"column":0},"end":{"line":151,"column":37}},"152":{"start":{"line":153,"column":0},"end":{"line":153,"column":12}},"154":{"start":{"line":155,"column":0},"end":{"line":155,"column":41}},"155":{"start":{"line":156,"column":0},"end":{"line":156,"column":62}},"157":{"start":{"line":158,"column":0},"end":{"line":158,"column":30}},"158":{"start":{"line":159,"column":0},"end":{"line":159,"column":30}},"159":{"start":{"line":160,"column":0},"end":{"line":160,"column":40}},"161":{"start":{"line":162,"column":0},"end":{"line":162,"column":31}},"163":{"start":{"line":164,"column":0},"end":{"line":164,"column":13}},"164":{"start":{"line":165,"column":0},"end":{"line":165,"column":32}},"165":{"start":{"line":166,"column":0},"end":{"line":166,"column":73}},"166":{"start":{"line":167,"column":0},"end":{"line":167,"column":5}},"167":{"start":{"line":168,"column":0},"end":{"line":168,"column":65}},"169":{"start":{"line":170,"column":0},"end":{"line":170,"column":54}},"170":{"start":{"line":171,"column":0},"end":{"line":171,"column":49}},"172":{"start":{"line":173,"column":0},"end":{"line":173,"column":10}},"173":{"start":{"line":174,"column":0},"end":{"line":174,"column":11}},"174":{"start":{"line":175,"column":0},"end":{"line":175,"column":13}},"175":{"start":{"line":176,"column":0},"end":{"line":176,"column":83}},"176":{"start":{"line":177,"column":0},"end":{"line":177,"column":3}},"177":{"start":{"line":178,"column":0},"end":{"line":178,"column":1}}},"s":{"0":1,"1":1,"2":1,"3":1,"4":1,"22":13,"23":13,"24":13,"25":13,"26":13,"27":13,"28":13,"29":13,"30":13,"31":13,"32":13,"33":13,"34":13,"35":13,"37":13,"38":13,"39":13,"40":13,"41":13,"42":13,"44":13,"45":13,"46":13,"47":13,"49":13,"50":11,"52":11,"54":11,"55":0,"56":0,"57":0,"58":0,"59":0,"60":0,"61":0,"62":0,"63":0,"64":0,"65":0,"66":0,"67":0,"69":11,"70":0,"71":0,"72":0,"73":0,"74":0,"75":0,"76":0,"77":0,"78":0,"79":0,"80":0,"81":0,"82":0,"83":0,"84":0,"85":0,"86":0,"87":0,"88":0,"89":0,"90":0,"92":11,"93":0,"94":0,"95":0,"96":0,"97":0,"98":0,"99":0,"100":0,"101":0,"102":0,"103":0,"104":0,"105":0,"106":0,"107":0,"108":0,"110":11,"111":0,"112":0,"113":0,"114":0,"115":0,"117":11,"118":11,"119":11,"120":11,"121":11,"122":11,"123":11,"124":11,"125":11,"126":11,"128":11,"129":11,"130":13,"131":13,"132":13,"133":13,"134":13,"135":13,"136":13,"137":13,"138":13,"139":13,"140":13,"141":13,"142":13,"143":13,"144":13,"146":13,"147":11,"148":11,"149":10,"150":10,"152":11,"154":2,"155":11,"157":2,"158":2,"159":2,"161":2,"163":2,"164":2,"165":2,"166":2,"167":2,"169":2,"170":13,"172":13,"173":13,"174":13,"175":13,"176":13,"177":13},"branchMap":{"0":{"type":"branch","line":23,"loc":{"start":{"line":23,"column":0},"end":{"line":178,"column":1}},"locations":[{"start":{"line":23,"column":0},"end":{"line":178,"column":1}}]},"1":{"type":"branch","line":50,"loc":{"start":{"line":50,"column":12},"end":{"line":131,"column":5}},"locations":[{"start":{"line":50,"column":12},"end":{"line":131,"column":5}}]},"2":{"type":"branch","line":51,"loc":{"start":{"line":51,"column":25},"end":{"line":51,"column":31}},"locations":[{"start":{"line":51,"column":25},"end":{"line":51,"column":31}}]},"3":{"type":"branch","line":147,"loc":{"start":{"line":147,"column":12},"end":{"line":171,"column":5}},"locations":[{"start":{"line":147,"column":12},"end":{"line":171,"column":5}}]},"4":{"type":"branch","line":149,"loc":{"start":{"line":149,"column":35},"end":{"line":150,"column":39}},"locations":[{"start":{"line":149,"column":35},"end":{"line":150,"column":39}}]},"5":{"type":"branch","line":150,"loc":{"start":{"line":150,"column":35},"end":{"line":151,"column":37}},"locations":[{"start":{"line":150,"column":35},"end":{"line":151,"column":37}}]},"6":{"type":"branch","line":153,"loc":{"start":{"line":153,"column":6},"end":{"line":153,"column":12}},"locations":[{"start":{"line":153,"column":6},"end":{"line":153,"column":12}}]},"7":{"type":"branch","line":153,"loc":{"start":{"line":153,"column":6},"end":{"line":156,"column":38}},"locations":[{"start":{"line":153,"column":6},"end":{"line":156,"column":38}}]},"8":{"type":"branch","line":156,"loc":{"start":{"line":156,"column":27},"end":{"line":156,"column":56}},"locations":[{"start":{"line":156,"column":27},"end":{"line":156,"column":56}}]},"9":{"type":"branch","line":156,"loc":{"start":{"line":156,"column":56},"end":{"line":156,"column":62}},"locations":[{"start":{"line":156,"column":56},"end":{"line":156,"column":62}}]},"10":{"type":"branch","line":156,"loc":{"start":{"line":156,"column":56},"end":{"line":170,"column":54}},"locations":[{"start":{"line":156,"column":56},"end":{"line":170,"column":54}}]}},"b":{"0":[13],"1":[11],"2":[0],"3":[11],"4":[10],"5":[10],"6":[9],"7":[2],"8":[2],"9":[0],"10":[2]},"fnMap":{"0":{"name":"useZoomPan","decl":{"start":{"line":23,"column":0},"end":{"line":178,"column":1}},"loc":{"start":{"line":23,"column":0},"end":{"line":178,"column":1}},"line":23},"1":{"name":"handleZoomStart","decl":{"start":{"line":55,"column":4},"end":{"line":68,"column":5}},"loc":{"start":{"line":55,"column":4},"end":{"line":68,"column":5}},"line":55},"2":{"name":"handleZoom","decl":{"start":{"line":70,"column":4},"end":{"line":91,"column":5}},"loc":{"start":{"line":70,"column":4},"end":{"line":91,"column":5}},"line":70},"3":{"name":"handleZoomEnd","decl":{"start":{"line":93,"column":4},"end":{"line":109,"column":5}},"loc":{"start":{"line":93,"column":4},"end":{"line":109,"column":5}},"line":93},"4":{"name":"filterFunc","decl":{"start":{"line":111,"column":4},"end":{"line":116,"column":5}},"loc":{"start":{"line":111,"column":4},"end":{"line":116,"column":5}},"line":111}},"f":{"0":13,"1":0,"2":0,"3":0,"4":0}}
}
