{"/Users/nedyalkov/Projects/Personal/react-simple-maps/src/index.ts": {"path":"/Users/nedyalkov/Projects/Personal/react-simple-maps/src/index.ts","all":false,"statementMap":{"0":{"start":{"line":1,"column":0},"end":{"line":1,"column":69}},"1":{"start":{"line":2,"column":0},"end":{"line":2,"column":65}},"2":{"start":{"line":3,"column":0},"end":{"line":3,"column":61}},"3":{"start":{"line":4,"column":0},"end":{"line":4,"column":61}},"4":{"start":{"line":5,"column":0},"end":{"line":5,"column":69}},"5":{"start":{"line":6,"column":0},"end":{"line":6,"column":55}},"6":{"start":{"line":7,"column":0},"end":{"line":7,"column":55}},"7":{"start":{"line":8,"column":0},"end":{"line":8,"column":51}},"8":{"start":{"line":9,"column":0},"end":{"line":9,"column":63}},"9":{"start":{"line":10,"column":0},"end":{"line":10,"column":81}},"10":{"start":{"line":11,"column":0},"end":{"line":11,"column":97}},"11":{"start":{"line":12,"column":0},"end":{"line":12,"column":71}},"12":{"start":{"line":13,"column":0},"end":{"line":13,"column":63}}},"s":{"0":1,"1":1,"2":1,"3":1,"4":1,"5":1,"6":1,"7":1,"8":1,"9":1,"10":1,"11":1,"12":1},"branchMap":{},"b":{},"fnMap":{},"f":{}}
,"/Users/nedyalkov/Projects/Personal/react-simple-maps/src/types.ts": {"path":"/Users/nedyalkov/Projects/Personal/react-simple-maps/src/types.ts","all":true,"statementMap":{},"s":{},"branchMap":{"0":{"type":"branch","line":1,"loc":{"start":{"line":1,"column":4263},"end":{"line":151,"column":1}},"locations":[{"start":{"line":1,"column":4263},"end":{"line":151,"column":1}}]}},"b":{"0":[1]},"fnMap":{"0":{"name":"(empty-report)","decl":{"start":{"line":1,"column":4263},"end":{"line":151,"column":1}},"loc":{"start":{"line":1,"column":4263},"end":{"line":151,"column":1}},"line":1}},"f":{"0":1}}
,"/Users/nedyalkov/Projects/Personal/react-simple-maps/src/utils.ts": {"path":"/Users/nedyalkov/Projects/Personal/react-simple-maps/src/utils.ts","all":false,"statementMap":{"0":{"start":{"line":1,"column":0},"end":{"line":1,"column":47}},"7":{"start":{"line":8,"column":0},"end":{"line":8,"column":85}},"8":{"start":{"line":9,"column":0},"end":{"line":9,"column":35}},"9":{"start":{"line":10,"column":0},"end":{"line":10,"column":35}},"10":{"start":{"line":11,"column":0},"end":{"line":11,"column":71}},"11":{"start":{"line":12,"column":0},"end":{"line":12,"column":1}},"13":{"start":{"line":14,"column":0},"end":{"line":14,"column":98}},"14":{"start":{"line":15,"column":0},"end":{"line":15,"column":19}},"15":{"start":{"line":16,"column":0},"end":{"line":16,"column":20}},"16":{"start":{"line":17,"column":0},"end":{"line":17,"column":20}},"17":{"start":{"line":18,"column":0},"end":{"line":18,"column":35}},"18":{"start":{"line":19,"column":0},"end":{"line":19,"column":7}},"19":{"start":{"line":20,"column":0},"end":{"line":20,"column":23}},"20":{"start":{"line":21,"column":0},"end":{"line":21,"column":6}},"21":{"start":{"line":22,"column":0},"end":{"line":22,"column":23}},"22":{"start":{"line":23,"column":0},"end":{"line":23,"column":72}},"23":{"start":{"line":24,"column":0},"end":{"line":24,"column":22}},"24":{"start":{"line":25,"column":0},"end":{"line":25,"column":6}},"25":{"start":{"line":26,"column":0},"end":{"line":26,"column":1}},"27":{"start":{"line":28,"column":0},"end":{"line":28,"column":28}},"28":{"start":{"line":29,"column":0},"end":{"line":29,"column":66}},"29":{"start":{"line":30,"column":0},"end":{"line":30,"column":78}},"30":{"start":{"line":31,"column":0},"end":{"line":31,"column":24}},"31":{"start":{"line":32,"column":0},"end":{"line":32,"column":66}},"33":{"start":{"line":34,"column":0},"end":{"line":34,"column":20}},"34":{"start":{"line":35,"column":0},"end":{"line":35,"column":80}},"35":{"start":{"line":36,"column":0},"end":{"line":36,"column":49}},"36":{"start":{"line":37,"column":0},"end":{"line":37,"column":21}},"37":{"start":{"line":38,"column":0},"end":{"line":38,"column":59}},"39":{"start":{"line":40,"column":0},"end":{"line":40,"column":67}},"40":{"start":{"line":41,"column":0},"end":{"line":41,"column":3}},"42":{"start":{"line":43,"column":0},"end":{"line":43,"column":42}},"43":{"start":{"line":44,"column":0},"end":{"line":44,"column":50}},"44":{"start":{"line":45,"column":0},"end":{"line":45,"column":32}},"45":{"start":{"line":46,"column":0},"end":{"line":46,"column":13}},"46":{"start":{"line":47,"column":0},"end":{"line":47,"column":3}},"48":{"start":{"line":49,"column":0},"end":{"line":49,"column":39}},"49":{"start":{"line":50,"column":0},"end":{"line":50,"column":57}},"50":{"start":{"line":51,"column":0},"end":{"line":51,"column":24}},"51":{"start":{"line":52,"column":0},"end":{"line":52,"column":13}},"52":{"start":{"line":53,"column":0},"end":{"line":53,"column":3}},"54":{"start":{"line":55,"column":0},"end":{"line":55,"column":68}},"55":{"start":{"line":56,"column":0},"end":{"line":56,"column":74}},"56":{"start":{"line":57,"column":0},"end":{"line":57,"column":59}},"57":{"start":{"line":58,"column":0},"end":{"line":58,"column":1}},"59":{"start":{"line":60,"column":0},"end":{"line":60,"column":90}},"60":{"start":{"line":61,"column":0},"end":{"line":61,"column":66}},"61":{"start":{"line":62,"column":0},"end":{"line":62,"column":30}},"63":{"start":{"line":64,"column":0},"end":{"line":64,"column":42}},"64":{"start":{"line":65,"column":0},"end":{"line":65,"column":50}},"65":{"start":{"line":66,"column":0},"end":{"line":66,"column":32}},"66":{"start":{"line":67,"column":0},"end":{"line":67,"column":15}},"67":{"start":{"line":68,"column":0},"end":{"line":68,"column":3}},"69":{"start":{"line":70,"column":0},"end":{"line":70,"column":39}},"70":{"start":{"line":71,"column":0},"end":{"line":71,"column":57}},"71":{"start":{"line":72,"column":0},"end":{"line":72,"column":24}},"72":{"start":{"line":73,"column":0},"end":{"line":73,"column":15}},"73":{"start":{"line":74,"column":0},"end":{"line":74,"column":3}},"75":{"start":{"line":76,"column":0},"end":{"line":76,"column":74}},"76":{"start":{"line":77,"column":0},"end":{"line":77,"column":74}},"78":{"start":{"line":79,"column":0},"end":{"line":79,"column":29}},"79":{"start":{"line":80,"column":0},"end":{"line":80,"column":1}},"81":{"start":{"line":82,"column":0},"end":{"line":82,"column":28}},"82":{"start":{"line":83,"column":0},"end":{"line":83,"column":15}},"83":{"start":{"line":84,"column":0},"end":{"line":84,"column":15}},"84":{"start":{"line":85,"column":0},"end":{"line":85,"column":15}},"85":{"start":{"line":86,"column":0},"end":{"line":86,"column":37}},"86":{"start":{"line":87,"column":0},"end":{"line":87,"column":27}},"87":{"start":{"line":88,"column":0},"end":{"line":88,"column":7}},"88":{"start":{"line":89,"column":0},"end":{"line":89,"column":75}},"89":{"start":{"line":90,"column":0},"end":{"line":90,"column":75}},"90":{"start":{"line":91,"column":0},"end":{"line":91,"column":7}},"91":{"start":{"line":92,"column":0},"end":{"line":92,"column":8}},"92":{"start":{"line":93,"column":0},"end":{"line":93,"column":1}},"94":{"start":{"line":95,"column":0},"end":{"line":95,"column":32}},"95":{"start":{"line":96,"column":0},"end":{"line":96,"column":47}},"96":{"start":{"line":97,"column":0},"end":{"line":97,"column":15}},"97":{"start":{"line":98,"column":0},"end":{"line":98,"column":22}},"98":{"start":{"line":99,"column":0},"end":{"line":99,"column":20}},"99":{"start":{"line":100,"column":0},"end":{"line":100,"column":34}},"100":{"start":{"line":101,"column":0},"end":{"line":101,"column":13}},"101":{"start":{"line":102,"column":0},"end":{"line":102,"column":27}},"102":{"start":{"line":103,"column":0},"end":{"line":103,"column":31}},"103":{"start":{"line":104,"column":0},"end":{"line":104,"column":9}},"104":{"start":{"line":105,"column":0},"end":{"line":105,"column":8}},"105":{"start":{"line":106,"column":0},"end":{"line":106,"column":1}},"107":{"start":{"line":108,"column":0},"end":{"line":108,"column":36}},"108":{"start":{"line":109,"column":0},"end":{"line":109,"column":18}},"109":{"start":{"line":110,"column":0},"end":{"line":110,"column":18}},"110":{"start":{"line":111,"column":0},"end":{"line":111,"column":40}},"111":{"start":{"line":112,"column":0},"end":{"line":112,"column":11}},"112":{"start":{"line":113,"column":0},"end":{"line":113,"column":65}},"113":{"start":{"line":114,"column":0},"end":{"line":114,"column":41}},"114":{"start":{"line":115,"column":0},"end":{"line":115,"column":41}},"115":{"start":{"line":116,"column":0},"end":{"line":116,"column":76}},"116":{"start":{"line":117,"column":0},"end":{"line":117,"column":1}},"118":{"start":{"line":119,"column":0},"end":{"line":119,"column":51}},"119":{"start":{"line":120,"column":0},"end":{"line":120,"column":32}},"120":{"start":{"line":121,"column":0},"end":{"line":121,"column":1}}},"s":{"0":1,"7":1,"8":2,"9":2,"10":2,"11":2,"13":1,"14":9,"15":9,"16":8,"17":1,"18":1,"19":7,"20":9,"21":9,"22":2,"23":2,"24":9,"25":9,"27":1,"28":14,"29":14,"30":14,"31":14,"33":14,"34":4,"35":4,"36":2,"37":2,"39":4,"40":4,"42":10,"43":10,"44":14,"45":1,"46":1,"48":9,"49":9,"50":9,"51":1,"52":1,"54":8,"55":14,"56":14,"57":14,"59":1,"60":11,"61":11,"63":10,"64":10,"65":11,"66":1,"67":1,"69":9,"70":9,"71":9,"72":1,"73":1,"75":8,"76":8,"78":8,"79":8,"81":1,"82":12,"83":12,"84":12,"85":12,"86":12,"87":2,"88":2,"89":2,"90":2,"91":10,"92":12,"94":1,"95":12,"96":12,"97":12,"98":12,"99":3,"100":3,"101":3,"102":3,"103":3,"104":9,"105":12,"107":1,"108":12,"109":12,"110":12,"111":12,"112":12,"113":12,"114":12,"115":12,"116":12,"118":1,"119":15,"120":15},"branchMap":{"0":{"type":"branch","line":8,"loc":{"start":{"line":8,"column":7},"end":{"line":12,"column":1}},"locations":[{"start":{"line":8,"column":7},"end":{"line":12,"column":1}}]},"1":{"type":"branch","line":14,"loc":{"start":{"line":14,"column":7},"end":{"line":26,"column":1}},"locations":[{"start":{"line":14,"column":7},"end":{"line":26,"column":1}}]},"2":{"type":"branch","line":16,"loc":{"start":{"line":16,"column":10},"end":{"line":21,"column":5}},"locations":[{"start":{"line":16,"column":10},"end":{"line":21,"column":5}}]},"3":{"type":"branch","line":17,"loc":{"start":{"line":17,"column":19},"end":{"line":20,"column":23}},"locations":[{"start":{"line":17,"column":19},"end":{"line":20,"column":23}}]},"4":{"type":"branch","line":17,"loc":{"start":{"line":17,"column":19},"end":{"line":19,"column":7}},"locations":[{"start":{"line":17,"column":19},"end":{"line":19,"column":7}}]},"5":{"type":"branch","line":22,"loc":{"start":{"line":22,"column":11},"end":{"line":25,"column":5}},"locations":[{"start":{"line":22,"column":11},"end":{"line":25,"column":5}}]},"6":{"type":"branch","line":28,"loc":{"start":{"line":28,"column":7},"end":{"line":58,"column":1}},"locations":[{"start":{"line":28,"column":7},"end":{"line":58,"column":1}}]},"7":{"type":"branch","line":34,"loc":{"start":{"line":34,"column":19},"end":{"line":45,"column":31}},"locations":[{"start":{"line":34,"column":19},"end":{"line":45,"column":31}}]},"8":{"type":"branch","line":34,"loc":{"start":{"line":34,"column":19},"end":{"line":41,"column":3}},"locations":[{"start":{"line":34,"column":19},"end":{"line":41,"column":3}}]},"9":{"type":"branch","line":36,"loc":{"start":{"line":36,"column":48},"end":{"line":37,"column":21}},"locations":[{"start":{"line":36,"column":48},"end":{"line":37,"column":21}}]},"10":{"type":"branch","line":37,"loc":{"start":{"line":37,"column":8},"end":{"line":38,"column":59}},"locations":[{"start":{"line":37,"column":8},"end":{"line":38,"column":59}}]},"11":{"type":"branch","line":38,"loc":{"start":{"line":38,"column":45},"end":{"line":38,"column":59}},"locations":[{"start":{"line":38,"column":45},"end":{"line":38,"column":59}}]},"12":{"type":"branch","line":40,"loc":{"start":{"line":40,"column":11},"end":{"line":40,"column":59}},"locations":[{"start":{"line":40,"column":11},"end":{"line":40,"column":59}}]},"13":{"type":"branch","line":40,"loc":{"start":{"line":40,"column":55},"end":{"line":40,"column":67}},"locations":[{"start":{"line":40,"column":55},"end":{"line":40,"column":67}}]},"14":{"type":"branch","line":41,"loc":{"start":{"line":41,"column":2},"end":{"line":45,"column":31}},"locations":[{"start":{"line":41,"column":2},"end":{"line":45,"column":31}}]},"15":{"type":"branch","line":45,"loc":{"start":{"line":45,"column":31},"end":{"line":47,"column":3}},"locations":[{"start":{"line":45,"column":31},"end":{"line":47,"column":3}}]},"16":{"type":"branch","line":47,"loc":{"start":{"line":47,"column":2},"end":{"line":56,"column":55}},"locations":[{"start":{"line":47,"column":2},"end":{"line":56,"column":55}}]},"17":{"type":"branch","line":51,"loc":{"start":{"line":51,"column":23},"end":{"line":53,"column":3}},"locations":[{"start":{"line":51,"column":23},"end":{"line":53,"column":3}}]},"18":{"type":"branch","line":53,"loc":{"start":{"line":53,"column":2},"end":{"line":56,"column":55}},"locations":[{"start":{"line":53,"column":2},"end":{"line":56,"column":55}}]},"19":{"type":"branch","line":56,"loc":{"start":{"line":56,"column":43},"end":{"line":56,"column":74}},"locations":[{"start":{"line":56,"column":43},"end":{"line":56,"column":74}}]},"20":{"type":"branch","line":57,"loc":{"start":{"line":57,"column":9},"end":{"line":57,"column":54}},"locations":[{"start":{"line":57,"column":9},"end":{"line":57,"column":54}}]},"21":{"type":"branch","line":57,"loc":{"start":{"line":57,"column":50},"end":{"line":57,"column":59}},"locations":[{"start":{"line":57,"column":50},"end":{"line":57,"column":59}}]},"22":{"type":"branch","line":60,"loc":{"start":{"line":60,"column":7},"end":{"line":80,"column":1}},"locations":[{"start":{"line":60,"column":7},"end":{"line":80,"column":1}}]},"23":{"type":"branch","line":62,"loc":{"start":{"line":62,"column":19},"end":{"line":62,"column":30}},"locations":[{"start":{"line":62,"column":19},"end":{"line":62,"column":30}}]},"24":{"type":"branch","line":62,"loc":{"start":{"line":62,"column":26},"end":{"line":66,"column":31}},"locations":[{"start":{"line":62,"column":26},"end":{"line":66,"column":31}}]},"25":{"type":"branch","line":66,"loc":{"start":{"line":66,"column":31},"end":{"line":68,"column":3}},"locations":[{"start":{"line":66,"column":31},"end":{"line":68,"column":3}}]},"26":{"type":"branch","line":68,"loc":{"start":{"line":68,"column":2},"end":{"line":80,"column":1}},"locations":[{"start":{"line":68,"column":2},"end":{"line":80,"column":1}}]},"27":{"type":"branch","line":72,"loc":{"start":{"line":72,"column":23},"end":{"line":74,"column":3}},"locations":[{"start":{"line":72,"column":23},"end":{"line":74,"column":3}}]},"28":{"type":"branch","line":74,"loc":{"start":{"line":74,"column":2},"end":{"line":80,"column":1}},"locations":[{"start":{"line":74,"column":2},"end":{"line":80,"column":1}}]},"29":{"type":"branch","line":82,"loc":{"start":{"line":82,"column":7},"end":{"line":93,"column":1}},"locations":[{"start":{"line":82,"column":7},"end":{"line":93,"column":1}}]},"30":{"type":"branch","line":87,"loc":{"start":{"line":87,"column":9},"end":{"line":87,"column":27}},"locations":[{"start":{"line":87,"column":9},"end":{"line":87,"column":27}}]},"31":{"type":"branch","line":87,"loc":{"start":{"line":87,"column":20},"end":{"line":91,"column":7}},"locations":[{"start":{"line":87,"column":20},"end":{"line":91,"column":7}}]},"32":{"type":"branch","line":91,"loc":{"start":{"line":91,"column":6},"end":{"line":92,"column":8}},"locations":[{"start":{"line":91,"column":6},"end":{"line":92,"column":8}}]},"33":{"type":"branch","line":95,"loc":{"start":{"line":95,"column":7},"end":{"line":106,"column":1}},"locations":[{"start":{"line":95,"column":7},"end":{"line":106,"column":1}}]},"34":{"type":"branch","line":99,"loc":{"start":{"line":99,"column":9},"end":{"line":104,"column":9}},"locations":[{"start":{"line":99,"column":9},"end":{"line":104,"column":9}}]},"35":{"type":"branch","line":104,"loc":{"start":{"line":104,"column":8},"end":{"line":105,"column":8}},"locations":[{"start":{"line":104,"column":8},"end":{"line":105,"column":8}}]},"36":{"type":"branch","line":100,"loc":{"start":{"line":100,"column":22},"end":{"line":104,"column":8}},"locations":[{"start":{"line":100,"column":22},"end":{"line":104,"column":8}}]},"37":{"type":"branch","line":103,"loc":{"start":{"line":103,"column":23},"end":{"line":103,"column":31}},"locations":[{"start":{"line":103,"column":23},"end":{"line":103,"column":31}}]},"38":{"type":"branch","line":108,"loc":{"start":{"line":108,"column":7},"end":{"line":117,"column":1}},"locations":[{"start":{"line":108,"column":7},"end":{"line":117,"column":1}}]},"39":{"type":"branch","line":113,"loc":{"start":{"line":113,"column":39},"end":{"line":113,"column":51}},"locations":[{"start":{"line":113,"column":39},"end":{"line":113,"column":51}}]},"40":{"type":"branch","line":113,"loc":{"start":{"line":113,"column":43},"end":{"line":113,"column":65}},"locations":[{"start":{"line":113,"column":43},"end":{"line":113,"column":65}}]},"41":{"type":"branch","line":119,"loc":{"start":{"line":119,"column":7},"end":{"line":121,"column":1}},"locations":[{"start":{"line":119,"column":7},"end":{"line":121,"column":1}}]}},"b":{"0":[2],"1":[9],"2":[8],"3":[7],"4":[1],"5":[2],"6":[14],"7":[11],"8":[4],"9":[2],"10":[2],"11":[0],"12":[1],"13":[3],"14":[10],"15":[1],"16":[9],"17":[1],"18":[8],"19":[0],"20":[1],"21":[7],"22":[11],"23":[1],"24":[10],"25":[1],"26":[9],"27":[1],"28":[8],"29":[12],"30":[2],"31":[2],"32":[10],"33":[12],"34":[3],"35":[9],"36":[3],"37":[0],"38":[12],"39":[1],"40":[11],"41":[15]},"fnMap":{"0":{"name":"getCoords","decl":{"start":{"line":8,"column":7},"end":{"line":12,"column":1}},"loc":{"start":{"line":8,"column":7},"end":{"line":12,"column":1}},"line":8},"1":{"name":"fetchGeographies","decl":{"start":{"line":14,"column":7},"end":{"line":26,"column":1}},"loc":{"start":{"line":14,"column":7},"end":{"line":26,"column":1}},"line":14},"2":{"name":"getFeatures","decl":{"start":{"line":28,"column":7},"end":{"line":58,"column":1}},"loc":{"start":{"line":28,"column":7},"end":{"line":58,"column":1}},"line":28},"3":{"name":"getMesh","decl":{"start":{"line":60,"column":7},"end":{"line":80,"column":1}},"loc":{"start":{"line":60,"column":7},"end":{"line":80,"column":1}},"line":60},"4":{"name":"prepareMesh","decl":{"start":{"line":82,"column":7},"end":{"line":93,"column":1}},"loc":{"start":{"line":82,"column":7},"end":{"line":93,"column":1}},"line":82},"5":{"name":"prepareFeatures","decl":{"start":{"line":95,"column":7},"end":{"line":106,"column":1}},"loc":{"start":{"line":95,"column":7},"end":{"line":106,"column":1}},"line":95},"6":{"name":"createConnectorPath","decl":{"start":{"line":108,"column":7},"end":{"line":117,"column":1}},"loc":{"start":{"line":108,"column":7},"end":{"line":117,"column":1}},"line":108},"7":{"name":"isString","decl":{"start":{"line":119,"column":7},"end":{"line":121,"column":1}},"loc":{"start":{"line":119,"column":7},"end":{"line":121,"column":1}},"line":119}},"f":{"0":2,"1":9,"2":14,"3":11,"4":12,"5":12,"6":12,"7":15}}
,"/Users/nedyalkov/Projects/Personal/react-simple-maps/src/components/Annotation.tsx": {"path":"/Users/nedyalkov/Projects/Personal/react-simple-maps/src/components/Annotation.tsx","all":false,"statementMap":{"0":{"start":{"line":1,"column":0},"end":{"line":1,"column":44}},"2":{"start":{"line":3,"column":0},"end":{"line":3,"column":45}},"3":{"start":{"line":4,"column":0},"end":{"line":4,"column":46}},"5":{"start":{"line":6,"column":0},"end":{"line":6,"column":60}},"6":{"start":{"line":7,"column":0},"end":{"line":7,"column":3}},"7":{"start":{"line":8,"column":0},"end":{"line":8,"column":5}},"8":{"start":{"line":9,"column":0},"end":{"line":9,"column":14}},"9":{"start":{"line":10,"column":0},"end":{"line":10,"column":15}},"10":{"start":{"line":11,"column":0},"end":{"line":11,"column":21}},"11":{"start":{"line":12,"column":0},"end":{"line":12,"column":14}},"12":{"start":{"line":13,"column":0},"end":{"line":13,"column":14}},"13":{"start":{"line":14,"column":0},"end":{"line":14,"column":16}},"14":{"start":{"line":15,"column":0},"end":{"line":15,"column":21}},"15":{"start":{"line":16,"column":0},"end":{"line":16,"column":18}},"16":{"start":{"line":17,"column":0},"end":{"line":17,"column":6}},"17":{"start":{"line":18,"column":0},"end":{"line":18,"column":7}},"18":{"start":{"line":19,"column":0},"end":{"line":19,"column":8}},"19":{"start":{"line":20,"column":0},"end":{"line":20,"column":42}},"20":{"start":{"line":21,"column":0},"end":{"line":21,"column":47}},"22":{"start":{"line":23,"column":0},"end":{"line":23,"column":27}},"23":{"start":{"line":24,"column":0},"end":{"line":24,"column":17}},"24":{"start":{"line":25,"column":0},"end":{"line":25,"column":5}},"26":{"start":{"line":27,"column":0},"end":{"line":27,"column":34}},"27":{"start":{"line":28,"column":0},"end":{"line":28,"column":60}},"29":{"start":{"line":30,"column":0},"end":{"line":30,"column":12}},"30":{"start":{"line":31,"column":0},"end":{"line":31,"column":8}},"31":{"start":{"line":32,"column":0},"end":{"line":32,"column":17}},"32":{"start":{"line":33,"column":0},"end":{"line":33,"column":53}},"33":{"start":{"line":34,"column":0},"end":{"line":34,"column":49}},"34":{"start":{"line":35,"column":0},"end":{"line":35,"column":22}},"36":{"start":{"line":37,"column":0},"end":{"line":37,"column":13}},"37":{"start":{"line":38,"column":0},"end":{"line":38,"column":27}},"38":{"start":{"line":39,"column":0},"end":{"line":39,"column":28}},"39":{"start":{"line":40,"column":0},"end":{"line":40,"column":23}},"40":{"start":{"line":41,"column":0},"end":{"line":41,"column":59}},"41":{"start":{"line":42,"column":0},"end":{"line":42,"column":10}},"42":{"start":{"line":43,"column":0},"end":{"line":43,"column":18}},"43":{"start":{"line":44,"column":0},"end":{"line":44,"column":10}},"45":{"start":{"line":46,"column":0},"end":{"line":46,"column":3}},"46":{"start":{"line":47,"column":0},"end":{"line":47,"column":1}},"48":{"start":{"line":49,"column":0},"end":{"line":49,"column":37}},"50":{"start":{"line":51,"column":0},"end":{"line":51,"column":25}}},"s":{"0":1,"2":1,"3":1,"5":1,"6":1,"7":9,"8":9,"9":9,"10":9,"11":9,"12":9,"13":9,"14":9,"15":9,"16":9,"17":9,"18":9,"19":9,"20":9,"22":9,"23":1,"24":1,"26":8,"27":8,"29":8,"30":8,"31":8,"32":8,"33":8,"34":8,"36":8,"37":8,"38":8,"39":8,"40":8,"41":8,"42":8,"43":8,"45":9,"46":1,"48":1,"50":1},"branchMap":{"0":{"type":"branch","line":7,"loc":{"start":{"line":7,"column":2},"end":{"line":46,"column":3}},"locations":[{"start":{"line":7,"column":2},"end":{"line":46,"column":3}}]},"1":{"type":"branch","line":23,"loc":{"start":{"line":23,"column":26},"end":{"line":25,"column":5}},"locations":[{"start":{"line":23,"column":26},"end":{"line":25,"column":5}}]},"2":{"type":"branch","line":25,"loc":{"start":{"line":25,"column":4},"end":{"line":44,"column":10}},"locations":[{"start":{"line":25,"column":4},"end":{"line":44,"column":10}}]}},"b":{"0":[9],"1":[1],"2":[8]},"fnMap":{},"f":{}}
,"/Users/nedyalkov/Projects/Personal/react-simple-maps/src/components/ComposableMap.tsx": {"path":"/Users/nedyalkov/Projects/Personal/react-simple-maps/src/components/ComposableMap.tsx","all":false,"statementMap":{"0":{"start":{"line":1,"column":0},"end":{"line":1,"column":34}},"2":{"start":{"line":3,"column":0},"end":{"line":3,"column":43}},"4":{"start":{"line":5,"column":0},"end":{"line":5,"column":68}},"5":{"start":{"line":6,"column":0},"end":{"line":6,"column":3}},"6":{"start":{"line":7,"column":0},"end":{"line":7,"column":5}},"7":{"start":{"line":8,"column":0},"end":{"line":8,"column":18}},"8":{"start":{"line":9,"column":0},"end":{"line":9,"column":19}},"9":{"start":{"line":10,"column":0},"end":{"line":10,"column":35}},"10":{"start":{"line":11,"column":0},"end":{"line":11,"column":28}},"11":{"start":{"line":12,"column":0},"end":{"line":12,"column":21}},"12":{"start":{"line":13,"column":0},"end":{"line":13,"column":15}},"13":{"start":{"line":14,"column":0},"end":{"line":14,"column":18}},"14":{"start":{"line":15,"column":0},"end":{"line":15,"column":6}},"15":{"start":{"line":16,"column":0},"end":{"line":16,"column":7}},"16":{"start":{"line":17,"column":0},"end":{"line":17,"column":8}},"17":{"start":{"line":18,"column":0},"end":{"line":18,"column":12}},"18":{"start":{"line":19,"column":0},"end":{"line":19,"column":18}},"19":{"start":{"line":20,"column":0},"end":{"line":20,"column":21}},"20":{"start":{"line":21,"column":0},"end":{"line":21,"column":23}},"21":{"start":{"line":22,"column":0},"end":{"line":22,"column":31}},"22":{"start":{"line":23,"column":0},"end":{"line":23,"column":43}},"24":{"start":{"line":25,"column":0},"end":{"line":25,"column":12}},"25":{"start":{"line":26,"column":0},"end":{"line":26,"column":19}},"26":{"start":{"line":27,"column":0},"end":{"line":27,"column":44}},"27":{"start":{"line":28,"column":0},"end":{"line":28,"column":44}},"28":{"start":{"line":29,"column":0},"end":{"line":29,"column":24}},"30":{"start":{"line":31,"column":0},"end":{"line":31,"column":20}},"31":{"start":{"line":32,"column":0},"end":{"line":32,"column":14}},"32":{"start":{"line":33,"column":0},"end":{"line":33,"column":20}},"34":{"start":{"line":35,"column":0},"end":{"line":35,"column":3}},"35":{"start":{"line":36,"column":0},"end":{"line":36,"column":1}},"37":{"start":{"line":38,"column":0},"end":{"line":38,"column":43}},"39":{"start":{"line":40,"column":0},"end":{"line":40,"column":28}}},"s":{"0":1,"2":1,"4":1,"5":1,"6":13,"7":13,"8":13,"9":13,"10":13,"11":13,"12":13,"13":13,"14":13,"15":13,"16":13,"17":13,"18":13,"19":13,"20":13,"21":13,"22":13,"24":13,"25":13,"26":13,"27":13,"28":13,"30":13,"31":13,"32":13,"34":13,"35":1,"37":1,"39":1},"branchMap":{"0":{"type":"branch","line":6,"loc":{"start":{"line":6,"column":2},"end":{"line":35,"column":3}},"locations":[{"start":{"line":6,"column":2},"end":{"line":35,"column":3}}]}},"b":{"0":[13]},"fnMap":{},"f":{}}
,"/Users/nedyalkov/Projects/Personal/react-simple-maps/src/components/Geographies.tsx": {"path":"/Users/nedyalkov/Projects/Personal/react-simple-maps/src/components/Geographies.tsx","all":false,"statementMap":{"0":{"start":{"line":1,"column":0},"end":{"line":1,"column":34}},"2":{"start":{"line":3,"column":0},"end":{"line":3,"column":45}},"3":{"start":{"line":4,"column":0},"end":{"line":4,"column":45}},"5":{"start":{"line":6,"column":0},"end":{"line":6,"column":62}},"6":{"start":{"line":7,"column":0},"end":{"line":7,"column":85}},"7":{"start":{"line":8,"column":0},"end":{"line":8,"column":48}},"8":{"start":{"line":9,"column":0},"end":{"line":9,"column":62}},"9":{"start":{"line":10,"column":0},"end":{"line":10,"column":16}},"10":{"start":{"line":11,"column":0},"end":{"line":11,"column":52}},"11":{"start":{"line":12,"column":0},"end":{"line":12,"column":6}},"13":{"start":{"line":14,"column":0},"end":{"line":14,"column":12}},"14":{"start":{"line":15,"column":0},"end":{"line":15,"column":77}},"15":{"start":{"line":16,"column":0},"end":{"line":16,"column":23}},"16":{"start":{"line":17,"column":0},"end":{"line":17,"column":35}},"17":{"start":{"line":18,"column":0},"end":{"line":18,"column":72}},"18":{"start":{"line":19,"column":0},"end":{"line":19,"column":10}},"20":{"start":{"line":21,"column":0},"end":{"line":21,"column":3}},"21":{"start":{"line":22,"column":0},"end":{"line":22,"column":1}},"23":{"start":{"line":24,"column":0},"end":{"line":24,"column":39}},"25":{"start":{"line":26,"column":0},"end":{"line":26,"column":26}}},"s":{"0":1,"2":1,"3":1,"5":1,"6":1,"7":10,"8":10,"9":10,"10":10,"11":10,"13":10,"14":10,"15":10,"16":10,"17":2,"18":10,"20":10,"21":1,"23":1,"25":1},"branchMap":{"0":{"type":"branch","line":7,"loc":{"start":{"line":7,"column":2},"end":{"line":21,"column":3}},"locations":[{"start":{"line":7,"column":2},"end":{"line":21,"column":3}}]},"1":{"type":"branch","line":11,"loc":{"start":{"line":11,"column":10},"end":{"line":11,"column":52}},"locations":[{"start":{"line":11,"column":10},"end":{"line":11,"column":52}}]},"2":{"type":"branch","line":17,"loc":{"start":{"line":17,"column":31},"end":{"line":18,"column":72}},"locations":[{"start":{"line":17,"column":31},"end":{"line":18,"column":72}}]}},"b":{"0":[10],"1":[1],"2":[2]},"fnMap":{},"f":{}}
,"/Users/nedyalkov/Projects/Personal/react-simple-maps/src/components/Geography.tsx": {"path":"/Users/nedyalkov/Projects/Personal/react-simple-maps/src/components/Geography.tsx","all":false,"statementMap":{"0":{"start":{"line":1,"column":0},"end":{"line":1,"column":50}},"3":{"start":{"line":4,"column":0},"end":{"line":4,"column":61}},"4":{"start":{"line":5,"column":0},"end":{"line":5,"column":3}},"5":{"start":{"line":6,"column":0},"end":{"line":6,"column":5}},"6":{"start":{"line":7,"column":0},"end":{"line":7,"column":16}},"7":{"start":{"line":8,"column":0},"end":{"line":8,"column":19}},"8":{"start":{"line":9,"column":0},"end":{"line":9,"column":19}},"9":{"start":{"line":10,"column":0},"end":{"line":10,"column":18}},"10":{"start":{"line":11,"column":0},"end":{"line":11,"column":16}},"11":{"start":{"line":12,"column":0},"end":{"line":12,"column":14}},"12":{"start":{"line":13,"column":0},"end":{"line":13,"column":13}},"13":{"start":{"line":14,"column":0},"end":{"line":14,"column":17}},"14":{"start":{"line":15,"column":0},"end":{"line":15,"column":21}},"15":{"start":{"line":16,"column":0},"end":{"line":16,"column":18}},"16":{"start":{"line":17,"column":0},"end":{"line":17,"column":6}},"17":{"start":{"line":18,"column":0},"end":{"line":18,"column":7}},"18":{"start":{"line":19,"column":0},"end":{"line":19,"column":8}},"19":{"start":{"line":20,"column":0},"end":{"line":20,"column":51}},"20":{"start":{"line":21,"column":0},"end":{"line":21,"column":49}},"22":{"start":{"line":23,"column":0},"end":{"line":23,"column":70}},"23":{"start":{"line":24,"column":0},"end":{"line":24,"column":20}},"24":{"start":{"line":25,"column":0},"end":{"line":25,"column":41}},"25":{"start":{"line":26,"column":0},"end":{"line":26,"column":5}},"27":{"start":{"line":28,"column":0},"end":{"line":28,"column":70}},"28":{"start":{"line":29,"column":0},"end":{"line":29,"column":21}},"29":{"start":{"line":30,"column":0},"end":{"line":30,"column":38}},"30":{"start":{"line":31,"column":0},"end":{"line":31,"column":41}},"31":{"start":{"line":32,"column":0},"end":{"line":32,"column":5}},"33":{"start":{"line":34,"column":0},"end":{"line":34,"column":65}},"34":{"start":{"line":35,"column":0},"end":{"line":35,"column":20}},"35":{"start":{"line":36,"column":0},"end":{"line":36,"column":31}},"36":{"start":{"line":37,"column":0},"end":{"line":37,"column":5}},"38":{"start":{"line":39,"column":0},"end":{"line":39,"column":64}},"39":{"start":{"line":40,"column":0},"end":{"line":40,"column":21}},"40":{"start":{"line":41,"column":0},"end":{"line":41,"column":38}},"41":{"start":{"line":42,"column":0},"end":{"line":42,"column":29}},"42":{"start":{"line":43,"column":0},"end":{"line":43,"column":5}},"44":{"start":{"line":45,"column":0},"end":{"line":45,"column":69}},"45":{"start":{"line":46,"column":0},"end":{"line":46,"column":22}},"46":{"start":{"line":47,"column":0},"end":{"line":47,"column":39}},"47":{"start":{"line":48,"column":0},"end":{"line":48,"column":5}},"49":{"start":{"line":50,"column":0},"end":{"line":50,"column":67}},"50":{"start":{"line":51,"column":0},"end":{"line":51,"column":23}},"51":{"start":{"line":52,"column":0},"end":{"line":52,"column":35}},"52":{"start":{"line":53,"column":0},"end":{"line":53,"column":5}},"54":{"start":{"line":55,"column":0},"end":{"line":55,"column":95}},"56":{"start":{"line":57,"column":0},"end":{"line":57,"column":12}},"57":{"start":{"line":58,"column":0},"end":{"line":58,"column":11}},"58":{"start":{"line":59,"column":0},"end":{"line":59,"column":17}},"59":{"start":{"line":60,"column":0},"end":{"line":60,"column":20}},"60":{"start":{"line":61,"column":0},"end":{"line":61,"column":48}},"61":{"start":{"line":62,"column":0},"end":{"line":62,"column":38}},"62":{"start":{"line":63,"column":0},"end":{"line":63,"column":39}},"63":{"start":{"line":64,"column":0},"end":{"line":64,"column":39}},"64":{"start":{"line":65,"column":0},"end":{"line":65,"column":29}},"65":{"start":{"line":66,"column":0},"end":{"line":66,"column":27}},"66":{"start":{"line":67,"column":0},"end":{"line":67,"column":37}},"67":{"start":{"line":68,"column":0},"end":{"line":68,"column":33}},"68":{"start":{"line":69,"column":0},"end":{"line":69,"column":35}},"69":{"start":{"line":70,"column":0},"end":{"line":70,"column":22}},"70":{"start":{"line":71,"column":0},"end":{"line":71,"column":8}},"72":{"start":{"line":73,"column":0},"end":{"line":73,"column":3}},"73":{"start":{"line":74,"column":0},"end":{"line":74,"column":1}},"75":{"start":{"line":76,"column":0},"end":{"line":76,"column":35}},"77":{"start":{"line":78,"column":0},"end":{"line":78,"column":30}}},"s":{"0":1,"3":1,"4":1,"5":21,"6":21,"7":21,"8":21,"9":21,"10":21,"11":21,"12":21,"13":21,"14":21,"15":21,"16":21,"17":21,"18":21,"19":21,"20":21,"22":21,"23":2,"24":2,"25":2,"27":21,"28":2,"29":2,"30":2,"31":2,"33":21,"34":1,"35":1,"36":1,"38":21,"39":2,"40":2,"41":2,"42":2,"44":21,"45":4,"46":4,"47":4,"49":21,"50":1,"51":1,"52":1,"54":21,"56":21,"57":21,"58":21,"59":21,"60":21,"61":21,"62":21,"63":21,"64":21,"65":21,"66":21,"67":21,"68":21,"69":21,"70":21,"72":21,"73":1,"75":1,"77":1},"branchMap":{"0":{"type":"branch","line":5,"loc":{"start":{"line":5,"column":2},"end":{"line":73,"column":3}},"locations":[{"start":{"line":5,"column":2},"end":{"line":73,"column":3}}]},"1":{"type":"branch","line":55,"loc":{"start":{"line":55,"column":25},"end":{"line":55,"column":51}},"locations":[{"start":{"line":55,"column":25},"end":{"line":55,"column":51}}]},"2":{"type":"branch","line":55,"loc":{"start":{"line":55,"column":38},"end":{"line":55,"column":86}},"locations":[{"start":{"line":55,"column":38},"end":{"line":55,"column":86}}]},"3":{"type":"branch","line":55,"loc":{"start":{"line":55,"column":51},"end":{"line":55,"column":75}},"locations":[{"start":{"line":55,"column":51},"end":{"line":55,"column":75}}]},"4":{"type":"branch","line":55,"loc":{"start":{"line":55,"column":63},"end":{"line":55,"column":86}},"locations":[{"start":{"line":55,"column":63},"end":{"line":55,"column":86}}]},"5":{"type":"branch","line":55,"loc":{"start":{"line":55,"column":75},"end":{"line":55,"column":95}},"locations":[{"start":{"line":55,"column":75},"end":{"line":55,"column":95}}]},"6":{"type":"branch","line":23,"loc":{"start":{"line":23,"column":4},"end":{"line":26,"column":5}},"locations":[{"start":{"line":23,"column":4},"end":{"line":26,"column":5}}]},"7":{"type":"branch","line":25,"loc":{"start":{"line":25,"column":24},"end":{"line":25,"column":41}},"locations":[{"start":{"line":25,"column":24},"end":{"line":25,"column":41}}]},"8":{"type":"branch","line":28,"loc":{"start":{"line":28,"column":4},"end":{"line":32,"column":5}},"locations":[{"start":{"line":28,"column":4},"end":{"line":32,"column":5}}]},"9":{"type":"branch","line":30,"loc":{"start":{"line":30,"column":21},"end":{"line":30,"column":38}},"locations":[{"start":{"line":30,"column":21},"end":{"line":30,"column":38}}]},"10":{"type":"branch","line":34,"loc":{"start":{"line":34,"column":4},"end":{"line":37,"column":5}},"locations":[{"start":{"line":34,"column":4},"end":{"line":37,"column":5}}]},"11":{"type":"branch","line":39,"loc":{"start":{"line":39,"column":4},"end":{"line":43,"column":5}},"locations":[{"start":{"line":39,"column":4},"end":{"line":43,"column":5}}]},"12":{"type":"branch","line":41,"loc":{"start":{"line":41,"column":21},"end":{"line":41,"column":38}},"locations":[{"start":{"line":41,"column":21},"end":{"line":41,"column":38}}]},"13":{"type":"branch","line":45,"loc":{"start":{"line":45,"column":4},"end":{"line":48,"column":5}},"locations":[{"start":{"line":45,"column":4},"end":{"line":48,"column":5}}]},"14":{"type":"branch","line":47,"loc":{"start":{"line":47,"column":23},"end":{"line":47,"column":39}},"locations":[{"start":{"line":47,"column":23},"end":{"line":47,"column":39}}]},"15":{"type":"branch","line":50,"loc":{"start":{"line":50,"column":4},"end":{"line":53,"column":5}},"locations":[{"start":{"line":50,"column":4},"end":{"line":53,"column":5}}]}},"b":{"0":[21],"1":[17],"2":[8],"3":[4],"4":[4],"5":[13],"6":[2],"7":[1],"8":[2],"9":[1],"10":[1],"11":[2],"12":[1],"13":[4],"14":[1],"15":[1]},"fnMap":{"0":{"name":"handleMouseEnter","decl":{"start":{"line":23,"column":4},"end":{"line":26,"column":5}},"loc":{"start":{"line":23,"column":4},"end":{"line":26,"column":5}},"line":23},"1":{"name":"handleMouseLeave","decl":{"start":{"line":28,"column":4},"end":{"line":32,"column":5}},"loc":{"start":{"line":28,"column":4},"end":{"line":32,"column":5}},"line":28},"2":{"name":"handleFocus","decl":{"start":{"line":34,"column":4},"end":{"line":37,"column":5}},"loc":{"start":{"line":34,"column":4},"end":{"line":37,"column":5}},"line":34},"3":{"name":"handleBlur","decl":{"start":{"line":39,"column":4},"end":{"line":43,"column":5}},"loc":{"start":{"line":39,"column":4},"end":{"line":43,"column":5}},"line":39},"4":{"name":"handleMouseDown","decl":{"start":{"line":45,"column":4},"end":{"line":48,"column":5}},"loc":{"start":{"line":45,"column":4},"end":{"line":48,"column":5}},"line":45},"5":{"name":"handleMouseUp","decl":{"start":{"line":50,"column":4},"end":{"line":53,"column":5}},"loc":{"start":{"line":50,"column":4},"end":{"line":53,"column":5}},"line":50}},"f":{"0":2,"1":2,"2":1,"3":2,"4":4,"5":1}}
,"/Users/nedyalkov/Projects/Personal/react-simple-maps/src/components/Graticule.tsx": {"path":"/Users/nedyalkov/Projects/Personal/react-simple-maps/src/components/Graticule.tsx","all":false,"statementMap":{"0":{"start":{"line":1,"column":0},"end":{"line":1,"column":40}},"1":{"start":{"line":2,"column":0},"end":{"line":2,"column":37}},"3":{"start":{"line":4,"column":0},"end":{"line":4,"column":45}},"5":{"start":{"line":6,"column":0},"end":{"line":6,"column":61}},"6":{"start":{"line":7,"column":0},"end":{"line":7,"column":3}},"7":{"start":{"line":8,"column":0},"end":{"line":8,"column":5}},"8":{"start":{"line":9,"column":0},"end":{"line":9,"column":27}},"9":{"start":{"line":10,"column":0},"end":{"line":10,"column":30}},"10":{"start":{"line":11,"column":0},"end":{"line":11,"column":22}},"11":{"start":{"line":12,"column":0},"end":{"line":12,"column":21}},"12":{"start":{"line":13,"column":0},"end":{"line":13,"column":18}},"13":{"start":{"line":14,"column":0},"end":{"line":14,"column":6}},"14":{"start":{"line":15,"column":0},"end":{"line":15,"column":7}},"15":{"start":{"line":16,"column":0},"end":{"line":16,"column":8}},"16":{"start":{"line":17,"column":0},"end":{"line":17,"column":36}},"17":{"start":{"line":18,"column":0},"end":{"line":18,"column":49}},"19":{"start":{"line":20,"column":0},"end":{"line":20,"column":12}},"20":{"start":{"line":21,"column":0},"end":{"line":21,"column":11}},"21":{"start":{"line":22,"column":0},"end":{"line":22,"column":17}},"22":{"start":{"line":23,"column":0},"end":{"line":23,"column":33}},"23":{"start":{"line":24,"column":0},"end":{"line":24,"column":19}},"24":{"start":{"line":25,"column":0},"end":{"line":25,"column":23}},"25":{"start":{"line":26,"column":0},"end":{"line":26,"column":48}},"26":{"start":{"line":27,"column":0},"end":{"line":27,"column":22}},"27":{"start":{"line":28,"column":0},"end":{"line":28,"column":8}},"29":{"start":{"line":30,"column":0},"end":{"line":30,"column":3}},"30":{"start":{"line":31,"column":0},"end":{"line":31,"column":1}},"32":{"start":{"line":33,"column":0},"end":{"line":33,"column":35}},"34":{"start":{"line":35,"column":0},"end":{"line":35,"column":30}}},"s":{"0":1,"1":1,"3":1,"5":1,"6":1,"7":10,"8":10,"9":10,"10":10,"11":10,"12":10,"13":10,"14":10,"15":10,"16":10,"17":10,"19":10,"20":10,"21":10,"22":10,"23":10,"24":10,"25":10,"26":10,"27":10,"29":10,"30":1,"32":1,"34":1},"branchMap":{"0":{"type":"branch","line":7,"loc":{"start":{"line":7,"column":2},"end":{"line":30,"column":3}},"locations":[{"start":{"line":7,"column":2},"end":{"line":30,"column":3}}]},"1":{"type":"branch","line":23,"loc":{"start":{"line":23,"column":25},"end":{"line":23,"column":33}},"locations":[{"start":{"line":23,"column":25},"end":{"line":23,"column":33}}]}},"b":{"0":[10],"1":[0]},"fnMap":{},"f":{}}
,"/Users/nedyalkov/Projects/Personal/react-simple-maps/src/components/Line.tsx": {"path":"/Users/nedyalkov/Projects/Personal/react-simple-maps/src/components/Line.tsx","all":false,"statementMap":{"0":{"start":{"line":1,"column":0},"end":{"line":1,"column":34}},"2":{"start":{"line":3,"column":0},"end":{"line":3,"column":45}},"4":{"start":{"line":5,"column":0},"end":{"line":5,"column":51}},"5":{"start":{"line":6,"column":0},"end":{"line":6,"column":3}},"6":{"start":{"line":7,"column":0},"end":{"line":7,"column":5}},"7":{"start":{"line":8,"column":0},"end":{"line":8,"column":20}},"8":{"start":{"line":9,"column":0},"end":{"line":9,"column":18}},"9":{"start":{"line":10,"column":0},"end":{"line":10,"column":18}},"10":{"start":{"line":11,"column":0},"end":{"line":11,"column":30}},"11":{"start":{"line":12,"column":0},"end":{"line":12,"column":22}},"12":{"start":{"line":13,"column":0},"end":{"line":13,"column":27}},"13":{"start":{"line":14,"column":0},"end":{"line":14,"column":21}},"14":{"start":{"line":15,"column":0},"end":{"line":15,"column":18}},"15":{"start":{"line":16,"column":0},"end":{"line":16,"column":6}},"16":{"start":{"line":17,"column":0},"end":{"line":17,"column":7}},"17":{"start":{"line":18,"column":0},"end":{"line":18,"column":8}},"18":{"start":{"line":19,"column":0},"end":{"line":19,"column":36}},"20":{"start":{"line":21,"column":0},"end":{"line":21,"column":22}},"21":{"start":{"line":22,"column":0},"end":{"line":22,"column":34}},"22":{"start":{"line":23,"column":0},"end":{"line":23,"column":45}},"23":{"start":{"line":24,"column":0},"end":{"line":24,"column":5}},"25":{"start":{"line":26,"column":0},"end":{"line":26,"column":12}},"26":{"start":{"line":27,"column":0},"end":{"line":27,"column":11}},"27":{"start":{"line":28,"column":0},"end":{"line":28,"column":17}},"28":{"start":{"line":29,"column":0},"end":{"line":29,"column":32}},"29":{"start":{"line":30,"column":0},"end":{"line":30,"column":43}},"30":{"start":{"line":31,"column":0},"end":{"line":31,"column":23}},"31":{"start":{"line":32,"column":0},"end":{"line":32,"column":33}},"32":{"start":{"line":33,"column":0},"end":{"line":33,"column":19}},"33":{"start":{"line":34,"column":0},"end":{"line":34,"column":22}},"34":{"start":{"line":35,"column":0},"end":{"line":35,"column":8}},"36":{"start":{"line":37,"column":0},"end":{"line":37,"column":3}},"37":{"start":{"line":38,"column":0},"end":{"line":38,"column":1}},"39":{"start":{"line":40,"column":0},"end":{"line":40,"column":25}},"41":{"start":{"line":42,"column":0},"end":{"line":42,"column":19}}},"s":{"0":1,"2":1,"4":1,"5":1,"6":10,"7":10,"8":10,"9":10,"10":10,"11":10,"12":10,"13":10,"14":10,"15":10,"16":10,"17":10,"18":10,"20":10,"21":10,"22":10,"23":10,"25":10,"26":10,"27":10,"28":10,"29":10,"30":10,"31":10,"32":10,"33":10,"34":10,"36":10,"37":1,"39":1,"41":1},"branchMap":{"0":{"type":"branch","line":6,"loc":{"start":{"line":6,"column":2},"end":{"line":37,"column":3}},"locations":[{"start":{"line":6,"column":2},"end":{"line":37,"column":3}}]},"1":{"type":"branch","line":23,"loc":{"start":{"line":23,"column":19},"end":{"line":23,"column":45}},"locations":[{"start":{"line":23,"column":19},"end":{"line":23,"column":45}}]},"2":{"type":"branch","line":29,"loc":{"start":{"line":29,"column":24},"end":{"line":29,"column":32}},"locations":[{"start":{"line":29,"column":24},"end":{"line":29,"column":32}}]}},"b":{"0":[10],"1":[9],"2":[0]},"fnMap":{},"f":{}}
,"/Users/nedyalkov/Projects/Personal/react-simple-maps/src/components/MapProvider.tsx": {"path":"/Users/nedyalkov/Projects/Personal/react-simple-maps/src/components/MapProvider.tsx","all":false,"statementMap":{"0":{"start":{"line":1,"column":0},"end":{"line":1,"column":89}},"1":{"start":{"line":2,"column":0},"end":{"line":2,"column":31}},"5":{"start":{"line":6,"column":0},"end":{"line":6,"column":41}},"7":{"start":{"line":8,"column":0},"end":{"line":8,"column":71}},"16":{"start":{"line":17,"column":0},"end":{"line":17,"column":25}},"17":{"start":{"line":18,"column":0},"end":{"line":18,"column":24}},"18":{"start":{"line":19,"column":0},"end":{"line":19,"column":31}},"19":{"start":{"line":20,"column":0},"end":{"line":20,"column":14}},"20":{"start":{"line":21,"column":0},"end":{"line":21,"column":15}},"21":{"start":{"line":22,"column":0},"end":{"line":22,"column":44}},"22":{"start":{"line":23,"column":0},"end":{"line":23,"column":49}},"24":{"start":{"line":25,"column":0},"end":{"line":25,"column":48}},"26":{"start":{"line":27,"column":0},"end":{"line":27,"column":63}},"27":{"start":{"line":28,"column":0},"end":{"line":28,"column":41}},"28":{"start":{"line":29,"column":0},"end":{"line":29,"column":56}},"29":{"start":{"line":30,"column":0},"end":{"line":30,"column":3}},"31":{"start":{"line":32,"column":0},"end":{"line":32,"column":86}},"33":{"start":{"line":34,"column":0},"end":{"line":34,"column":21}},"34":{"start":{"line":35,"column":0},"end":{"line":35,"column":34}},"35":{"start":{"line":36,"column":0},"end":{"line":36,"column":34}},"36":{"start":{"line":37,"column":0},"end":{"line":37,"column":32}},"37":{"start":{"line":38,"column":0},"end":{"line":38,"column":40}},"38":{"start":{"line":39,"column":0},"end":{"line":39,"column":3}},"40":{"start":{"line":41,"column":0},"end":{"line":41,"column":28}},"41":{"start":{"line":42,"column":0},"end":{"line":42,"column":18}},"42":{"start":{"line":43,"column":0},"end":{"line":43,"column":78}},"43":{"start":{"line":44,"column":0},"end":{"line":44,"column":4}},"45":{"start":{"line":46,"column":0},"end":{"line":46,"column":13}},"46":{"start":{"line":47,"column":0},"end":{"line":47,"column":1}},"56":{"start":{"line":57,"column":0},"end":{"line":57,"column":50}},"57":{"start":{"line":58,"column":0},"end":{"line":58,"column":8}},"58":{"start":{"line":59,"column":0},"end":{"line":59,"column":9}},"59":{"start":{"line":60,"column":0},"end":{"line":60,"column":13}},"60":{"start":{"line":61,"column":0},"end":{"line":61,"column":24}},"61":{"start":{"line":62,"column":0},"end":{"line":62,"column":11}},"62":{"start":{"line":63,"column":0},"end":{"line":63,"column":7}},"63":{"start":{"line":64,"column":0},"end":{"line":64,"column":68}},"64":{"start":{"line":65,"column":0},"end":{"line":65,"column":83}},"65":{"start":{"line":66,"column":0},"end":{"line":66,"column":71}},"66":{"start":{"line":67,"column":0},"end":{"line":67,"column":34}},"68":{"start":{"line":69,"column":0},"end":{"line":69,"column":34}},"69":{"start":{"line":70,"column":0},"end":{"line":70,"column":39}},"71":{"start":{"line":72,"column":0},"end":{"line":72,"column":47}},"72":{"start":{"line":73,"column":0},"end":{"line":73,"column":30}},"73":{"start":{"line":74,"column":0},"end":{"line":74,"column":5}},"74":{"start":{"line":75,"column":0},"end":{"line":75,"column":47}},"75":{"start":{"line":76,"column":0},"end":{"line":76,"column":49}},"76":{"start":{"line":77,"column":0},"end":{"line":77,"column":5}},"77":{"start":{"line":78,"column":0},"end":{"line":78,"column":47}},"78":{"start":{"line":79,"column":0},"end":{"line":79,"column":43}},"79":{"start":{"line":80,"column":0},"end":{"line":80,"column":5}},"80":{"start":{"line":81,"column":0},"end":{"line":81,"column":26}},"81":{"start":{"line":82,"column":0},"end":{"line":82,"column":22}},"82":{"start":{"line":83,"column":0},"end":{"line":83,"column":5}},"84":{"start":{"line":85,"column":0},"end":{"line":85,"column":27}},"85":{"start":{"line":86,"column":0},"end":{"line":86,"column":31}},"86":{"start":{"line":87,"column":0},"end":{"line":87,"column":48}},"87":{"start":{"line":88,"column":0},"end":{"line":88,"column":12}},"88":{"start":{"line":89,"column":0},"end":{"line":89,"column":13}},"89":{"start":{"line":90,"column":0},"end":{"line":90,"column":6}},"90":{"start":{"line":91,"column":0},"end":{"line":91,"column":64}},"92":{"start":{"line":93,"column":0},"end":{"line":93,"column":54}},"94":{"start":{"line":95,"column":0},"end":{"line":95,"column":47}},"95":{"start":{"line":96,"column":0},"end":{"line":96,"column":12}},"96":{"start":{"line":97,"column":0},"end":{"line":97,"column":12}},"97":{"start":{"line":98,"column":0},"end":{"line":98,"column":13}},"98":{"start":{"line":99,"column":0},"end":{"line":99,"column":25}},"99":{"start":{"line":100,"column":0},"end":{"line":100,"column":41}},"100":{"start":{"line":101,"column":0},"end":{"line":101,"column":5}},"101":{"start":{"line":102,"column":0},"end":{"line":102,"column":27}},"103":{"start":{"line":104,"column":0},"end":{"line":104,"column":76}},"104":{"start":{"line":105,"column":0},"end":{"line":105,"column":1}},"106":{"start":{"line":107,"column":0},"end":{"line":107,"column":45}},"107":{"start":{"line":108,"column":0},"end":{"line":108,"column":40}},"108":{"start":{"line":109,"column":0},"end":{"line":109,"column":30}},"109":{"start":{"line":110,"column":0},"end":{"line":110,"column":70}},"110":{"start":{"line":111,"column":0},"end":{"line":111,"column":3}},"111":{"start":{"line":112,"column":0},"end":{"line":112,"column":16}},"112":{"start":{"line":113,"column":0},"end":{"line":113,"column":1}}},"s":{"0":1,"1":1,"5":1,"7":1,"16":1,"17":82,"18":82,"19":82,"20":82,"21":82,"22":82,"24":82,"26":12,"27":13,"28":2,"29":2,"31":10,"33":10,"34":82,"35":82,"36":82,"37":82,"38":82,"40":82,"41":40,"42":40,"43":82,"45":82,"46":82,"56":1,"57":83,"58":83,"59":83,"60":83,"61":83,"62":83,"63":83,"64":83,"65":83,"66":83,"68":83,"69":82,"71":82,"72":2,"73":2,"74":82,"75":2,"76":2,"77":82,"78":2,"79":2,"80":82,"81":2,"82":2,"84":82,"85":82,"86":82,"87":82,"88":82,"89":82,"90":83,"92":83,"94":83,"95":80,"96":80,"97":80,"98":80,"99":80,"100":80,"101":83,"103":83,"104":83,"106":1,"107":111,"108":111,"109":2,"110":2,"111":109,"112":109},"branchMap":{"0":{"type":"branch","line":17,"loc":{"start":{"line":17,"column":23},"end":{"line":47,"column":1}},"locations":[{"start":{"line":17,"column":23},"end":{"line":47,"column":1}}]},"1":{"type":"branch","line":25,"loc":{"start":{"line":25,"column":14},"end":{"line":25,"column":48}},"locations":[{"start":{"line":25,"column":14},"end":{"line":25,"column":48}}]},"2":{"type":"branch","line":25,"loc":{"start":{"line":25,"column":21},"end":{"line":35,"column":29}},"locations":[{"start":{"line":25,"column":21},"end":{"line":35,"column":29}}]},"3":{"type":"branch","line":25,"loc":{"start":{"line":25,"column":21},"end":{"line":28,"column":40}},"locations":[{"start":{"line":25,"column":21},"end":{"line":28,"column":40}}]},"4":{"type":"branch","line":28,"loc":{"start":{"line":28,"column":40},"end":{"line":30,"column":3}},"locations":[{"start":{"line":28,"column":40},"end":{"line":30,"column":3}}]},"5":{"type":"branch","line":30,"loc":{"start":{"line":30,"column":2},"end":{"line":35,"column":29}},"locations":[{"start":{"line":30,"column":2},"end":{"line":35,"column":29}}]},"6":{"type":"branch","line":35,"loc":{"start":{"line":35,"column":18},"end":{"line":35,"column":34}},"locations":[{"start":{"line":35,"column":18},"end":{"line":35,"column":34}}]},"7":{"type":"branch","line":36,"loc":{"start":{"line":36,"column":9},"end":{"line":36,"column":29}},"locations":[{"start":{"line":36,"column":9},"end":{"line":36,"column":29}}]},"8":{"type":"branch","line":36,"loc":{"start":{"line":36,"column":18},"end":{"line":36,"column":34}},"locations":[{"start":{"line":36,"column":18},"end":{"line":36,"column":34}}]},"9":{"type":"branch","line":37,"loc":{"start":{"line":37,"column":9},"end":{"line":37,"column":27}},"locations":[{"start":{"line":37,"column":9},"end":{"line":37,"column":27}}]},"10":{"type":"branch","line":37,"loc":{"start":{"line":37,"column":17},"end":{"line":37,"column":32}},"locations":[{"start":{"line":37,"column":17},"end":{"line":37,"column":32}}]},"11":{"type":"branch","line":38,"loc":{"start":{"line":38,"column":9},"end":{"line":38,"column":35}},"locations":[{"start":{"line":38,"column":9},"end":{"line":38,"column":35}}]},"12":{"type":"branch","line":38,"loc":{"start":{"line":38,"column":21},"end":{"line":38,"column":40}},"locations":[{"start":{"line":38,"column":21},"end":{"line":38,"column":40}}]},"13":{"type":"branch","line":41,"loc":{"start":{"line":41,"column":20},"end":{"line":44,"column":3}},"locations":[{"start":{"line":41,"column":20},"end":{"line":44,"column":3}}]},"14":{"type":"branch","line":42,"loc":{"start":{"line":42,"column":12},"end":{"line":42,"column":18}},"locations":[{"start":{"line":42,"column":12},"end":{"line":42,"column":18}}]},"15":{"type":"branch","line":43,"loc":{"start":{"line":43,"column":63},"end":{"line":43,"column":77}},"locations":[{"start":{"line":43,"column":63},"end":{"line":43,"column":77}}]},"16":{"type":"branch","line":57,"loc":{"start":{"line":57,"column":48},"end":{"line":105,"column":1}},"locations":[{"start":{"line":57,"column":48},"end":{"line":105,"column":1}}]},"17":{"type":"branch","line":64,"loc":{"start":{"line":64,"column":36},"end":{"line":64,"column":68}},"locations":[{"start":{"line":64,"column":36},"end":{"line":64,"column":68}}]},"18":{"type":"branch","line":65,"loc":{"start":{"line":65,"column":40},"end":{"line":65,"column":83}},"locations":[{"start":{"line":65,"column":40},"end":{"line":65,"column":83}}]},"19":{"type":"branch","line":66,"loc":{"start":{"line":66,"column":36},"end":{"line":66,"column":71}},"locations":[{"start":{"line":66,"column":36},"end":{"line":66,"column":71}}]},"20":{"type":"branch","line":69,"loc":{"start":{"line":69,"column":27},"end":{"line":91,"column":5}},"locations":[{"start":{"line":69,"column":27},"end":{"line":91,"column":5}}]},"21":{"type":"branch","line":72,"loc":{"start":{"line":72,"column":15},"end":{"line":72,"column":46}},"locations":[{"start":{"line":72,"column":15},"end":{"line":72,"column":46}}]},"22":{"type":"branch","line":72,"loc":{"start":{"line":72,"column":46},"end":{"line":74,"column":5}},"locations":[{"start":{"line":72,"column":46},"end":{"line":74,"column":5}}]},"23":{"type":"branch","line":75,"loc":{"start":{"line":75,"column":15},"end":{"line":75,"column":46}},"locations":[{"start":{"line":75,"column":15},"end":{"line":75,"column":46}}]},"24":{"type":"branch","line":75,"loc":{"start":{"line":75,"column":46},"end":{"line":77,"column":5}},"locations":[{"start":{"line":75,"column":46},"end":{"line":77,"column":5}}]},"25":{"type":"branch","line":76,"loc":{"start":{"line":76,"column":23},"end":{"line":76,"column":32}},"locations":[{"start":{"line":76,"column":23},"end":{"line":76,"column":32}}]},"26":{"type":"branch","line":76,"loc":{"start":{"line":76,"column":32},"end":{"line":76,"column":41}},"locations":[{"start":{"line":76,"column":32},"end":{"line":76,"column":41}}]},"27":{"type":"branch","line":78,"loc":{"start":{"line":78,"column":15},"end":{"line":78,"column":46}},"locations":[{"start":{"line":78,"column":15},"end":{"line":78,"column":46}}]},"28":{"type":"branch","line":78,"loc":{"start":{"line":78,"column":46},"end":{"line":80,"column":5}},"locations":[{"start":{"line":78,"column":46},"end":{"line":80,"column":5}}]},"29":{"type":"branch","line":79,"loc":{"start":{"line":79,"column":26},"end":{"line":79,"column":35}},"locations":[{"start":{"line":79,"column":26},"end":{"line":79,"column":35}}]},"30":{"type":"branch","line":79,"loc":{"start":{"line":79,"column":35},"end":{"line":79,"column":42}},"locations":[{"start":{"line":79,"column":35},"end":{"line":79,"column":42}}]},"31":{"type":"branch","line":81,"loc":{"start":{"line":81,"column":25},"end":{"line":83,"column":5}},"locations":[{"start":{"line":81,"column":25},"end":{"line":83,"column":5}}]},"32":{"type":"branch","line":87,"loc":{"start":{"line":87,"column":18},"end":{"line":87,"column":48}},"locations":[{"start":{"line":87,"column":18},"end":{"line":87,"column":48}}]},"33":{"type":"branch","line":93,"loc":{"start":{"line":93,"column":27},"end":{"line":93,"column":43}},"locations":[{"start":{"line":93,"column":27},"end":{"line":93,"column":43}}]},"34":{"type":"branch","line":95,"loc":{"start":{"line":95,"column":24},"end":{"line":102,"column":5}},"locations":[{"start":{"line":95,"column":24},"end":{"line":102,"column":5}}]},"35":{"type":"branch","line":107,"loc":{"start":{"line":107,"column":22},"end":{"line":113,"column":1}},"locations":[{"start":{"line":107,"column":22},"end":{"line":113,"column":1}}]},"36":{"type":"branch","line":109,"loc":{"start":{"line":109,"column":29},"end":{"line":111,"column":3}},"locations":[{"start":{"line":109,"column":29},"end":{"line":111,"column":3}}]},"37":{"type":"branch","line":111,"loc":{"start":{"line":111,"column":2},"end":{"line":113,"column":1}},"locations":[{"start":{"line":111,"column":2},"end":{"line":113,"column":1}}]}},"b":{"0":[82],"1":[70],"2":[13],"3":[12],"4":[2],"5":[10],"6":[0],"7":[10],"8":[0],"9":[10],"10":[0],"11":[10],"12":[0],"13":[40],"14":[0],"15":[32],"16":[83],"17":[80],"18":[80],"19":[80],"20":[82],"21":[2],"22":[2],"23":[80],"24":[2],"25":[1],"26":[1],"27":[80],"28":[2],"29":[0],"30":[0],"31":[2],"32":[0],"33":[160],"34":[80],"35":[111],"36":[2],"37":[109]},"fnMap":{"0":{"name":"makeProjection","decl":{"start":{"line":17,"column":23},"end":{"line":47,"column":1}},"loc":{"start":{"line":17,"column":23},"end":{"line":47,"column":1}},"line":17},"1":{"name":"MapProvider","decl":{"start":{"line":57,"column":48},"end":{"line":105,"column":1}},"loc":{"start":{"line":57,"column":48},"end":{"line":105,"column":1}},"line":57},"2":{"name":"useMapContext","decl":{"start":{"line":107,"column":22},"end":{"line":113,"column":1}},"loc":{"start":{"line":107,"column":22},"end":{"line":113,"column":1}},"line":107}},"f":{"0":82,"1":83,"2":111}}
,"/Users/nedyalkov/Projects/Personal/react-simple-maps/src/components/Marker.tsx": {"path":"/Users/nedyalkov/Projects/Personal/react-simple-maps/src/components/Marker.tsx","all":false,"statementMap":{"0":{"start":{"line":1,"column":0},"end":{"line":1,"column":59}},"2":{"start":{"line":3,"column":0},"end":{"line":3,"column":45}},"4":{"start":{"line":5,"column":0},"end":{"line":5,"column":52}},"5":{"start":{"line":6,"column":0},"end":{"line":6,"column":3}},"6":{"start":{"line":7,"column":0},"end":{"line":7,"column":5}},"7":{"start":{"line":8,"column":0},"end":{"line":8,"column":18}},"8":{"start":{"line":9,"column":0},"end":{"line":9,"column":15}},"9":{"start":{"line":10,"column":0},"end":{"line":10,"column":19}},"10":{"start":{"line":11,"column":0},"end":{"line":11,"column":19}},"11":{"start":{"line":12,"column":0},"end":{"line":12,"column":18}},"12":{"start":{"line":13,"column":0},"end":{"line":13,"column":16}},"13":{"start":{"line":14,"column":0},"end":{"line":14,"column":14}},"14":{"start":{"line":15,"column":0},"end":{"line":15,"column":13}},"15":{"start":{"line":16,"column":0},"end":{"line":16,"column":17}},"16":{"start":{"line":17,"column":0},"end":{"line":17,"column":21}},"17":{"start":{"line":18,"column":0},"end":{"line":18,"column":18}},"18":{"start":{"line":19,"column":0},"end":{"line":19,"column":6}},"19":{"start":{"line":20,"column":0},"end":{"line":20,"column":7}},"20":{"start":{"line":21,"column":0},"end":{"line":21,"column":8}},"21":{"start":{"line":22,"column":0},"end":{"line":22,"column":42}},"22":{"start":{"line":23,"column":0},"end":{"line":23,"column":51}},"23":{"start":{"line":24,"column":0},"end":{"line":24,"column":49}},"25":{"start":{"line":26,"column":0},"end":{"line":26,"column":51}},"26":{"start":{"line":27,"column":0},"end":{"line":27,"column":27}},"27":{"start":{"line":28,"column":0},"end":{"line":28,"column":17}},"28":{"start":{"line":29,"column":0},"end":{"line":29,"column":5}},"30":{"start":{"line":31,"column":0},"end":{"line":31,"column":34}},"32":{"start":{"line":33,"column":0},"end":{"line":33,"column":67}},"33":{"start":{"line":34,"column":0},"end":{"line":34,"column":20}},"34":{"start":{"line":35,"column":0},"end":{"line":35,"column":41}},"35":{"start":{"line":36,"column":0},"end":{"line":36,"column":5}},"37":{"start":{"line":38,"column":0},"end":{"line":38,"column":67}},"38":{"start":{"line":39,"column":0},"end":{"line":39,"column":21}},"39":{"start":{"line":40,"column":0},"end":{"line":40,"column":38}},"40":{"start":{"line":41,"column":0},"end":{"line":41,"column":41}},"41":{"start":{"line":42,"column":0},"end":{"line":42,"column":5}},"43":{"start":{"line":44,"column":0},"end":{"line":44,"column":62}},"44":{"start":{"line":45,"column":0},"end":{"line":45,"column":20}},"45":{"start":{"line":46,"column":0},"end":{"line":46,"column":31}},"46":{"start":{"line":47,"column":0},"end":{"line":47,"column":5}},"48":{"start":{"line":49,"column":0},"end":{"line":49,"column":61}},"49":{"start":{"line":50,"column":0},"end":{"line":50,"column":21}},"50":{"start":{"line":51,"column":0},"end":{"line":51,"column":38}},"51":{"start":{"line":52,"column":0},"end":{"line":52,"column":29}},"52":{"start":{"line":53,"column":0},"end":{"line":53,"column":5}},"54":{"start":{"line":55,"column":0},"end":{"line":55,"column":66}},"55":{"start":{"line":56,"column":0},"end":{"line":56,"column":22}},"56":{"start":{"line":57,"column":0},"end":{"line":57,"column":39}},"57":{"start":{"line":58,"column":0},"end":{"line":58,"column":5}},"59":{"start":{"line":60,"column":0},"end":{"line":60,"column":64}},"60":{"start":{"line":61,"column":0},"end":{"line":61,"column":23}},"61":{"start":{"line":62,"column":0},"end":{"line":62,"column":35}},"62":{"start":{"line":63,"column":0},"end":{"line":63,"column":5}},"64":{"start":{"line":65,"column":0},"end":{"line":65,"column":95}},"66":{"start":{"line":67,"column":0},"end":{"line":67,"column":84}},"68":{"start":{"line":69,"column":0},"end":{"line":69,"column":12}},"69":{"start":{"line":70,"column":0},"end":{"line":70,"column":8}},"70":{"start":{"line":71,"column":0},"end":{"line":71,"column":17}},"71":{"start":{"line":72,"column":0},"end":{"line":72,"column":43}},"72":{"start":{"line":73,"column":0},"end":{"line":73,"column":45}},"73":{"start":{"line":74,"column":0},"end":{"line":74,"column":39}},"74":{"start":{"line":75,"column":0},"end":{"line":75,"column":39}},"75":{"start":{"line":76,"column":0},"end":{"line":76,"column":29}},"76":{"start":{"line":77,"column":0},"end":{"line":77,"column":27}},"77":{"start":{"line":78,"column":0},"end":{"line":78,"column":37}},"78":{"start":{"line":79,"column":0},"end":{"line":79,"column":33}},"79":{"start":{"line":80,"column":0},"end":{"line":80,"column":28}},"80":{"start":{"line":81,"column":0},"end":{"line":81,"column":22}},"82":{"start":{"line":83,"column":0},"end":{"line":83,"column":18}},"83":{"start":{"line":84,"column":0},"end":{"line":84,"column":10}},"85":{"start":{"line":86,"column":0},"end":{"line":86,"column":3}},"86":{"start":{"line":87,"column":0},"end":{"line":87,"column":1}},"88":{"start":{"line":89,"column":0},"end":{"line":89,"column":29}},"90":{"start":{"line":91,"column":0},"end":{"line":91,"column":21}}},"s":{"0":1,"2":1,"4":1,"5":1,"6":23,"7":23,"8":23,"9":23,"10":23,"11":23,"12":23,"13":23,"14":23,"15":23,"16":23,"17":23,"18":23,"19":23,"20":23,"21":23,"22":23,"23":23,"25":23,"26":23,"27":1,"28":1,"30":22,"32":22,"33":2,"34":2,"35":2,"37":22,"38":2,"39":2,"40":2,"41":2,"43":22,"44":1,"45":1,"46":1,"48":22,"49":2,"50":2,"51":2,"52":2,"54":22,"55":4,"56":4,"57":4,"59":22,"60":1,"61":1,"62":1,"64":23,"66":23,"68":23,"69":23,"70":23,"71":23,"72":23,"73":23,"74":23,"75":23,"76":23,"77":23,"78":23,"79":23,"80":23,"82":23,"83":23,"85":23,"86":1,"88":1,"90":1},"branchMap":{"0":{"type":"branch","line":6,"loc":{"start":{"line":6,"column":2},"end":{"line":86,"column":3}},"locations":[{"start":{"line":6,"column":2},"end":{"line":86,"column":3}}]},"1":{"type":"branch","line":27,"loc":{"start":{"line":27,"column":26},"end":{"line":29,"column":5}},"locations":[{"start":{"line":27,"column":26},"end":{"line":29,"column":5}}]},"2":{"type":"branch","line":29,"loc":{"start":{"line":29,"column":4},"end":{"line":65,"column":38}},"locations":[{"start":{"line":29,"column":4},"end":{"line":65,"column":38}}]},"3":{"type":"branch","line":65,"loc":{"start":{"line":65,"column":25},"end":{"line":65,"column":51}},"locations":[{"start":{"line":65,"column":25},"end":{"line":65,"column":51}}]},"4":{"type":"branch","line":65,"loc":{"start":{"line":65,"column":38},"end":{"line":65,"column":86}},"locations":[{"start":{"line":65,"column":38},"end":{"line":65,"column":86}}]},"5":{"type":"branch","line":65,"loc":{"start":{"line":65,"column":51},"end":{"line":65,"column":75}},"locations":[{"start":{"line":65,"column":51},"end":{"line":65,"column":75}}]},"6":{"type":"branch","line":65,"loc":{"start":{"line":65,"column":63},"end":{"line":65,"column":86}},"locations":[{"start":{"line":65,"column":63},"end":{"line":65,"column":86}}]},"7":{"type":"branch","line":65,"loc":{"start":{"line":65,"column":75},"end":{"line":65,"column":95}},"locations":[{"start":{"line":65,"column":75},"end":{"line":65,"column":95}}]},"8":{"type":"branch","line":67,"loc":{"start":{"line":67,"column":26},"end":{"line":67,"column":42}},"locations":[{"start":{"line":67,"column":26},"end":{"line":67,"column":42}}]},"9":{"type":"branch","line":67,"loc":{"start":{"line":67,"column":26},"end":{"line":67,"column":84}},"locations":[{"start":{"line":67,"column":26},"end":{"line":67,"column":84}}]},"10":{"type":"branch","line":33,"loc":{"start":{"line":33,"column":4},"end":{"line":36,"column":5}},"locations":[{"start":{"line":33,"column":4},"end":{"line":36,"column":5}}]},"11":{"type":"branch","line":35,"loc":{"start":{"line":35,"column":24},"end":{"line":35,"column":41}},"locations":[{"start":{"line":35,"column":24},"end":{"line":35,"column":41}}]},"12":{"type":"branch","line":38,"loc":{"start":{"line":38,"column":4},"end":{"line":42,"column":5}},"locations":[{"start":{"line":38,"column":4},"end":{"line":42,"column":5}}]},"13":{"type":"branch","line":40,"loc":{"start":{"line":40,"column":21},"end":{"line":40,"column":38}},"locations":[{"start":{"line":40,"column":21},"end":{"line":40,"column":38}}]},"14":{"type":"branch","line":44,"loc":{"start":{"line":44,"column":4},"end":{"line":47,"column":5}},"locations":[{"start":{"line":44,"column":4},"end":{"line":47,"column":5}}]},"15":{"type":"branch","line":49,"loc":{"start":{"line":49,"column":4},"end":{"line":53,"column":5}},"locations":[{"start":{"line":49,"column":4},"end":{"line":53,"column":5}}]},"16":{"type":"branch","line":51,"loc":{"start":{"line":51,"column":21},"end":{"line":51,"column":38}},"locations":[{"start":{"line":51,"column":21},"end":{"line":51,"column":38}}]},"17":{"type":"branch","line":55,"loc":{"start":{"line":55,"column":4},"end":{"line":58,"column":5}},"locations":[{"start":{"line":55,"column":4},"end":{"line":58,"column":5}}]},"18":{"type":"branch","line":57,"loc":{"start":{"line":57,"column":23},"end":{"line":57,"column":39}},"locations":[{"start":{"line":57,"column":23},"end":{"line":57,"column":39}}]},"19":{"type":"branch","line":60,"loc":{"start":{"line":60,"column":4},"end":{"line":63,"column":5}},"locations":[{"start":{"line":60,"column":4},"end":{"line":63,"column":5}}]}},"b":{"0":[23],"1":[1],"2":[22],"3":[18],"4":[8],"5":[4],"6":[4],"7":[14],"8":[0],"9":[22],"10":[2],"11":[1],"12":[2],"13":[1],"14":[1],"15":[2],"16":[1],"17":[4],"18":[1],"19":[1]},"fnMap":{"0":{"name":"handleMouseEnter","decl":{"start":{"line":33,"column":4},"end":{"line":36,"column":5}},"loc":{"start":{"line":33,"column":4},"end":{"line":36,"column":5}},"line":33},"1":{"name":"handleMouseLeave","decl":{"start":{"line":38,"column":4},"end":{"line":42,"column":5}},"loc":{"start":{"line":38,"column":4},"end":{"line":42,"column":5}},"line":38},"2":{"name":"handleFocus","decl":{"start":{"line":44,"column":4},"end":{"line":47,"column":5}},"loc":{"start":{"line":44,"column":4},"end":{"line":47,"column":5}},"line":44},"3":{"name":"handleBlur","decl":{"start":{"line":49,"column":4},"end":{"line":53,"column":5}},"loc":{"start":{"line":49,"column":4},"end":{"line":53,"column":5}},"line":49},"4":{"name":"handleMouseDown","decl":{"start":{"line":55,"column":4},"end":{"line":58,"column":5}},"loc":{"start":{"line":55,"column":4},"end":{"line":58,"column":5}},"line":55},"5":{"name":"handleMouseUp","decl":{"start":{"line":60,"column":4},"end":{"line":63,"column":5}},"loc":{"start":{"line":60,"column":4},"end":{"line":63,"column":5}},"line":60}},"f":{"0":2,"1":2,"2":1,"3":2,"4":4,"5":1}}
,"/Users/nedyalkov/Projects/Personal/react-simple-maps/src/components/Sphere.tsx": {"path":"/Users/nedyalkov/Projects/Personal/react-simple-maps/src/components/Sphere.tsx","all":false,"statementMap":{"0":{"start":{"line":1,"column":0},"end":{"line":1,"column":59}},"2":{"start":{"line":3,"column":0},"end":{"line":3,"column":45}},"4":{"start":{"line":5,"column":0},"end":{"line":5,"column":55}},"5":{"start":{"line":6,"column":0},"end":{"line":6,"column":3}},"6":{"start":{"line":7,"column":0},"end":{"line":7,"column":5}},"7":{"start":{"line":8,"column":0},"end":{"line":8,"column":24}},"8":{"start":{"line":9,"column":0},"end":{"line":9,"column":27}},"9":{"start":{"line":10,"column":0},"end":{"line":10,"column":30}},"10":{"start":{"line":11,"column":0},"end":{"line":11,"column":24}},"11":{"start":{"line":12,"column":0},"end":{"line":12,"column":21}},"12":{"start":{"line":13,"column":0},"end":{"line":13,"column":18}},"13":{"start":{"line":14,"column":0},"end":{"line":14,"column":6}},"14":{"start":{"line":15,"column":0},"end":{"line":15,"column":7}},"15":{"start":{"line":16,"column":0},"end":{"line":16,"column":8}},"16":{"start":{"line":17,"column":0},"end":{"line":17,"column":36}},"17":{"start":{"line":18,"column":0},"end":{"line":18,"column":70}},"19":{"start":{"line":20,"column":0},"end":{"line":20,"column":12}},"20":{"start":{"line":21,"column":0},"end":{"line":21,"column":16}},"21":{"start":{"line":22,"column":0},"end":{"line":22,"column":14}},"22":{"start":{"line":23,"column":0},"end":{"line":23,"column":28}},"23":{"start":{"line":24,"column":0},"end":{"line":24,"column":41}},"24":{"start":{"line":25,"column":0},"end":{"line":25,"column":21}},"25":{"start":{"line":26,"column":0},"end":{"line":26,"column":15}},"26":{"start":{"line":27,"column":0},"end":{"line":27,"column":13}},"27":{"start":{"line":28,"column":0},"end":{"line":28,"column":19}},"28":{"start":{"line":29,"column":0},"end":{"line":29,"column":30}},"29":{"start":{"line":30,"column":0},"end":{"line":30,"column":21}},"30":{"start":{"line":31,"column":0},"end":{"line":31,"column":25}},"31":{"start":{"line":32,"column":0},"end":{"line":32,"column":35}},"32":{"start":{"line":33,"column":0},"end":{"line":33,"column":43}},"33":{"start":{"line":34,"column":0},"end":{"line":34,"column":47}},"34":{"start":{"line":35,"column":0},"end":{"line":35,"column":24}},"35":{"start":{"line":36,"column":0},"end":{"line":36,"column":10}},"36":{"start":{"line":37,"column":0},"end":{"line":37,"column":17}},"38":{"start":{"line":39,"column":0},"end":{"line":39,"column":3}},"39":{"start":{"line":40,"column":0},"end":{"line":40,"column":1}},"41":{"start":{"line":42,"column":0},"end":{"line":42,"column":29}},"43":{"start":{"line":44,"column":0},"end":{"line":44,"column":27}}},"s":{"0":1,"2":1,"4":1,"5":1,"6":10,"7":10,"8":10,"9":10,"10":10,"11":10,"12":10,"13":10,"14":10,"15":10,"16":10,"17":10,"19":10,"20":10,"21":10,"22":10,"23":10,"24":10,"25":10,"26":10,"27":10,"28":10,"29":10,"30":10,"31":10,"32":10,"33":10,"34":10,"35":10,"36":10,"38":10,"39":1,"41":1,"43":1},"branchMap":{"0":{"type":"branch","line":6,"loc":{"start":{"line":6,"column":2},"end":{"line":39,"column":3}},"locations":[{"start":{"line":6,"column":2},"end":{"line":39,"column":3}}]},"1":{"type":"branch","line":24,"loc":{"start":{"line":24,"column":21},"end":{"line":24,"column":39}},"locations":[{"start":{"line":24,"column":21},"end":{"line":24,"column":39}}]},"2":{"type":"branch","line":29,"loc":{"start":{"line":29,"column":13},"end":{"line":29,"column":30}},"locations":[{"start":{"line":29,"column":13},"end":{"line":29,"column":30}}]},"3":{"type":"branch","line":18,"loc":{"start":{"line":18,"column":31},"end":{"line":18,"column":63}},"locations":[{"start":{"line":18,"column":31},"end":{"line":18,"column":63}}]}},"b":{"0":[10],"1":[0],"2":[0],"3":[10]},"fnMap":{},"f":{}}
,"/Users/nedyalkov/Projects/Personal/react-simple-maps/src/components/ZoomPanProvider.tsx": {"path":"/Users/nedyalkov/Projects/Personal/react-simple-maps/src/components/ZoomPanProvider.tsx","all":false,"statementMap":{"0":{"start":{"line":1,"column":0},"end":{"line":1,"column":67}},"3":{"start":{"line":4,"column":0},"end":{"line":4,"column":79}},"5":{"start":{"line":6,"column":0},"end":{"line":6,"column":42}},"6":{"start":{"line":7,"column":0},"end":{"line":7,"column":7}},"7":{"start":{"line":8,"column":0},"end":{"line":8,"column":7}},"8":{"start":{"line":9,"column":0},"end":{"line":9,"column":7}},"9":{"start":{"line":10,"column":0},"end":{"line":10,"column":45}},"10":{"start":{"line":11,"column":0},"end":{"line":11,"column":1}},"17":{"start":{"line":18,"column":0},"end":{"line":18,"column":97}},"18":{"start":{"line":19,"column":0},"end":{"line":19,"column":84}},"19":{"start":{"line":20,"column":0},"end":{"line":20,"column":1}},"21":{"start":{"line":22,"column":0},"end":{"line":22,"column":53}},"22":{"start":{"line":23,"column":0},"end":{"line":23,"column":44}},"23":{"start":{"line":24,"column":0},"end":{"line":24,"column":30}},"24":{"start":{"line":25,"column":0},"end":{"line":25,"column":78}},"25":{"start":{"line":26,"column":0},"end":{"line":26,"column":3}},"26":{"start":{"line":27,"column":0},"end":{"line":27,"column":16}},"27":{"start":{"line":28,"column":0},"end":{"line":28,"column":1}}},"s":{"0":1,"3":1,"5":1,"6":1,"7":1,"8":1,"9":1,"10":1,"17":1,"18":17,"19":17,"21":1,"22":3,"23":3,"24":2,"25":2,"26":1,"27":1},"branchMap":{"0":{"type":"branch","line":18,"loc":{"start":{"line":18,"column":56},"end":{"line":20,"column":1}},"locations":[{"start":{"line":18,"column":56},"end":{"line":20,"column":1}}]},"1":{"type":"branch","line":22,"loc":{"start":{"line":22,"column":26},"end":{"line":28,"column":1}},"locations":[{"start":{"line":22,"column":26},"end":{"line":28,"column":1}}]},"2":{"type":"branch","line":24,"loc":{"start":{"line":24,"column":29},"end":{"line":26,"column":3}},"locations":[{"start":{"line":24,"column":29},"end":{"line":26,"column":3}}]},"3":{"type":"branch","line":26,"loc":{"start":{"line":26,"column":2},"end":{"line":28,"column":1}},"locations":[{"start":{"line":26,"column":2},"end":{"line":28,"column":1}}]}},"b":{"0":[17],"1":[3],"2":[2],"3":[1]},"fnMap":{"0":{"name":"ZoomPanProvider","decl":{"start":{"line":18,"column":56},"end":{"line":20,"column":1}},"loc":{"start":{"line":18,"column":56},"end":{"line":20,"column":1}},"line":18},"1":{"name":"useZoomPanContext","decl":{"start":{"line":22,"column":26},"end":{"line":28,"column":1}},"loc":{"start":{"line":22,"column":26},"end":{"line":28,"column":1}},"line":22}},"f":{"0":17,"1":3}}
,"/Users/nedyalkov/Projects/Personal/react-simple-maps/src/components/ZoomableGroup.tsx": {"path":"/Users/nedyalkov/Projects/Personal/react-simple-maps/src/components/ZoomableGroup.tsx","all":false,"statementMap":{"0":{"start":{"line":1,"column":0},"end":{"line":1,"column":34}},"2":{"start":{"line":3,"column":0},"end":{"line":3,"column":45}},"3":{"start":{"line":4,"column":0},"end":{"line":4,"column":51}},"4":{"start":{"line":5,"column":0},"end":{"line":5,"column":37}},"6":{"start":{"line":7,"column":0},"end":{"line":7,"column":66}},"7":{"start":{"line":8,"column":0},"end":{"line":8,"column":3}},"8":{"start":{"line":9,"column":0},"end":{"line":9,"column":5}},"9":{"start":{"line":10,"column":0},"end":{"line":10,"column":22}},"10":{"start":{"line":11,"column":0},"end":{"line":11,"column":15}},"11":{"start":{"line":12,"column":0},"end":{"line":12,"column":18}},"12":{"start":{"line":13,"column":0},"end":{"line":13,"column":18}},"13":{"start":{"line":14,"column":0},"end":{"line":14,"column":22}},"14":{"start":{"line":15,"column":0},"end":{"line":15,"column":22}},"15":{"start":{"line":16,"column":0},"end":{"line":16,"column":18}},"16":{"start":{"line":17,"column":0},"end":{"line":17,"column":13}},"17":{"start":{"line":18,"column":0},"end":{"line":18,"column":16}},"18":{"start":{"line":19,"column":0},"end":{"line":19,"column":21}},"19":{"start":{"line":20,"column":0},"end":{"line":20,"column":15}},"20":{"start":{"line":21,"column":0},"end":{"line":21,"column":18}},"21":{"start":{"line":22,"column":0},"end":{"line":22,"column":6}},"22":{"start":{"line":23,"column":0},"end":{"line":23,"column":7}},"23":{"start":{"line":24,"column":0},"end":{"line":24,"column":8}},"24":{"start":{"line":25,"column":0},"end":{"line":25,"column":45}},"26":{"start":{"line":27,"column":0},"end":{"line":27,"column":62}},"27":{"start":{"line":28,"column":0},"end":{"line":28,"column":13}},"28":{"start":{"line":29,"column":0},"end":{"line":29,"column":50}},"29":{"start":{"line":30,"column":0},"end":{"line":30,"column":42}},"30":{"start":{"line":31,"column":0},"end":{"line":31,"column":32}},"31":{"start":{"line":32,"column":0},"end":{"line":32,"column":38}},"32":{"start":{"line":33,"column":0},"end":{"line":33,"column":38}},"33":{"start":{"line":34,"column":0},"end":{"line":34,"column":50}},"34":{"start":{"line":35,"column":0},"end":{"line":35,"column":11}},"35":{"start":{"line":36,"column":0},"end":{"line":36,"column":6}},"37":{"start":{"line":38,"column":0},"end":{"line":38,"column":12}},"38":{"start":{"line":39,"column":0},"end":{"line":39,"column":96}},"39":{"start":{"line":40,"column":0},"end":{"line":40,"column":24}},"40":{"start":{"line":41,"column":0},"end":{"line":41,"column":67}},"41":{"start":{"line":42,"column":0},"end":{"line":42,"column":12}},"42":{"start":{"line":43,"column":0},"end":{"line":43,"column":21}},"43":{"start":{"line":44,"column":0},"end":{"line":44,"column":39}},"44":{"start":{"line":45,"column":0},"end":{"line":45,"column":57}},"45":{"start":{"line":46,"column":0},"end":{"line":46,"column":26}},"47":{"start":{"line":48,"column":0},"end":{"line":48,"column":22}},"48":{"start":{"line":49,"column":0},"end":{"line":49,"column":14}},"49":{"start":{"line":50,"column":0},"end":{"line":50,"column":12}},"50":{"start":{"line":51,"column":0},"end":{"line":51,"column":24}},"52":{"start":{"line":53,"column":0},"end":{"line":53,"column":3}},"53":{"start":{"line":54,"column":0},"end":{"line":54,"column":1}},"55":{"start":{"line":56,"column":0},"end":{"line":56,"column":43}},"57":{"start":{"line":58,"column":0},"end":{"line":58,"column":28}}},"s":{"0":1,"2":1,"3":1,"4":1,"6":1,"7":1,"8":13,"9":13,"10":13,"11":13,"12":13,"13":13,"14":13,"15":13,"16":13,"17":13,"18":13,"19":13,"20":13,"21":13,"22":13,"23":13,"24":13,"26":13,"27":13,"28":13,"29":13,"30":13,"31":13,"32":13,"33":13,"34":13,"35":13,"37":13,"38":13,"39":13,"40":13,"41":13,"42":13,"43":13,"44":13,"45":13,"47":13,"48":13,"49":13,"50":13,"52":13,"53":1,"55":1,"57":1},"branchMap":{"0":{"type":"branch","line":8,"loc":{"start":{"line":8,"column":2},"end":{"line":53,"column":3}},"locations":[{"start":{"line":8,"column":2},"end":{"line":53,"column":3}}]},"1":{"type":"branch","line":29,"loc":{"start":{"line":29,"column":10},"end":{"line":29,"column":50}},"locations":[{"start":{"line":29,"column":10},"end":{"line":29,"column":50}}]},"2":{"type":"branch","line":30,"loc":{"start":{"line":30,"column":10},"end":{"line":30,"column":42}},"locations":[{"start":{"line":30,"column":10},"end":{"line":30,"column":42}}]},"3":{"type":"branch","line":31,"loc":{"start":{"line":31,"column":10},"end":{"line":31,"column":32}},"locations":[{"start":{"line":31,"column":10},"end":{"line":31,"column":32}}]},"4":{"type":"branch","line":32,"loc":{"start":{"line":32,"column":10},"end":{"line":32,"column":38}},"locations":[{"start":{"line":32,"column":10},"end":{"line":32,"column":38}}]},"5":{"type":"branch","line":34,"loc":{"start":{"line":34,"column":10},"end":{"line":34,"column":50}},"locations":[{"start":{"line":34,"column":10},"end":{"line":34,"column":50}}]}},"b":{"0":[13],"1":[1],"2":[1],"3":[1],"4":[1],"5":[1]},"fnMap":{},"f":{}}
,"/Users/nedyalkov/Projects/Personal/react-simple-maps/src/components/useGeographies.tsx": {"path":"/Users/nedyalkov/Projects/Personal/react-simple-maps/src/components/useGeographies.tsx","all":false,"statementMap":{"0":{"start":{"line":1,"column":0},"end":{"line":1,"column":52}},"2":{"start":{"line":3,"column":0},"end":{"line":3,"column":45}},"5":{"start":{"line":6,"column":0},"end":{"line":6,"column":8}},"22":{"start":{"line":23,"column":0},"end":{"line":23,"column":40}},"23":{"start":{"line":24,"column":0},"end":{"line":24,"column":12}},"24":{"start":{"line":25,"column":0},"end":{"line":25,"column":19}},"25":{"start":{"line":26,"column":0},"end":{"line":26,"column":40}},"26":{"start":{"line":27,"column":0},"end":{"line":27,"column":34}},"27":{"start":{"line":28,"column":0},"end":{"line":28,"column":59}},"29":{"start":{"line":30,"column":0},"end":{"line":30,"column":19}},"30":{"start":{"line":31,"column":0},"end":{"line":31,"column":45}},"32":{"start":{"line":33,"column":0},"end":{"line":33,"column":26}},"34":{"start":{"line":35,"column":0},"end":{"line":35,"column":30}},"35":{"start":{"line":36,"column":0},"end":{"line":36,"column":50}},"36":{"start":{"line":37,"column":0},"end":{"line":37,"column":19}},"37":{"start":{"line":38,"column":0},"end":{"line":38,"column":21}},"38":{"start":{"line":39,"column":0},"end":{"line":39,"column":61}},"39":{"start":{"line":40,"column":0},"end":{"line":40,"column":32}},"40":{"start":{"line":41,"column":0},"end":{"line":41,"column":12}},"41":{"start":{"line":42,"column":0},"end":{"line":42,"column":9}},"42":{"start":{"line":43,"column":0},"end":{"line":43,"column":8}},"43":{"start":{"line":44,"column":0},"end":{"line":44,"column":12}},"44":{"start":{"line":45,"column":0},"end":{"line":45,"column":17}},"45":{"start":{"line":46,"column":0},"end":{"line":46,"column":62}},"46":{"start":{"line":47,"column":0},"end":{"line":47,"column":33}},"47":{"start":{"line":48,"column":0},"end":{"line":48,"column":8}},"48":{"start":{"line":49,"column":0},"end":{"line":49,"column":5}},"49":{"start":{"line":50,"column":0},"end":{"line":50,"column":35}},"51":{"start":{"line":52,"column":0},"end":{"line":52,"column":59}},"52":{"start":{"line":53,"column":0},"end":{"line":53,"column":64}},"53":{"start":{"line":54,"column":0},"end":{"line":54,"column":70}},"54":{"start":{"line":55,"column":0},"end":{"line":55,"column":12}},"55":{"start":{"line":56,"column":0},"end":{"line":56,"column":61}},"56":{"start":{"line":57,"column":0},"end":{"line":57,"column":36}},"57":{"start":{"line":58,"column":0},"end":{"line":58,"column":36}},"58":{"start":{"line":59,"column":0},"end":{"line":59,"column":5}},"59":{"start":{"line":60,"column":0},"end":{"line":60,"column":20}},"61":{"start":{"line":62,"column":0},"end":{"line":62,"column":42}},"62":{"start":{"line":63,"column":0},"end":{"line":63,"column":1}}},"s":{"0":1,"2":1,"5":1,"22":10,"23":10,"24":10,"25":10,"26":10,"27":10,"29":10,"30":8,"32":8,"34":8,"35":6,"36":6,"37":6,"38":6,"39":6,"40":6,"41":6,"42":6,"43":8,"44":2,"45":2,"46":2,"47":2,"48":2,"49":10,"51":10,"52":10,"53":10,"54":10,"55":10,"56":10,"57":10,"58":10,"59":10,"61":10,"62":10},"branchMap":{"0":{"type":"branch","line":23,"loc":{"start":{"line":23,"column":0},"end":{"line":63,"column":1}},"locations":[{"start":{"line":23,"column":0},"end":{"line":63,"column":1}}]},"1":{"type":"branch","line":30,"loc":{"start":{"line":30,"column":12},"end":{"line":50,"column":5}},"locations":[{"start":{"line":30,"column":12},"end":{"line":50,"column":5}}]},"2":{"type":"branch","line":31,"loc":{"start":{"line":31,"column":39},"end":{"line":31,"column":45}},"locations":[{"start":{"line":31,"column":39},"end":{"line":31,"column":45}}]},"3":{"type":"branch","line":33,"loc":{"start":{"line":33,"column":20},"end":{"line":33,"column":26}},"locations":[{"start":{"line":33,"column":20},"end":{"line":33,"column":26}}]},"4":{"type":"branch","line":35,"loc":{"start":{"line":35,"column":29},"end":{"line":44,"column":11}},"locations":[{"start":{"line":35,"column":29},"end":{"line":44,"column":11}}]},"5":{"type":"branch","line":44,"loc":{"start":{"line":44,"column":4},"end":{"line":49,"column":5}},"locations":[{"start":{"line":44,"column":4},"end":{"line":49,"column":5}}]},"6":{"type":"branch","line":36,"loc":{"start":{"line":36,"column":39},"end":{"line":43,"column":7}},"locations":[{"start":{"line":36,"column":39},"end":{"line":43,"column":7}}]},"7":{"type":"branch","line":52,"loc":{"start":{"line":52,"column":52},"end":{"line":60,"column":5}},"locations":[{"start":{"line":52,"column":52},"end":{"line":60,"column":5}}]},"8":{"type":"branch","line":53,"loc":{"start":{"line":53,"column":24},"end":{"line":53,"column":64}},"locations":[{"start":{"line":53,"column":24},"end":{"line":53,"column":64}}]}},"b":{"0":[10],"1":[8],"2":[0],"3":[0],"4":[6],"5":[2],"6":[6],"7":[10],"8":[9]},"fnMap":{"0":{"name":"useGeographies","decl":{"start":{"line":23,"column":0},"end":{"line":63,"column":1}},"loc":{"start":{"line":23,"column":0},"end":{"line":63,"column":1}},"line":23}},"f":{"0":10}}
,"/Users/nedyalkov/Projects/Personal/react-simple-maps/src/components/useZoomPan.tsx": {"path":"/Users/nedyalkov/Projects/Personal/react-simple-maps/src/components/useZoomPan.tsx","all":false,"statementMap":{"0":{"start":{"line":1,"column":0},"end":{"line":1,"column":51}},"1":{"start":{"line":2,"column":0},"end":{"line":2,"column":86}},"2":{"start":{"line":3,"column":0},"end":{"line":3,"column":49}},"3":{"start":{"line":4,"column":0},"end":{"line":4,"column":45}},"4":{"start":{"line":5,"column":0},"end":{"line":5,"column":36}},"22":{"start":{"line":23,"column":0},"end":{"line":23,"column":36}},"23":{"start":{"line":24,"column":0},"end":{"line":24,"column":9}},"24":{"start":{"line":25,"column":0},"end":{"line":25,"column":18}},"25":{"start":{"line":26,"column":0},"end":{"line":26,"column":14}},"26":{"start":{"line":27,"column":0},"end":{"line":27,"column":12}},"27":{"start":{"line":28,"column":0},"end":{"line":28,"column":9}},"28":{"start":{"line":29,"column":0},"end":{"line":29,"column":21}},"29":{"start":{"line":30,"column":0},"end":{"line":30,"column":27}},"30":{"start":{"line":31,"column":0},"end":{"line":31,"column":25}},"31":{"start":{"line":32,"column":0},"end":{"line":32,"column":4}},"32":{"start":{"line":33,"column":0},"end":{"line":33,"column":23}},"33":{"start":{"line":34,"column":0},"end":{"line":34,"column":11}},"34":{"start":{"line":35,"column":0},"end":{"line":35,"column":25}},"35":{"start":{"line":36,"column":0},"end":{"line":36,"column":55}},"37":{"start":{"line":38,"column":0},"end":{"line":38,"column":27}},"38":{"start":{"line":39,"column":0},"end":{"line":39,"column":74}},"39":{"start":{"line":40,"column":0},"end":{"line":40,"column":65}},"40":{"start":{"line":41,"column":0},"end":{"line":41,"column":42}},"41":{"start":{"line":42,"column":0},"end":{"line":42,"column":83}},"42":{"start":{"line":43,"column":0},"end":{"line":43,"column":36}},"44":{"start":{"line":45,"column":0},"end":{"line":45,"column":32}},"45":{"start":{"line":46,"column":0},"end":{"line":46,"column":20}},"46":{"start":{"line":47,"column":0},"end":{"line":47,"column":20}},"47":{"start":{"line":48,"column":0},"end":{"line":48,"column":40}},"49":{"start":{"line":50,"column":0},"end":{"line":50,"column":19}},"50":{"start":{"line":51,"column":0},"end":{"line":51,"column":31}},"52":{"start":{"line":53,"column":0},"end":{"line":53,"column":40}},"54":{"start":{"line":55,"column":0},"end":{"line":55,"column":44}},"55":{"start":{"line":56,"column":0},"end":{"line":56,"column":54}},"56":{"start":{"line":57,"column":0},"end":{"line":57,"column":64}},"57":{"start":{"line":58,"column":0},"end":{"line":58,"column":50}},"58":{"start":{"line":59,"column":0},"end":{"line":59,"column":21}},"59":{"start":{"line":60,"column":0},"end":{"line":60,"column":20}},"60":{"start":{"line":61,"column":0},"end":{"line":61,"column":11}},"61":{"start":{"line":62,"column":0},"end":{"line":62,"column":54}},"62":{"start":{"line":63,"column":0},"end":{"line":63,"column":38}},"63":{"start":{"line":64,"column":0},"end":{"line":64,"column":12}},"64":{"start":{"line":65,"column":0},"end":{"line":65,"column":17}},"65":{"start":{"line":66,"column":0},"end":{"line":66,"column":9}},"66":{"start":{"line":67,"column":0},"end":{"line":67,"column":7}},"67":{"start":{"line":68,"column":0},"end":{"line":68,"column":5}},"69":{"start":{"line":70,"column":0},"end":{"line":70,"column":39}},"70":{"start":{"line":71,"column":0},"end":{"line":71,"column":38}},"71":{"start":{"line":72,"column":0},"end":{"line":72,"column":48}},"72":{"start":{"line":73,"column":0},"end":{"line":73,"column":19}},"73":{"start":{"line":74,"column":0},"end":{"line":74,"column":23}},"74":{"start":{"line":75,"column":0},"end":{"line":75,"column":23}},"75":{"start":{"line":76,"column":0},"end":{"line":76,"column":23}},"76":{"start":{"line":77,"column":0},"end":{"line":77,"column":30}},"77":{"start":{"line":78,"column":0},"end":{"line":78,"column":8}},"78":{"start":{"line":79,"column":0},"end":{"line":79,"column":25}},"79":{"start":{"line":80,"column":0},"end":{"line":80,"column":56}},"80":{"start":{"line":81,"column":0},"end":{"line":81,"column":50}},"81":{"start":{"line":82,"column":0},"end":{"line":82,"column":21}},"82":{"start":{"line":83,"column":0},"end":{"line":83,"column":15}},"83":{"start":{"line":84,"column":0},"end":{"line":84,"column":11}},"84":{"start":{"line":85,"column":0},"end":{"line":85,"column":54}},"85":{"start":{"line":86,"column":0},"end":{"line":86,"column":30}},"86":{"start":{"line":87,"column":0},"end":{"line":87,"column":12}},"87":{"start":{"line":88,"column":0},"end":{"line":88,"column":17}},"88":{"start":{"line":89,"column":0},"end":{"line":89,"column":9}},"89":{"start":{"line":90,"column":0},"end":{"line":90,"column":7}},"90":{"start":{"line":91,"column":0},"end":{"line":91,"column":5}},"92":{"start":{"line":93,"column":0},"end":{"line":93,"column":42}},"93":{"start":{"line":94,"column":0},"end":{"line":94,"column":33}},"94":{"start":{"line":95,"column":0},"end":{"line":95,"column":36}},"95":{"start":{"line":96,"column":0},"end":{"line":96,"column":14}},"96":{"start":{"line":97,"column":0},"end":{"line":97,"column":7}},"97":{"start":{"line":98,"column":0},"end":{"line":98,"column":64}},"98":{"start":{"line":99,"column":0},"end":{"line":99,"column":50}},"99":{"start":{"line":100,"column":0},"end":{"line":100,"column":21}},"100":{"start":{"line":101,"column":0},"end":{"line":101,"column":31}},"101":{"start":{"line":102,"column":0},"end":{"line":102,"column":63}},"102":{"start":{"line":103,"column":0},"end":{"line":103,"column":30}},"103":{"start":{"line":104,"column":0},"end":{"line":104,"column":78}},"104":{"start":{"line":105,"column":0},"end":{"line":105,"column":7}},"105":{"start":{"line":106,"column":0},"end":{"line":106,"column":5}},"107":{"start":{"line":108,"column":0},"end":{"line":108,"column":39}},"108":{"start":{"line":109,"column":0},"end":{"line":109,"column":28}},"109":{"start":{"line":110,"column":0},"end":{"line":110,"column":39}},"110":{"start":{"line":111,"column":0},"end":{"line":111,"column":7}},"111":{"start":{"line":112,"column":0},"end":{"line":112,"column":66}},"112":{"start":{"line":113,"column":0},"end":{"line":113,"column":5}},"114":{"start":{"line":115,"column":0},"end":{"line":115,"column":55}},"115":{"start":{"line":116,"column":0},"end":{"line":116,"column":25}},"116":{"start":{"line":117,"column":0},"end":{"line":117,"column":38}},"117":{"start":{"line":118,"column":0},"end":{"line":118,"column":24}},"118":{"start":{"line":119,"column":0},"end":{"line":119,"column":17}},"119":{"start":{"line":120,"column":0},"end":{"line":120,"column":17}},"120":{"start":{"line":121,"column":0},"end":{"line":121,"column":8}},"121":{"start":{"line":122,"column":0},"end":{"line":122,"column":35}},"122":{"start":{"line":123,"column":0},"end":{"line":123,"column":29}},"123":{"start":{"line":124,"column":0},"end":{"line":124,"column":31}},"125":{"start":{"line":126,"column":0},"end":{"line":126,"column":34}},"126":{"start":{"line":127,"column":0},"end":{"line":127,"column":26}},"127":{"start":{"line":128,"column":0},"end":{"line":128,"column":6}},"128":{"start":{"line":129,"column":0},"end":{"line":129,"column":10}},"129":{"start":{"line":130,"column":0},"end":{"line":130,"column":11}},"130":{"start":{"line":131,"column":0},"end":{"line":131,"column":7}},"131":{"start":{"line":132,"column":0},"end":{"line":132,"column":7}},"132":{"start":{"line":133,"column":0},"end":{"line":133,"column":7}},"133":{"start":{"line":134,"column":0},"end":{"line":134,"column":7}},"134":{"start":{"line":135,"column":0},"end":{"line":135,"column":12}},"135":{"start":{"line":136,"column":0},"end":{"line":136,"column":12}},"136":{"start":{"line":137,"column":0},"end":{"line":137,"column":15}},"137":{"start":{"line":138,"column":0},"end":{"line":138,"column":16}},"138":{"start":{"line":139,"column":0},"end":{"line":139,"column":11}},"139":{"start":{"line":140,"column":0},"end":{"line":140,"column":14}},"140":{"start":{"line":141,"column":0},"end":{"line":141,"column":20}},"141":{"start":{"line":142,"column":0},"end":{"line":142,"column":4}},"143":{"start":{"line":144,"column":0},"end":{"line":144,"column":19}},"144":{"start":{"line":145,"column":0},"end":{"line":145,"column":8}},"145":{"start":{"line":146,"column":0},"end":{"line":146,"column":39}},"146":{"start":{"line":147,"column":0},"end":{"line":147,"column":39}},"147":{"start":{"line":148,"column":0},"end":{"line":148,"column":37}},"149":{"start":{"line":150,"column":0},"end":{"line":150,"column":12}},"151":{"start":{"line":152,"column":0},"end":{"line":152,"column":41}},"152":{"start":{"line":153,"column":0},"end":{"line":153,"column":62}},"154":{"start":{"line":155,"column":0},"end":{"line":155,"column":30}},"155":{"start":{"line":156,"column":0},"end":{"line":156,"column":30}},"156":{"start":{"line":157,"column":0},"end":{"line":157,"column":40}},"158":{"start":{"line":159,"column":0},"end":{"line":159,"column":31}},"160":{"start":{"line":161,"column":0},"end":{"line":161,"column":13}},"161":{"start":{"line":162,"column":0},"end":{"line":162,"column":32}},"162":{"start":{"line":163,"column":0},"end":{"line":163,"column":73}},"163":{"start":{"line":164,"column":0},"end":{"line":164,"column":5}},"164":{"start":{"line":165,"column":0},"end":{"line":165,"column":65}},"166":{"start":{"line":167,"column":0},"end":{"line":167,"column":54}},"167":{"start":{"line":168,"column":0},"end":{"line":168,"column":49}},"169":{"start":{"line":170,"column":0},"end":{"line":170,"column":10}},"170":{"start":{"line":171,"column":0},"end":{"line":171,"column":11}},"171":{"start":{"line":172,"column":0},"end":{"line":172,"column":13}},"172":{"start":{"line":173,"column":0},"end":{"line":173,"column":83}},"173":{"start":{"line":174,"column":0},"end":{"line":174,"column":3}},"174":{"start":{"line":175,"column":0},"end":{"line":175,"column":1}}},"s":{"0":1,"1":1,"2":1,"3":1,"4":1,"22":13,"23":13,"24":13,"25":13,"26":13,"27":13,"28":13,"29":13,"30":13,"31":13,"32":13,"33":13,"34":13,"35":13,"37":13,"38":13,"39":13,"40":13,"41":13,"42":13,"44":13,"45":13,"46":13,"47":13,"49":13,"50":11,"52":11,"54":11,"55":0,"56":0,"57":0,"58":0,"59":0,"60":0,"61":0,"62":0,"63":0,"64":0,"65":0,"66":0,"67":0,"69":11,"70":0,"71":0,"72":0,"73":0,"74":0,"75":0,"76":0,"77":0,"78":0,"79":0,"80":0,"81":0,"82":0,"83":0,"84":0,"85":0,"86":0,"87":0,"88":0,"89":0,"90":0,"92":11,"93":0,"94":0,"95":0,"96":0,"97":0,"98":0,"99":0,"100":0,"101":0,"102":0,"103":0,"104":0,"105":0,"107":11,"108":0,"109":0,"110":0,"111":0,"112":0,"114":11,"115":11,"116":11,"117":11,"118":11,"119":11,"120":11,"121":11,"122":11,"123":11,"125":11,"126":11,"127":13,"128":13,"129":13,"130":13,"131":13,"132":13,"133":13,"134":13,"135":13,"136":13,"137":13,"138":13,"139":13,"140":13,"141":13,"143":13,"144":11,"145":11,"146":10,"147":10,"149":11,"151":2,"152":11,"154":2,"155":2,"156":2,"158":2,"160":2,"161":2,"162":2,"163":2,"164":2,"166":2,"167":13,"169":13,"170":13,"171":13,"172":13,"173":13,"174":13},"branchMap":{"0":{"type":"branch","line":23,"loc":{"start":{"line":23,"column":0},"end":{"line":175,"column":1}},"locations":[{"start":{"line":23,"column":0},"end":{"line":175,"column":1}}]},"1":{"type":"branch","line":50,"loc":{"start":{"line":50,"column":12},"end":{"line":128,"column":5}},"locations":[{"start":{"line":50,"column":12},"end":{"line":128,"column":5}}]},"2":{"type":"branch","line":51,"loc":{"start":{"line":51,"column":25},"end":{"line":51,"column":31}},"locations":[{"start":{"line":51,"column":25},"end":{"line":51,"column":31}}]},"3":{"type":"branch","line":144,"loc":{"start":{"line":144,"column":12},"end":{"line":168,"column":5}},"locations":[{"start":{"line":144,"column":12},"end":{"line":168,"column":5}}]},"4":{"type":"branch","line":146,"loc":{"start":{"line":146,"column":35},"end":{"line":147,"column":39}},"locations":[{"start":{"line":146,"column":35},"end":{"line":147,"column":39}}]},"5":{"type":"branch","line":147,"loc":{"start":{"line":147,"column":35},"end":{"line":148,"column":37}},"locations":[{"start":{"line":147,"column":35},"end":{"line":148,"column":37}}]},"6":{"type":"branch","line":150,"loc":{"start":{"line":150,"column":6},"end":{"line":150,"column":12}},"locations":[{"start":{"line":150,"column":6},"end":{"line":150,"column":12}}]},"7":{"type":"branch","line":150,"loc":{"start":{"line":150,"column":6},"end":{"line":153,"column":38}},"locations":[{"start":{"line":150,"column":6},"end":{"line":153,"column":38}}]},"8":{"type":"branch","line":153,"loc":{"start":{"line":153,"column":27},"end":{"line":153,"column":56}},"locations":[{"start":{"line":153,"column":27},"end":{"line":153,"column":56}}]},"9":{"type":"branch","line":153,"loc":{"start":{"line":153,"column":56},"end":{"line":153,"column":62}},"locations":[{"start":{"line":153,"column":56},"end":{"line":153,"column":62}}]},"10":{"type":"branch","line":153,"loc":{"start":{"line":153,"column":56},"end":{"line":167,"column":54}},"locations":[{"start":{"line":153,"column":56},"end":{"line":167,"column":54}}]}},"b":{"0":[13],"1":[11],"2":[0],"3":[11],"4":[10],"5":[10],"6":[9],"7":[2],"8":[2],"9":[0],"10":[2]},"fnMap":{"0":{"name":"useZoomPan","decl":{"start":{"line":23,"column":0},"end":{"line":175,"column":1}},"loc":{"start":{"line":23,"column":0},"end":{"line":175,"column":1}},"line":23},"1":{"name":"handleZoomStart","decl":{"start":{"line":55,"column":4},"end":{"line":68,"column":5}},"loc":{"start":{"line":55,"column":4},"end":{"line":68,"column":5}},"line":55},"2":{"name":"handleZoom","decl":{"start":{"line":70,"column":4},"end":{"line":91,"column":5}},"loc":{"start":{"line":70,"column":4},"end":{"line":91,"column":5}},"line":70},"3":{"name":"handleZoomEnd","decl":{"start":{"line":93,"column":4},"end":{"line":106,"column":5}},"loc":{"start":{"line":93,"column":4},"end":{"line":106,"column":5}},"line":93},"4":{"name":"filterFunc","decl":{"start":{"line":108,"column":4},"end":{"line":113,"column":5}},"loc":{"start":{"line":108,"column":4},"end":{"line":113,"column":5}},"line":108}},"f":{"0":13,"1":0,"2":0,"3":0,"4":0}}
}
